#
# A fatal error has been detected by the Java Runtime Environment:
#
#  EXCEPTION_ACCESS_VIOLATION (0xc0000005) at pc=0x000000006289e023, pid=12656, tid=0x0000000000000414
#
# JRE version: Java(TM) SE Runtime Environment (8.0_191-b12) (build 1.8.0_191-b12)
# Java VM: Java HotSpot(TM) 64-Bit Server VM (25.191-b12 mixed mode windows-amd64 compressed oops)
# Problematic frame:
# V  [jvm.dll+0xfe023]
#
# Failed to write core dump. Minidumps are not enabled by default on client versions of Windows
#
# If you would like to submit a bug report, please visit:
#   http://bugreport.java.com/bugreport/crash.jsp
#

---------------  T H R E A D  ---------------

Current thread (0x0000000017ef7000):  VMThread [stack: 0x00000000195a0000,0x00000000196a0000] [id=1044]

siginfo: ExceptionCode=0xc0000005, reading address 0xffffffffffffffff

Registers:
RAX=0x0000000000000009, RBX=0x000000001969ef70, RCX=0x000000001969ef70, RDX=0xffffffffffffcb49
RSP=0x000000001969ed20, RBP=0x000000001969ed90, RSI=0x000000001969ef70, RDI=0x00000000000000a5
R8 =0x0000000000000009, R9 =0x0000000017dc54a0, R10=0x03ffffffffffff2d, R11=0x0000000017962231
R12=0x0000000000000000, R13=0x000000006289e000, R14=0x0000000000000099, R15=0x0000000000000001
RIP=0x000000006289e023, EFLAGS=0x0000000000010216

Top of Stack: (sp=0x000000001969ed20)
0x000000001969ed20:   000000001969ef70 000000001969ed90
0x000000001969ed30:   0000000000000099 000000006285275e
0x000000001969ed40:   000000001969ef70 000000006289fe09
0x000000001969ed50:   00001e72a726b0ca 000000001969ef70
0x000000001969ed60:   000000001969ef70 000000006289f8e6
0x000000001969ed70:   000000001969ede0 0000000017962222
0x000000001969ed80:   000000000000000c 000000006289f8e6
0x000000001969ed90:   00000000000003d8 0000000017dc57d8
0x000000001969eda0:   0000000000000000 00000000000000a5
0x000000001969edb0:   0000000017ef7000 00000000628a0894
0x000000001969edc0:   000000001969ef70 0000000000000000
0x000000001969edd0:   0000000000000099 0000000000000096
0x000000001969ede0:   00000000179624e8 0000000017ef7000
0x000000001969edf0:   0000009c00000099 000000a500000292
0x000000001969ee00:   0000000017dc0000 00000000000000a5
0x000000001969ee10:   0000000000000003 00000000000003d8 

Instructions: (pc=0x000000006289e023)
0x000000006289e003:   83 ec 20 4c 8b 89 90 00 00 00 48 63 d2 48 8b d9
0x000000006289e013:   0f b6 c2 4c 8b d2 24 3f 49 c1 ea 06 44 0f b6 c0
0x000000006289e023:   4b 8b 04 d1 4c 0f a3 c0 72 0f 48 83 c1 70 41 b0
0x000000006289e033:   01 e8 c7 85 17 00 ff 43 6c 48 83 c4 20 5b c3 cc 


Register to memory mapping:

RAX=0x0000000000000009 is an unknown value
RBX=0x000000001969ef70 is an unknown value
RCX=0x000000001969ef70 is an unknown value
RDX=0xffffffffffffcb49 is an unknown value
RSP=0x000000001969ed20 is an unknown value
RBP=0x000000001969ed90 is an unknown value
RSI=0x000000001969ef70 is an unknown value
RDI=0x00000000000000a5 is an unknown value
R8 =0x0000000000000009 is an unknown value
R9 =0x0000000017dc54a0 is an unknown value
R10=0x03ffffffffffff2d is an unknown value
R11=0x0000000017962231 is pointing into metadata
R12=0x0000000000000000 is an unknown value
R13=0x000000006289e000 is an unknown value
R14=0x0000000000000099 is an unknown value
R15=0x0000000000000001 is an unknown value


Stack: [0x00000000195a0000,0x00000000196a0000],  sp=0x000000001969ed20,  free space=1019k
Native frames: (J=compiled Java code, j=interpreted, Vv=VM code, C=native code)
V  [jvm.dll+0xfe023]
V  [jvm.dll+0xffe09]
V  [jvm.dll+0x100894]
V  [jvm.dll+0x103c74]
V  [jvm.dll+0xc525e]
V  [jvm.dll+0xc58e8]
V  [jvm.dll+0xc5a1a]
V  [jvm.dll+0xc5c18]
V  [jvm.dll+0x10fbba]
V  [jvm.dll+0x12d43f]
V  [jvm.dll+0x1bf3cf]
V  [jvm.dll+0x24d0c7]
V  [jvm.dll+0x24c366]
V  [jvm.dll+0x24c801]
V  [jvm.dll+0x24ca1e]
V  [jvm.dll+0x29eb9a]
C  [msvcr100.dll+0x21d9f]
C  [msvcr100.dll+0x21e3b]
C  [KERNEL32.DLL+0x14034]
C  [ntdll.dll+0x73691]

VM_Operation (0x000000001a0af3b0): GetOrSetLocal, mode: safepoint, requested by thread 0x0000000017f48800


---------------  P R O C E S S  ---------------

Java Threads: ( => current thread )
  0x0000000019ceb800 JavaThread "Service Thread" daemon [_thread_blocked, id=13092, stack(0x000000001a5b0000,0x000000001a6b0000)]
  0x0000000019c76000 JavaThread "C1 CompilerThread2" daemon [_thread_blocked, id=6312, stack(0x000000001a4b0000,0x000000001a5b0000)]
  0x0000000019c74000 JavaThread "C2 CompilerThread1" daemon [_thread_blocked, id=6912, stack(0x000000001a3b0000,0x000000001a4b0000)]
  0x0000000019c71800 JavaThread "C2 CompilerThread0" daemon [_thread_blocked, id=4636, stack(0x000000001a2b0000,0x000000001a3b0000)]
  0x0000000019bb8800 JavaThread "JDWP Command Reader" daemon [_thread_in_native, id=5192, stack(0x000000001a1b0000,0x000000001a2b0000)]
  0x0000000019bb7800 JavaThread "JDWP Event Helper Thread" daemon [_thread_blocked, id=14656, stack(0x000000001a0b0000,0x000000001a1b0000)]
  0x0000000017f48800 JavaThread "JDWP Transport Listener: dt_socket" daemon [_thread_blocked, id=3360, stack(0x0000000019fb0000,0x000000001a0b0000)]
  0x0000000017f3b800 JavaThread "Attach Listener" daemon [_thread_blocked, id=18208, stack(0x0000000019ab0000,0x0000000019bb0000)]
  0x0000000017f3a000 JavaThread "Signal Dispatcher" daemon [_thread_blocked, id=6816, stack(0x00000000199b0000,0x0000000019ab0000)]
  0x00000000030f8800 JavaThread "Finalizer" daemon [_thread_blocked, id=7988, stack(0x00000000197a0000,0x00000000198a0000)]
  0x0000000017f1c000 JavaThread "Reference Handler" daemon [_thread_blocked, id=16072, stack(0x00000000196a0000,0x00000000197a0000)]
  0x0000000003003800 JavaThread "main" [_thread_blocked, id=9856, stack(0x0000000002db0000,0x0000000002eb0000)]

Other Threads:
=>0x0000000017ef7000 VMThread [stack: 0x00000000195a0000,0x00000000196a0000] [id=1044]
  0x0000000019cec800 WatcherThread [stack: 0x000000001a800000,0x000000001a900000] [id=14452]

VM state:at safepoint (normal execution)

VM Mutex/Monitor currently owned by a thread:  ([mutex/lock_event])
[0x00000000030003d0] Threads_lock - owner thread: 0x0000000017ef7000

Heap:
 PSYoungGen      total 38400K, used 4002K [0x00000000d5700000, 0x00000000d8180000, 0x0000000100000000)
  eden space 33280K, 12% used [0x00000000d5700000,0x00000000d5ae8aa0,0x00000000d7780000)
  from space 5120K, 0% used [0x00000000d7c80000,0x00000000d7c80000,0x00000000d8180000)
  to   space 5120K, 0% used [0x00000000d7780000,0x00000000d7780000,0x00000000d7c80000)
 ParOldGen       total 87552K, used 0K [0x0000000080400000, 0x0000000085980000, 0x00000000d5700000)
  object space 87552K, 0% used [0x0000000080400000,0x0000000080400000,0x0000000085980000)
 Metaspace       used 3731K, capacity 5048K, committed 5376K, reserved 1056768K
  class space    used 371K, capacity 424K, committed 512K, reserved 1048576K

Card table byte_map: [0x00000000124c0000,0x00000000128c0000] byte_map_base: 0x00000000120be000

Marking Bits: (ParMarkBitMap*) 0x0000000062fc3e30
 Begin Bits: [0x0000000013170000, 0x0000000015160000)
 End Bits:   [0x0000000015160000, 0x0000000017150000)

Polling page: 0x0000000000f90000

CodeCache: size=245760Kb used=1270Kb max_used=1270Kb free=244489Kb
 bounds [0x0000000003100000, 0x0000000003370000, 0x0000000012100000]
 total_blobs=330 nmethods=94 adapters=158
 compilation: enabled

Compilation events (10 events):
Event: 14.323 Thread 0x0000000019c76000 nmethod 89 0x0000000003239b10 code [0x0000000003239cc0, 0x000000000323a388]
Event: 14.323 Thread 0x0000000019c76000   91       3       LC.AnalisadorSintatico::getTipo (30 bytes)
Event: 14.323 Thread 0x0000000019c76000 nmethod 91 0x000000000323a690 code [0x000000000323a820, 0x000000000323ad78]
Event: 14.323 Thread 0x0000000019c76000   92       3       LC.AnalisadorSintatico::casaToken (81 bytes)
Event: 14.323 Thread 0x0000000019c71800 nmethod 90 0x000000000323dbd0 code [0x000000000323dd00, 0x000000000323ddd8]
Event: 14.324 Thread 0x0000000019c76000 nmethod 92 0x000000000323cad0 code [0x000000000323cce0, 0x000000000323d698]
Event: 14.324 Thread 0x0000000019c76000   93       3       LC.TabelaDeSimbolo::buscarToken (122 bytes)
Event: 14.324 Thread 0x0000000019c76000 nmethod 93 0x000000000323b250 code [0x000000000323b4c0, 0x000000000323c3d8]
Event: 1113.532 Thread 0x0000000019c76000   94       1       java.util.Collections$EmptyList::isEmpty (2 bytes)
Event: 1113.532 Thread 0x0000000019c76000 nmethod 94 0x000000000323aed0 code [0x000000000323b020, 0x000000000323b130]

GC Heap History (0 events):
No events

Deoptimization events (0 events):
No events

Classes redefined (10 events):
Event: 1393.041 Thread 0x0000000017ef7000 redefined class name=LC.AnalisadorSintatico, count=7
Event: 1393.041 Thread 0x0000000017ef7000 redefined class name=LC.AnalisadorSintatico$1, count=7
Event: 1406.214 Thread 0x0000000017ef7000 redefined class name=LC.AnalisadorSintatico, count=8
Event: 1406.214 Thread 0x0000000017ef7000 redefined class name=LC.AnalisadorSintatico$1, count=8
Event: 1617.208 Thread 0x0000000017ef7000 redefined class name=LC.AnalisadorSintatico, count=9
Event: 1617.209 Thread 0x0000000017ef7000 redefined class name=LC.AnalisadorSintatico$1, count=9
Event: 1638.617 Thread 0x0000000017ef7000 redefined class name=LC.AnalisadorSintatico, count=10
Event: 1638.618 Thread 0x0000000017ef7000 redefined class name=LC.AnalisadorSintatico$1, count=10
Event: 1790.091 Thread 0x0000000017ef7000 redefined class name=LC.AnalisadorSintatico, count=11
Event: 1790.091 Thread 0x0000000017ef7000 redefined class name=LC.AnalisadorSintatico$1, count=11

Internal exceptions (3 events):
Event: 0.050 Thread 0x0000000003003800 Exception <a 'java/lang/NoSuchMethodError': Method sun.misc.Unsafe.defineClass(Ljava/lang/String;[BII)Ljava/lang/Class; name or signature does not match> (0x00000000d5707cb0) thrown at [C:\re\workspace\8-2-build-windows-amd64-cygwin\jdk8u191\11896\hotspot
Event: 0.050 Thread 0x0000000003003800 Exception <a 'java/lang/NoSuchMethodError': Method sun.misc.Unsafe.prefetchRead(Ljava/lang/Object;J)V name or signature does not match> (0x00000000d5707f98) thrown at [C:\re\workspace\8-2-build-windows-amd64-cygwin\jdk8u191\11896\hotspot\src\share\vm\prim
Event: 0.318 Thread 0x0000000003003800 Exception <a 'java/io/FileNotFoundException'> (0x00000000d59533d8) thrown at [C:\re\workspace\8-2-build-windows-amd64-cygwin\jdk8u191\11896\hotspot\src\share\vm\prims\jni.cpp, line 709]

Events (10 events):
Event: 1790.179 Executing VM operation: ChangeBreakpoints done
Event: 1790.181 Executing VM operation: GetOrSetLocal
Event: 1790.181 Executing VM operation: GetOrSetLocal done
Event: 1790.181 Executing VM operation: GetOrSetLocal
Event: 1790.181 Executing VM operation: GetOrSetLocal done
Event: 1790.182 Executing VM operation: GetOrSetLocal
Event: 1790.182 Executing VM operation: GetOrSetLocal done
Event: 1790.185 Executing VM operation: GetOrSetLocal
Event: 1790.185 Executing VM operation: GetOrSetLocal done
Event: 1790.185 Executing VM operation: GetOrSetLocal


Dynamic libraries:
0x00007ff6960f0000 - 0x00007ff696127000 	C:\Program Files\Java\jdk1.8.0_191\bin\java.exe
0x00007fff9afc0000 - 0x00007fff9b1a1000 	C:\WINDOWS\SYSTEM32\ntdll.dll
0x00007fff98bb0000 - 0x00007fff98c61000 	C:\WINDOWS\System32\KERNEL32.DLL
0x00007fff980b0000 - 0x00007fff98323000 	C:\WINDOWS\System32\KERNELBASE.dll
0x00007fff99450000 - 0x00007fff994f1000 	C:\WINDOWS\System32\ADVAPI32.dll
0x00007fff99910000 - 0x00007fff999ae000 	C:\WINDOWS\System32\msvcrt.dll
0x00007fff996a0000 - 0x00007fff996fb000 	C:\WINDOWS\System32\sechost.dll
0x00007fff99100000 - 0x00007fff99224000 	C:\WINDOWS\System32\RPCRT4.dll
0x00007fff985d0000 - 0x00007fff98760000 	C:\WINDOWS\System32\USER32.dll
0x00007fff98330000 - 0x00007fff98350000 	C:\WINDOWS\System32\win32u.dll
0x00007fff99870000 - 0x00007fff99898000 	C:\WINDOWS\System32\GDI32.dll
0x00007fff97560000 - 0x00007fff976f2000 	C:\WINDOWS\System32\gdi32full.dll
0x00007fff983b0000 - 0x00007fff9844f000 	C:\WINDOWS\System32\msvcp_win.dll
0x00007fff97390000 - 0x00007fff97488000 	C:\WINDOWS\System32\ucrtbase.dll
0x00007fff8e4b0000 - 0x00007fff8e719000 	C:\WINDOWS\WinSxS\amd64_microsoft.windows.common-controls_6595b64144ccf1df_6.0.17134.706_none_fb43a2cb30647007\COMCTL32.dll
0x00007fff98d40000 - 0x00007fff99062000 	C:\WINDOWS\System32\combase.dll
0x00007fff97490000 - 0x00007fff9750a000 	C:\WINDOWS\System32\bcryptPrimitives.dll
0x00007fff995c0000 - 0x00007fff995ed000 	C:\WINDOWS\System32\IMM32.DLL
0x0000000063050000 - 0x0000000063122000 	C:\Program Files\Java\jdk1.8.0_191\jre\bin\msvcr100.dll
0x00000000627a0000 - 0x0000000063044000 	C:\Program Files\Java\jdk1.8.0_191\jre\bin\server\jvm.dll
0x00007fff99860000 - 0x00007fff99868000 	C:\WINDOWS\System32\PSAPI.DLL
0x00007fff8a450000 - 0x00007fff8a459000 	C:\WINDOWS\SYSTEM32\WSOCK32.dll
0x00007fff992f0000 - 0x00007fff9935c000 	C:\WINDOWS\System32\WS2_32.dll
0x00007fff955b0000 - 0x00007fff955d3000 	C:\WINDOWS\SYSTEM32\WINMM.dll
0x00007fff93800000 - 0x00007fff9380a000 	C:\WINDOWS\SYSTEM32\VERSION.dll
0x00007fff95440000 - 0x00007fff9546a000 	C:\WINDOWS\SYSTEM32\WINMMBASE.dll
0x00007fff97510000 - 0x00007fff97559000 	C:\WINDOWS\System32\cfgmgr32.dll
0x0000000064010000 - 0x000000006401f000 	C:\Program Files\Java\jdk1.8.0_191\jre\bin\verify.dll
0x0000000063fe0000 - 0x0000000064009000 	C:\Program Files\Java\jdk1.8.0_191\jre\bin\java.dll
0x0000000062760000 - 0x0000000062795000 	C:\Program Files\Java\jdk1.8.0_191\jre\bin\jdwp.dll
0x0000000063f70000 - 0x0000000063f78000 	C:\Program Files\Java\jdk1.8.0_191\jre\bin\npt.dll
0x0000000062730000 - 0x0000000062753000 	C:\Program Files\Java\jdk1.8.0_191\jre\bin\instrument.dll
0x0000000063fc0000 - 0x0000000063fd6000 	C:\Program Files\Java\jdk1.8.0_191\jre\bin\zip.dll
0x00007fff99b50000 - 0x00007fff9af90000 	C:\WINDOWS\System32\SHELL32.dll
0x00007fff995f0000 - 0x00007fff99699000 	C:\WINDOWS\System32\shcore.dll
0x00007fff979a0000 - 0x00007fff980ad000 	C:\WINDOWS\System32\windows.storage.dll
0x00007fff998a0000 - 0x00007fff998f1000 	C:\WINDOWS\System32\shlwapi.dll
0x00007fff97370000 - 0x00007fff97381000 	C:\WINDOWS\System32\kernel.appcore.dll
0x00007fff97330000 - 0x00007fff9734f000 	C:\WINDOWS\System32\profapi.dll
0x00007fff972d0000 - 0x00007fff9731c000 	C:\WINDOWS\System32\powrprof.dll
0x00007fff97320000 - 0x00007fff9732a000 	C:\WINDOWS\System32\FLTLIB.DLL
0x0000000063f60000 - 0x0000000063f69000 	C:\Program Files\Java\jdk1.8.0_191\jre\bin\dt_socket.dll
0x00007fff96b50000 - 0x00007fff96bb6000 	C:\WINDOWS\system32\mswsock.dll
0x00007fff81a50000 - 0x00007fff81c19000 	C:\WINDOWS\SYSTEM32\dbghelp.dll

VM Arguments:
jvm_args: -agentlib:jdwp=transport=dt_socket,address=127.0.0.1:57383,suspend=y,server=n -javaagent:C:\Users\Pedro\.IdeaIC2018.2\system\captureAgent\debugger-agent.jar=file:/C:/Users/Pedro/AppData/Local/Temp/capture.props -Dfile.encoding=UTF-8 
java_command: LC.LC exL2.l exL1.asm
java_class_path (initial): C:\Program Files\Java\jdk1.8.0_191\jre\lib\charsets.jar;C:\Program Files\Java\jdk1.8.0_191\jre\lib\deploy.jar;C:\Program Files\Java\jdk1.8.0_191\jre\lib\ext\access-bridge-64.jar;C:\Program Files\Java\jdk1.8.0_191\jre\lib\ext\cldrdata.jar;C:\Program Files\Java\jdk1.8.0_191\jre\lib\ext\dnsns.jar;C:\Program Files\Java\jdk1.8.0_191\jre\lib\ext\jaccess.jar;C:\Program Files\Java\jdk1.8.0_191\jre\lib\ext\jfxrt.jar;C:\Program Files\Java\jdk1.8.0_191\jre\lib\ext\localedata.jar;C:\Program Files\Java\jdk1.8.0_191\jre\lib\ext\nashorn.jar;C:\Program Files\Java\jdk1.8.0_191\jre\lib\ext\sunec.jar;C:\Program Files\Java\jdk1.8.0_191\jre\lib\ext\sunjce_provider.jar;C:\Program Files\Java\jdk1.8.0_191\jre\lib\ext\sunmscapi.jar;C:\Program Files\Java\jdk1.8.0_191\jre\lib\ext\sunpkcs11.jar;C:\Program Files\Java\jdk1.8.0_191\jre\lib\ext\zipfs.jar;C:\Program Files\Java\jdk1.8.0_191\jre\lib\javaws.jar;C:\Program Files\Java\jdk1.8.0_191\jre\lib\jce.jar;C:\Program Files\Java\jdk1.8.0_191\jre\lib\jfr.jar;C:\Program Files\Java\jdk1.8.0_191\jre\lib\jfxswt.jar;C:\Program Files\Java\jdk1.8.0_191\jre\lib\jsse.jar;C:\Program Files\Java\jdk1.8.0_191\jre\lib\management-agent.jar;C:\Program Files\Java\jdk1.8.0_191\jre\lib\plugin.jar;C:\Program Files\Java\jdk1.8.0_191\jre\lib\resources.jar;C:\Program Files\Java\jdk1.8.0_191\jre\lib\rt.jar;C:\Users\Pedro\Desktop\LC\out\production\Compilador;C:\Program Files\JetBrains\IntelliJ IDEA Community Edition 2018.2.6\lib\idea_rt.jar;C:\Users\Pedro\.IdeaIC2018.2\system\captureAgent\debugger-agent.jar
Launcher Type: SUN_STANDARD

Environment Variables:
PATH=C:\Program Files (x86)\Common Files\Oracle\Java\javapath;C:\WINDOWS\system32;C:\WINDOWS;C:\WINDOWS\System32\Wbem;C:\WINDOWS\System32\WindowsPowerShell\v1.0\;C:\WINDOWS\System32\OpenSSH\;C:\Program Files\dotnet\;C:\Program Files\Microsoft SQL Server\130\Tools\Binn\;C:\Program Files\Git\cmd;C:\Program Files (x86)\NVIDIA Corporation\PhysX\Common;C:\Program Files\NVIDIA Corporation\NVIDIA NvDLISR;C:\android-ndk-r19c;C:\Program Files\GLPK\glpk-4.65\w64\glpsol.exe;C:\MinGW\bin;C:\Users\Pedro\AppData\Local\Microsoft\WindowsApps;C:\Users\Pedro\AppData\Local\GitHubDesktop\bin;C:\Program Files\Java\jdk1.8.0_191\bin;C:\MinGW\bin;
USERNAME=Pedro
OS=Windows_NT
PROCESSOR_IDENTIFIER=AMD64 Family 21 Model 2 Stepping 0, AuthenticAMD



---------------  S Y S T E M  ---------------

OS: Windows 10.0 , 64 bit Build 17134 (10.0.17134.706)

CPU:total 6 (initial active 6) (6 cores per cpu, 1 threads per core) family 21 model 2 stepping 0, cmov, cx8, fxsr, mmx, sse, sse2, sse3, ssse3, sse4.1, sse4.2, popcnt, avx, aes, clmul, mmxext, 3dnowpref, lzcnt, sse4a, tsc, tscinvbit, tscinv, bmi1

Memory: 4k page, physical 8370292k(2405508k free), swap 22759876k(8629916k free)

vm_info: Java HotSpot(TM) 64-Bit Server VM (25.191-b12) for windows-amd64 JRE (1.8.0_191-b12), built on Oct  6 2018 09:29:03 by "java_re" with MS VC++ 10.0 (VS2010)

time: Mon Jun 10 01:02:46 2019
elapsed time: 1790 seconds (0d 0h 29m 50s)

