#
# A fatal error has been detected by the Java Runtime Environment:
#
#  Internal Error (oops/constantPool.hpp:358), pid=13204, tid=0x0000000000002838
#  guarantee(tag_at(which).is_klass()) failed: Corrupted constant pool
#
# JRE version: Java(TM) SE Runtime Environment (8.0_191-b12) (build 1.8.0_191-b12)
# Java VM: Java HotSpot(TM) 64-Bit Server VM (25.191-b12 mixed mode windows-amd64 compressed oops)
# Failed to write core dump. Minidumps are not enabled by default on client versions of Windows
#
# If you would like to submit a bug report, please visit:
#   http://bugreport.java.com/bugreport/crash.jsp
#

---------------  T H R E A D  ---------------

Current thread (0x0000000002c43800):  JavaThread "main" [_thread_in_vm, id=10296, stack(0x0000000002a40000,0x0000000002b40000)]

Stack: [0x0000000002a40000,0x0000000002b40000]
[error occurred during error reporting (printing stack bounds), id 0xc0000005]

Native frames: (J=compiled Java code, j=interpreted, Vv=VM code, C=native code)

Java frames: (J=compiled Java code, j=interpreted, Vv=VM code)
j  AnalisadorLexico.getToken()LSimbolo;+1654
j  AnalisadorSintatico.procS()V+13
j  Main.main([Ljava/lang/String;)V+46
v  ~StubRoutines::call_stub

---------------  P R O C E S S  ---------------

Java Threads: ( => current thread )
  0x0000000019956800 JavaThread "Service Thread" daemon [_thread_blocked, id=14592, stack(0x000000001a210000,0x000000001a310000)]
  0x00000000198d5800 JavaThread "C1 CompilerThread2" daemon [_thread_blocked, id=12784, stack(0x000000001a110000,0x000000001a210000)]
  0x00000000198da000 JavaThread "C2 CompilerThread1" daemon [_thread_blocked, id=14608, stack(0x000000001a010000,0x000000001a110000)]
  0x00000000198d9000 JavaThread "C2 CompilerThread0" daemon [_thread_blocked, id=10104, stack(0x0000000019f10000,0x000000001a010000)]
  0x0000000019816800 JavaThread "JDWP Event Helper Thread" daemon [_thread_blocked, id=2744, stack(0x0000000019d10000,0x0000000019e10000)]
  0x0000000017b89000 JavaThread "JDWP Transport Listener: dt_socket" daemon [_thread_blocked, id=10532, stack(0x0000000019c10000,0x0000000019d10000)]
  0x0000000017b7d000 JavaThread "Attach Listener" daemon [_thread_blocked, id=15248, stack(0x0000000019710000,0x0000000019810000)]
  0x0000000017b7a000 JavaThread "Signal Dispatcher" daemon [_thread_blocked, id=12140, stack(0x0000000019610000,0x0000000019710000)]
  0x0000000002d38800 JavaThread "Finalizer" daemon [_thread_blocked, id=13496, stack(0x0000000019400000,0x0000000019500000)]
  0x0000000017b5c800 JavaThread "Reference Handler" daemon [_thread_blocked, id=2868, stack(0x0000000019300000,0x0000000019400000)]
=>0x0000000002c43800 JavaThread "main" [_thread_in_vm, id=10296, stack(0x0000000002a40000,0x0000000002b40000)]

Other Threads:
  0x0000000017b37000 VMThread [stack: 0x0000000019200000,0x0000000019300000] [id=8600]
  0x0000000019997800 WatcherThread [stack: 0x000000001a460000,0x000000001a560000] [id=2200]

VM state:synchronizing (normal execution)

VM Mutex/Monitor currently owned by a thread:  ([mutex/lock_event])
[0x0000000002c40cd0] Threads_lock - owner thread: 0x0000000017b37000

Heap:
 PSYoungGen      total 38400K, used 4017K [0x00000000d5700000, 0x00000000d8180000, 0x0000000100000000)
  eden space 33280K, 12% used [0x00000000d5700000,0x00000000d5aec578,0x00000000d7780000)
  from space 5120K, 0% used [0x00000000d7c80000,0x00000000d7c80000,0x00000000d8180000)
  to   space 5120K, 0% used [0x00000000d7780000,0x00000000d7780000,0x00000000d7c80000)
 ParOldGen       total 87552K, used 0K [0x0000000080400000, 0x0000000085980000, 0x00000000d5700000)
  object space 87552K, 0% used [0x0000000080400000,0x0000000080400000,0x0000000085980000)
 Metaspace       used 4112K, capacity 4972K, committed 5120K, reserved 1056768K
  class space    used 446K, capacity 468K, committed 512K, reserved 1048576K

Card table byte_map: [0x0000000012100000,0x0000000012500000] byte_map_base: 0x0000000011cfe000

Marking Bits: (ParMarkBitMap*) 0x0000000077193e30
 Begin Bits: [0x0000000012db0000, 0x0000000014da0000)
 End Bits:   [0x0000000014da0000, 0x0000000016d90000)

Polling page: 0x0000000000f70000

CodeCache: size=245760Kb used=1298Kb max_used=1298Kb free=244461Kb
 bounds [0x0000000002d40000, 0x0000000002fb0000, 0x0000000011d40000]
 total_blobs=350 nmethods=105 adapters=167
 compilation: enabled

Compilation events (10 events):
Event: 2.149 Thread 0x00000000198d5800  101       1       java.net.URL::getProtocol (5 bytes)
Event: 2.149 Thread 0x00000000198d5800 nmethod 101 0x0000000002e82a10 code [0x0000000002e82b60, 0x0000000002e82c70]
Event: 2.149 Thread 0x00000000198d5800  102       3       java.nio.Buffer::checkIndex (22 bytes)
Event: 2.149 Thread 0x00000000198d5800 nmethod 102 0x0000000002e82cd0 code [0x0000000002e82e40, 0x0000000002e830a8]
Event: 170.688 Thread 0x00000000198d5800  103       3       java.lang.String::indexOf (25 bytes)
Event: 170.688 Thread 0x00000000198d5800 nmethod 103 0x0000000002e83190 code [0x0000000002e83300, 0x0000000002e834c8]
Event: 170.688 Thread 0x00000000198d5800  104       3       java.io.WinNTFileSystem::prefixLength (91 bytes)
Event: 170.690 Thread 0x00000000198d5800 nmethod 104 0x0000000002e835d0 code [0x0000000002e837e0, 0x0000000002e84388]
Event: 170.690 Thread 0x00000000198d5800  105       3       java.nio.DirectLongBufferU::ix (10 bytes)
Event: 170.690 Thread 0x00000000198d5800 nmethod 105 0x0000000002e848d0 code [0x0000000002e84a20, 0x0000000002e84b90]

GC Heap History (0 events):
No events

Deoptimization events (0 events):
No events

Classes redefined (10 events):
Event: 2068.985 Thread 0x0000000017b37000 redefined class name=Main, count=1
Event: 2081.312 Thread 0x0000000017b37000 redefined class name=AnalisadorLexico, count=1
Event: 2081.312 Thread 0x0000000017b37000 redefined class name=AnalisadorLexico$ErrorTypes, count=1
Event: 2418.398 Thread 0x0000000017b37000 redefined class name=AnalisadorLexico, count=2
Event: 2418.398 Thread 0x0000000017b37000 redefined class name=AnalisadorLexico$ErrorTypes, count=2
Event: 2472.002 Thread 0x0000000017b37000 redefined class name=AnalisadorLexico, count=3
Event: 2472.002 Thread 0x0000000017b37000 redefined class name=AnalisadorLexico$ErrorTypes, count=3
Event: 2494.662 Thread 0x0000000017b37000 redefined class name=Main, count=2
Event: 2560.910 Thread 0x0000000017b37000 redefined class name=AnalisadorLexico, count=4
Event: 2560.910 Thread 0x0000000017b37000 redefined class name=AnalisadorLexico$ErrorTypes, count=4

Internal exceptions (7 events):
Event: 0.047 Thread 0x0000000002c43800 Exception <a 'java/lang/NoSuchMethodError': Method sun.misc.Unsafe.defineClass(Ljava/lang/String;[BII)Ljava/lang/Class; name or signature does not match> (0x00000000d5707cb0) thrown at [C:\re\workspace\8-2-build-windows-amd64-cygwin\jdk8u191\11896\hotspot
Event: 0.047 Thread 0x0000000002c43800 Exception <a 'java/lang/NoSuchMethodError': Method sun.misc.Unsafe.prefetchRead(Ljava/lang/Object;J)V name or signature does not match> (0x00000000d5707f98) thrown at [C:\re\workspace\8-2-build-windows-amd64-cygwin\jdk8u191\11896\hotspot\src\share\vm\prim
Event: 0.207 Thread 0x0000000002c43800 Exception <a 'java/io/FileNotFoundException'> (0x00000000d5953fd0) thrown at [C:\re\workspace\8-2-build-windows-amd64-cygwin\jdk8u191\11896\hotspot\src\share\vm\prims\jni.cpp, line 709]
Event: 0.241 Thread 0x0000000002c43800 Exception <a 'java/security/PrivilegedActionException'> (0x00000000d5a61180) thrown at [C:\re\workspace\8-2-build-windows-amd64-cygwin\jdk8u191\11896\hotspot\src\share\vm\prims\jvm.cpp, line 1435]
Event: 0.241 Thread 0x0000000002c43800 Exception <a 'java/security/PrivilegedActionException'> (0x00000000d5a61578) thrown at [C:\re\workspace\8-2-build-windows-amd64-cygwin\jdk8u191\11896\hotspot\src\share\vm\prims\jvm.cpp, line 1435]
Event: 0.242 Thread 0x0000000002c43800 Exception <a 'java/security/PrivilegedActionException'> (0x00000000d5a65670) thrown at [C:\re\workspace\8-2-build-windows-amd64-cygwin\jdk8u191\11896\hotspot\src\share\vm\prims\jvm.cpp, line 1435]
Event: 0.242 Thread 0x0000000002c43800 Exception <a 'java/security/PrivilegedActionException'> (0x00000000d5a65a68) thrown at [C:\re\workspace\8-2-build-windows-amd64-cygwin\jdk8u191\11896\hotspot\src\share\vm\prims\jvm.cpp, line 1435]

Events (10 events):
Event: 5947.412 Executing VM operation: ChangeBreakpoints
Event: 5947.412 Executing VM operation: ChangeBreakpoints done
Event: 5947.419 Executing VM operation: GetOrSetLocal
Event: 5947.419 Executing VM operation: GetOrSetLocal done
Event: 5947.420 Executing VM operation: GetOrSetLocal
Event: 5947.420 Executing VM operation: GetOrSetLocal done
Event: 5947.425 Executing VM operation: ForceSafepoint
Event: 5947.425 Executing VM operation: ForceSafepoint done
Event: 5947.427 Executing VM operation: ForceSafepoint
Event: 5947.427 Executing VM operation: ForceSafepoint done


Dynamic libraries:
0x00007ff7b74b0000 - 0x00007ff7b74e7000 	C:\Program Files\Java\jdk1.8.0_191\bin\java.exe
0x00007ff93a350000 - 0x00007ff93a531000 	C:\WINDOWS\SYSTEM32\ntdll.dll
0x00007ff939cd0000 - 0x00007ff939d81000 	C:\WINDOWS\System32\KERNEL32.DLL
0x00007ff936720000 - 0x00007ff936993000 	C:\WINDOWS\System32\KERNELBASE.dll
0x00007ff939c20000 - 0x00007ff939cc1000 	C:\WINDOWS\System32\ADVAPI32.dll
0x00007ff939ee0000 - 0x00007ff939f7e000 	C:\WINDOWS\System32\msvcrt.dll
0x00007ff9379b0000 - 0x00007ff937a0b000 	C:\WINDOWS\System32\sechost.dll
0x00007ff939db0000 - 0x00007ff939ed4000 	C:\WINDOWS\System32\RPCRT4.dll
0x00007ff939a00000 - 0x00007ff939b90000 	C:\WINDOWS\System32\USER32.dll
0x00007ff937740000 - 0x00007ff937760000 	C:\WINDOWS\System32\win32u.dll
0x00007ff939b90000 - 0x00007ff939bb8000 	C:\WINDOWS\System32\GDI32.dll
0x00007ff936a50000 - 0x00007ff936be2000 	C:\WINDOWS\System32\gdi32full.dll
0x00007ff936c40000 - 0x00007ff936cdf000 	C:\WINDOWS\System32\msvcp_win.dll
0x00007ff936ce0000 - 0x00007ff936dd8000 	C:\WINDOWS\System32\ucrtbase.dll
0x00007ff92c5c0000 - 0x00007ff92c829000 	C:\WINDOWS\WinSxS\amd64_microsoft.windows.common-controls_6595b64144ccf1df_6.0.17134.706_none_fb43a2cb30647007\COMCTL32.dll
0x00007ff939f80000 - 0x00007ff93a2a2000 	C:\WINDOWS\System32\combase.dll
0x00007ff937760000 - 0x00007ff9377da000 	C:\WINDOWS\System32\bcryptPrimitives.dll
0x00007ff9377e0000 - 0x00007ff93780d000 	C:\WINDOWS\System32\IMM32.DLL
0x00000000503d0000 - 0x00000000504a2000 	C:\Program Files\Java\jdk1.8.0_191\jre\bin\msvcr100.dll
0x0000000076970000 - 0x0000000077214000 	C:\Program Files\Java\jdk1.8.0_191\jre\bin\server\jvm.dll
0x00007ff937a20000 - 0x00007ff937a28000 	C:\WINDOWS\System32\PSAPI.DLL
0x00007ff934a40000 - 0x00007ff934a49000 	C:\WINDOWS\SYSTEM32\WSOCK32.dll
0x00007ff933fd0000 - 0x00007ff933ff3000 	C:\WINDOWS\SYSTEM32\WINMM.dll
0x00007ff932c20000 - 0x00007ff932c2a000 	C:\WINDOWS\SYSTEM32\VERSION.dll
0x00007ff933580000 - 0x00007ff9335aa000 	C:\WINDOWS\SYSTEM32\WINMMBASE.dll
0x00007ff936bf0000 - 0x00007ff936c39000 	C:\WINDOWS\System32\cfgmgr32.dll
0x00007ff93a2b0000 - 0x00007ff93a31c000 	C:\WINDOWS\System32\WS2_32.dll
0x00000000503c0000 - 0x00000000503cf000 	C:\Program Files\Java\jdk1.8.0_191\jre\bin\verify.dll
0x0000000050390000 - 0x00000000503b9000 	C:\Program Files\Java\jdk1.8.0_191\jre\bin\java.dll
0x00000000502f0000 - 0x0000000050325000 	C:\Program Files\Java\jdk1.8.0_191\jre\bin\jdwp.dll
0x00000000502e0000 - 0x00000000502e8000 	C:\Program Files\Java\jdk1.8.0_191\jre\bin\npt.dll
0x00000000502b0000 - 0x00000000502d3000 	C:\Program Files\Java\jdk1.8.0_191\jre\bin\instrument.dll
0x0000000050370000 - 0x0000000050386000 	C:\Program Files\Java\jdk1.8.0_191\jre\bin\zip.dll
0x00007ff9380a0000 - 0x00007ff9394e0000 	C:\WINDOWS\System32\SHELL32.dll
0x00007ff939640000 - 0x00007ff9396e9000 	C:\WINDOWS\System32\shcore.dll
0x00007ff937030000 - 0x00007ff93773d000 	C:\WINDOWS\System32\windows.storage.dll
0x00007ff937a30000 - 0x00007ff937a81000 	C:\WINDOWS\System32\shlwapi.dll
0x00007ff936690000 - 0x00007ff9366a1000 	C:\WINDOWS\System32\kernel.appcore.dll
0x00007ff936670000 - 0x00007ff93668f000 	C:\WINDOWS\System32\profapi.dll
0x00007ff9366b0000 - 0x00007ff9366fc000 	C:\WINDOWS\System32\powrprof.dll
0x00007ff936660000 - 0x00007ff93666a000 	C:\WINDOWS\System32\FLTLIB.DLL
0x00000000502a0000 - 0x00000000502a9000 	C:\Program Files\Java\jdk1.8.0_191\jre\bin\dt_socket.dll
0x00007ff935ee0000 - 0x00007ff935f46000 	C:\WINDOWS\system32\mswsock.dll

VM Arguments:
jvm_args: -agentlib:jdwp=transport=dt_socket,address=127.0.0.1:56452,suspend=y,server=n -javaagent:C:\Users\Pedro\.IdeaIC2018.2\system\captureAgent\debugger-agent.jar=file:/C:/Users/Pedro/AppData/Local/Temp/capture.props -Dfile.encoding=UTF-8 
java_command: Main
java_class_path (initial): C:\Program Files\Java\jdk1.8.0_191\jre\lib\charsets.jar;C:\Program Files\Java\jdk1.8.0_191\jre\lib\deploy.jar;C:\Program Files\Java\jdk1.8.0_191\jre\lib\ext\access-bridge-64.jar;C:\Program Files\Java\jdk1.8.0_191\jre\lib\ext\cldrdata.jar;C:\Program Files\Java\jdk1.8.0_191\jre\lib\ext\dnsns.jar;C:\Program Files\Java\jdk1.8.0_191\jre\lib\ext\jaccess.jar;C:\Program Files\Java\jdk1.8.0_191\jre\lib\ext\jfxrt.jar;C:\Program Files\Java\jdk1.8.0_191\jre\lib\ext\localedata.jar;C:\Program Files\Java\jdk1.8.0_191\jre\lib\ext\nashorn.jar;C:\Program Files\Java\jdk1.8.0_191\jre\lib\ext\sunec.jar;C:\Program Files\Java\jdk1.8.0_191\jre\lib\ext\sunjce_provider.jar;C:\Program Files\Java\jdk1.8.0_191\jre\lib\ext\sunmscapi.jar;C:\Program Files\Java\jdk1.8.0_191\jre\lib\ext\sunpkcs11.jar;C:\Program Files\Java\jdk1.8.0_191\jre\lib\ext\zipfs.jar;C:\Program Files\Java\jdk1.8.0_191\jre\lib\javaws.jar;C:\Program Files\Java\jdk1.8.0_191\jre\lib\jce.jar;C:\Program Files\Java\jdk1.8.0_191\jre\lib\jfr.jar;C:\Program Files\Java\jdk1.8.0_191\jre\lib\jfxswt.jar;C:\Program Files\Java\jdk1.8.0_191\jre\lib\jsse.jar;C:\Program Files\Java\jdk1.8.0_191\jre\lib\management-agent.jar;C:\Program Files\Java\jdk1.8.0_191\jre\lib\plugin.jar;C:\Program Files\Java\jdk1.8.0_191\jre\lib\resources.jar;C:\Program Files\Java\jdk1.8.0_191\jre\lib\rt.jar;C:\Users\Pedro\Desktop\Compilador\out\production\Compilador;C:\Program Files\JetBrains\IntelliJ IDEA Community Edition 2018.2.6\lib\idea_rt.jar;C:\Users\Pedro\.IdeaIC2018.2\system\captureAgent\debugger-agent.jar
Launcher Type: SUN_STANDARD

Environment Variables:
PATH=C:\Program Files (x86)\Common Files\Oracle\Java\javapath;C:\WINDOWS\system32;C:\WINDOWS;C:\WINDOWS\System32\Wbem;C:\WINDOWS\System32\WindowsPowerShell\v1.0\;C:\WINDOWS\System32\OpenSSH\;C:\Program Files\dotnet\;C:\Program Files\Microsoft SQL Server\130\Tools\Binn\;C:\Program Files\Git\cmd;C:\Program Files (x86)\NVIDIA Corporation\PhysX\Common;C:\Program Files\NVIDIA Corporation\NVIDIA NvDLISR;C:\android-ndk-r19c;C:\Program Files\GLPK\glpk-4.65\w64\glpsol.exe;C:\MinGW\bin;C:\Users\Pedro\AppData\Local\Microsoft\WindowsApps;C:\Users\Pedro\AppData\Local\GitHubDesktop\bin;C:\Program Files\Java\jdk1.8.0_191\bin;C:\MinGW\bin;
USERNAME=Pedro
OS=Windows_NT
PROCESSOR_IDENTIFIER=AMD64 Family 21 Model 2 Stepping 0, AuthenticAMD



---------------  S Y S T E M  ---------------

OS: Windows 10.0 , 64 bit Build 17134 (10.0.17134.706)

CPU:total 6 (initial active 6) (6 cores per cpu, 1 threads per core) family 21 model 2 stepping 0, cmov, cx8, fxsr, mmx, sse, sse2, sse3, ssse3, sse4.1, sse4.2, popcnt, avx, aes, clmul, mmxext, 3dnowpref, lzcnt, sse4a, tsc, tscinvbit, tscinv, bmi1

Memory: 4k page, physical 8370292k(3549628k free), swap 15186036k(5294280k free)

vm_info: Java HotSpot(TM) 64-Bit Server VM (25.191-b12) for windows-amd64 JRE (1.8.0_191-b12), built on Oct  6 2018 09:29:03 by "java_re" with MS VC++ 10.0 (VS2010)

time: Fri May 31 16:59:08 2019
elapsed time: 6090 seconds (0d 1h 41m 30s)

