#
# A fatal error has been detected by the Java Runtime Environment:
#
#  Internal Error (javaCalls.cpp:51), pid=13024, tid=0x00000000000037d4
#  guarantee(thread->is_Java_thread()) failed: crucial check - the VM thread cannot and must not escape to Java code
#
# JRE version: Java(TM) SE Runtime Environment (8.0_191-b12) (build 1.8.0_191-b12)
# Java VM: Java HotSpot(TM) 64-Bit Server VM (25.191-b12 mixed mode windows-amd64 compressed oops)
# Failed to write core dump. Minidumps are not enabled by default on client versions of Windows
#
# If you would like to submit a bug report, please visit:
#   http://bugreport.java.com/bugreport/crash.jsp
#

---------------  T H R E A D  ---------------

Current thread (0x00000000178d7000):  VMThread [stack: 0x0000000018f90000,0x0000000019090000] [id=14292]

Stack: [0x0000000018f90000,0x0000000019090000]
[error occurred during error reporting (printing stack bounds), id 0xc0000005]

Native frames: (J=compiled Java code, j=interpreted, Vv=VM code, C=native code)

VM_Operation (0x0000000019a9f220): GetOrSetLocal, mode: safepoint, requested by thread 0x0000000017927800


---------------  P R O C E S S  ---------------

Java Threads: ( => current thread )
  0x00000000196e6800 JavaThread "Service Thread" daemon [_thread_blocked, id=9032, stack(0x0000000019fa0000,0x000000001a0a0000)]
  0x0000000019668000 JavaThread "C1 CompilerThread2" daemon [_thread_blocked, id=9472, stack(0x0000000019ea0000,0x0000000019fa0000)]
  0x000000001965f000 JavaThread "C2 CompilerThread1" daemon [_thread_blocked, id=7248, stack(0x0000000019da0000,0x0000000019ea0000)]
  0x000000001965e000 JavaThread "C2 CompilerThread0" daemon [_thread_blocked, id=11560, stack(0x0000000019ca0000,0x0000000019da0000)]
  0x00000000195a8800 JavaThread "JDWP Command Reader" daemon [_thread_in_native, id=18232, stack(0x0000000019ba0000,0x0000000019ca0000)]
  0x00000000195a5000 JavaThread "JDWP Event Helper Thread" daemon [_thread_blocked, id=15064, stack(0x0000000019aa0000,0x0000000019ba0000)]
  0x0000000017927800 JavaThread "JDWP Transport Listener: dt_socket" daemon [_thread_blocked, id=19404, stack(0x00000000199a0000,0x0000000019aa0000)]
  0x000000001791b000 JavaThread "Attach Listener" daemon [_thread_blocked, id=7444, stack(0x00000000194a0000,0x00000000195a0000)]
  0x000000001791a000 JavaThread "Signal Dispatcher" daemon [_thread_blocked, id=17888, stack(0x00000000193a0000,0x00000000194a0000)]
  0x0000000002ad8800 JavaThread "Finalizer" daemon [_thread_blocked, id=19148, stack(0x0000000019190000,0x0000000019290000)]
  0x00000000178fc800 JavaThread "Reference Handler" daemon [_thread_blocked, id=18624, stack(0x0000000019090000,0x0000000019190000)]
  0x00000000029e3800 JavaThread "main" [_thread_blocked, id=11452, stack(0x00000000026d0000,0x00000000027d0000)]

Other Threads:
=>0x00000000178d7000 VMThread [stack: 0x0000000018f90000,0x0000000019090000] [id=14292]
  0x000000001970f800 WatcherThread [stack: 0x000000001a1f0000,0x000000001a2f0000] [id=3224]

VM state:at safepoint (normal execution)

VM Mutex/Monitor currently owned by a thread:  ([mutex/lock_event])
[0x00000000029e0150] Threads_lock - owner thread: 0x00000000178d7000

Heap:
 PSYoungGen      total 38400K, used 4683K [0x00000000d5700000, 0x00000000d8180000, 0x0000000100000000)
  eden space 33280K, 14% used [0x00000000d5700000,0x00000000d5b92cd8,0x00000000d7780000)
  from space 5120K, 0% used [0x00000000d7c80000,0x00000000d7c80000,0x00000000d8180000)
  to   space 5120K, 0% used [0x00000000d7780000,0x00000000d7780000,0x00000000d7c80000)
 ParOldGen       total 87552K, used 0K [0x0000000080400000, 0x0000000085980000, 0x00000000d5700000)
  object space 87552K, 0% used [0x0000000080400000,0x0000000080400000,0x0000000085980000)
 Metaspace       used 4208K, capacity 5100K, committed 5376K, reserved 1056768K
  class space    used 443K, capacity 468K, committed 512K, reserved 1048576K

Card table byte_map: [0x0000000011ea0000,0x00000000122a0000] byte_map_base: 0x0000000011a9e000

Marking Bits: (ParMarkBitMap*) 0x0000000077193e30
 Begin Bits: [0x0000000012b50000, 0x0000000014b40000)
 End Bits:   [0x0000000014b40000, 0x0000000016b30000)

Polling page: 0x0000000000a30000

CodeCache: size=245760Kb used=1308Kb max_used=1313Kb free=244451Kb
 bounds [0x0000000002ae0000, 0x0000000002d50000, 0x0000000011ae0000]
 total_blobs=359 nmethods=114 adapters=167
 compilation: enabled

Compilation events (10 events):
Event: 18.317 Thread 0x0000000019668000 nmethod 110 0x0000000002c25a50 code [0x0000000002c25ba0, 0x0000000002c25cb0]
Event: 18.318 Thread 0x0000000019668000  111       3       java.lang.StringBuilder::toString (17 bytes)
Event: 18.318 Thread 0x0000000019668000 nmethod 111 0x0000000002c25610 code [0x0000000002c25780, 0x0000000002c25988]
Event: 18.318 Thread 0x000000001965e000 nmethod 109 0x0000000002c28790 code [0x0000000002c288c0, 0x0000000002c28998]
Event: 3444.392 Thread 0x0000000019668000  112       3       java.lang.String::indexOf (25 bytes)
Event: 3444.393 Thread 0x0000000019668000 nmethod 112 0x0000000002c251d0 code [0x0000000002c25340, 0x0000000002c25508]
Event: 3444.393 Thread 0x0000000019668000  113       3       java.io.WinNTFileSystem::prefixLength (91 bytes)
Event: 3444.396 Thread 0x0000000019668000 nmethod 113 0x0000000002c27490 code [0x0000000002c276a0, 0x0000000002c28248]
Event: 3444.424 Thread 0x0000000019668000  114       3       java.nio.DirectLongBufferU::ix (10 bytes)
Event: 3444.424 Thread 0x0000000019668000 nmethod 114 0x0000000002c27150 code [0x0000000002c272a0, 0x0000000002c27410]

GC Heap History (0 events):
No events

Deoptimization events (0 events):
No events

Classes redefined (10 events):
Event: 4761.274 Thread 0x00000000178d7000 redefined class name=AnalisadorLexico, count=4
Event: 4782.108 Thread 0x00000000178d7000 redefined class name=AnalisadorLexico, count=5
Event: 4837.972 Thread 0x00000000178d7000 redefined class name=AnalisadorLexico, count=6
Event: 4934.668 Thread 0x00000000178d7000 redefined class name=AnalisadorLexico, count=7
Event: 4934.668 Thread 0x00000000178d7000 redefined class name=AnalisadorSintatico, count=7
Event: 5010.676 Thread 0x00000000178d7000 redefined class name=AnalisadorLexico, count=8
Event: 5010.676 Thread 0x00000000178d7000 redefined class name=AnalisadorSintatico, count=8
Event: 8877.935 Thread 0x00000000178d7000 redefined class name=AnalisadorLexico, count=9
Event: 8979.123 Thread 0x00000000178d7000 redefined class name=AnalisadorLexico, count=10
Event: 9885.029 Thread 0x00000000178d7000 redefined class name=AnalisadorLexico, count=11

Internal exceptions (7 events):
Event: 0.049 Thread 0x00000000029e3800 Exception <a 'java/lang/NoSuchMethodError': Method sun.misc.Unsafe.defineClass(Ljava/lang/String;[BII)Ljava/lang/Class; name or signature does not match> (0x00000000d5707cb0) thrown at [C:\re\workspace\8-2-build-windows-amd64-cygwin\jdk8u191\11896\hotspot
Event: 0.049 Thread 0x00000000029e3800 Exception <a 'java/lang/NoSuchMethodError': Method sun.misc.Unsafe.prefetchRead(Ljava/lang/Object;J)V name or signature does not match> (0x00000000d5707f98) thrown at [C:\re\workspace\8-2-build-windows-amd64-cygwin\jdk8u191\11896\hotspot\src\share\vm\prim
Event: 0.211 Thread 0x00000000029e3800 Exception <a 'java/io/FileNotFoundException'> (0x00000000d5953fd0) thrown at [C:\re\workspace\8-2-build-windows-amd64-cygwin\jdk8u191\11896\hotspot\src\share\vm\prims\jni.cpp, line 709]
Event: 0.249 Thread 0x00000000029e3800 Exception <a 'java/security/PrivilegedActionException'> (0x00000000d5a61180) thrown at [C:\re\workspace\8-2-build-windows-amd64-cygwin\jdk8u191\11896\hotspot\src\share\vm\prims\jvm.cpp, line 1435]
Event: 0.249 Thread 0x00000000029e3800 Exception <a 'java/security/PrivilegedActionException'> (0x00000000d5a61578) thrown at [C:\re\workspace\8-2-build-windows-amd64-cygwin\jdk8u191\11896\hotspot\src\share\vm\prims\jvm.cpp, line 1435]
Event: 0.251 Thread 0x00000000029e3800 Exception <a 'java/security/PrivilegedActionException'> (0x00000000d5a65670) thrown at [C:\re\workspace\8-2-build-windows-amd64-cygwin\jdk8u191\11896\hotspot\src\share\vm\prims\jvm.cpp, line 1435]
Event: 0.251 Thread 0x00000000029e3800 Exception <a 'java/security/PrivilegedActionException'> (0x00000000d5a65a68) thrown at [C:\re\workspace\8-2-build-windows-amd64-cygwin\jdk8u191\11896\hotspot\src\share\vm\prims\jvm.cpp, line 1435]

Events (10 events):
Event: 9885.029 Executing VM operation: RedefineClasses done
Event: 9885.029 Executing VM operation: GetOrSetLocal
Event: 9885.029 Executing VM operation: GetOrSetLocal done
Event: 9885.127 Executing VM operation: ChangeBreakpoints
Event: 9885.127 Executing VM operation: ChangeBreakpoints done
Event: 9885.128 Executing VM operation: ChangeBreakpoints
Event: 9885.128 Executing VM operation: ChangeBreakpoints done
Event: 9885.128 Executing VM operation: ChangeBreakpoints
Event: 9885.128 Executing VM operation: ChangeBreakpoints done
Event: 9885.139 Executing VM operation: GetOrSetLocal


Dynamic libraries:
0x00007ff78a1c0000 - 0x00007ff78a1f7000 	C:\Program Files\Java\jdk1.8.0_191\bin\java.exe
0x00007ff93a350000 - 0x00007ff93a531000 	C:\WINDOWS\SYSTEM32\ntdll.dll
0x00007ff939cd0000 - 0x00007ff939d81000 	C:\WINDOWS\System32\KERNEL32.DLL
0x00007ff936720000 - 0x00007ff936993000 	C:\WINDOWS\System32\KERNELBASE.dll
0x00007ff939c20000 - 0x00007ff939cc1000 	C:\WINDOWS\System32\ADVAPI32.dll
0x00007ff939ee0000 - 0x00007ff939f7e000 	C:\WINDOWS\System32\msvcrt.dll
0x00007ff9379b0000 - 0x00007ff937a0b000 	C:\WINDOWS\System32\sechost.dll
0x00007ff939db0000 - 0x00007ff939ed4000 	C:\WINDOWS\System32\RPCRT4.dll
0x00007ff939a00000 - 0x00007ff939b90000 	C:\WINDOWS\System32\USER32.dll
0x00007ff937740000 - 0x00007ff937760000 	C:\WINDOWS\System32\win32u.dll
0x00007ff939b90000 - 0x00007ff939bb8000 	C:\WINDOWS\System32\GDI32.dll
0x00007ff936a50000 - 0x00007ff936be2000 	C:\WINDOWS\System32\gdi32full.dll
0x00007ff936c40000 - 0x00007ff936cdf000 	C:\WINDOWS\System32\msvcp_win.dll
0x00007ff936ce0000 - 0x00007ff936dd8000 	C:\WINDOWS\System32\ucrtbase.dll
0x00007ff92c5c0000 - 0x00007ff92c829000 	C:\WINDOWS\WinSxS\amd64_microsoft.windows.common-controls_6595b64144ccf1df_6.0.17134.706_none_fb43a2cb30647007\COMCTL32.dll
0x00007ff939f80000 - 0x00007ff93a2a2000 	C:\WINDOWS\System32\combase.dll
0x00007ff937760000 - 0x00007ff9377da000 	C:\WINDOWS\System32\bcryptPrimitives.dll
0x00007ff9377e0000 - 0x00007ff93780d000 	C:\WINDOWS\System32\IMM32.DLL
0x0000000050300000 - 0x00000000503d2000 	C:\Program Files\Java\jdk1.8.0_191\jre\bin\msvcr100.dll
0x0000000076970000 - 0x0000000077214000 	C:\Program Files\Java\jdk1.8.0_191\jre\bin\server\jvm.dll
0x00007ff937a20000 - 0x00007ff937a28000 	C:\WINDOWS\System32\PSAPI.DLL
0x00007ff9330e0000 - 0x00007ff9330e9000 	C:\WINDOWS\SYSTEM32\WSOCK32.dll
0x00007ff93a2b0000 - 0x00007ff93a31c000 	C:\WINDOWS\System32\WS2_32.dll
0x00007ff933fd0000 - 0x00007ff933ff3000 	C:\WINDOWS\SYSTEM32\WINMM.dll
0x00007ff932c20000 - 0x00007ff932c2a000 	C:\WINDOWS\SYSTEM32\VERSION.dll
0x00007ff933580000 - 0x00007ff9335aa000 	C:\WINDOWS\SYSTEM32\WINMMBASE.dll
0x00007ff936bf0000 - 0x00007ff936c39000 	C:\WINDOWS\System32\cfgmgr32.dll
0x0000000050e60000 - 0x0000000050e6f000 	C:\Program Files\Java\jdk1.8.0_191\jre\bin\verify.dll
0x0000000050e30000 - 0x0000000050e59000 	C:\Program Files\Java\jdk1.8.0_191\jre\bin\java.dll
0x0000000050240000 - 0x0000000050275000 	C:\Program Files\Java\jdk1.8.0_191\jre\bin\jdwp.dll
0x0000000050dc0000 - 0x0000000050dc8000 	C:\Program Files\Java\jdk1.8.0_191\jre\bin\npt.dll
0x0000000050210000 - 0x0000000050233000 	C:\Program Files\Java\jdk1.8.0_191\jre\bin\instrument.dll
0x0000000050e10000 - 0x0000000050e26000 	C:\Program Files\Java\jdk1.8.0_191\jre\bin\zip.dll
0x00007ff9380a0000 - 0x00007ff9394e0000 	C:\WINDOWS\System32\SHELL32.dll
0x00007ff939640000 - 0x00007ff9396e9000 	C:\WINDOWS\System32\shcore.dll
0x00007ff937030000 - 0x00007ff93773d000 	C:\WINDOWS\System32\windows.storage.dll
0x00007ff937a30000 - 0x00007ff937a81000 	C:\WINDOWS\System32\shlwapi.dll
0x00007ff936690000 - 0x00007ff9366a1000 	C:\WINDOWS\System32\kernel.appcore.dll
0x00007ff936670000 - 0x00007ff93668f000 	C:\WINDOWS\System32\profapi.dll
0x00007ff9366b0000 - 0x00007ff9366fc000 	C:\WINDOWS\System32\powrprof.dll
0x00007ff936660000 - 0x00007ff93666a000 	C:\WINDOWS\System32\FLTLIB.DLL
0x0000000050db0000 - 0x0000000050db9000 	C:\Program Files\Java\jdk1.8.0_191\jre\bin\dt_socket.dll
0x00007ff935ee0000 - 0x00007ff935f46000 	C:\WINDOWS\system32\mswsock.dll

VM Arguments:
jvm_args: -agentlib:jdwp=transport=dt_socket,address=127.0.0.1:62612,suspend=y,server=n -javaagent:C:\Users\Pedro\.IdeaIC2018.2\system\captureAgent\debugger-agent.jar=file:/C:/Users/Pedro/AppData/Local/Temp/capture.props -Dfile.encoding=UTF-8 
java_command: Main
java_class_path (initial): C:\Program Files\Java\jdk1.8.0_191\jre\lib\charsets.jar;C:\Program Files\Java\jdk1.8.0_191\jre\lib\deploy.jar;C:\Program Files\Java\jdk1.8.0_191\jre\lib\ext\access-bridge-64.jar;C:\Program Files\Java\jdk1.8.0_191\jre\lib\ext\cldrdata.jar;C:\Program Files\Java\jdk1.8.0_191\jre\lib\ext\dnsns.jar;C:\Program Files\Java\jdk1.8.0_191\jre\lib\ext\jaccess.jar;C:\Program Files\Java\jdk1.8.0_191\jre\lib\ext\jfxrt.jar;C:\Program Files\Java\jdk1.8.0_191\jre\lib\ext\localedata.jar;C:\Program Files\Java\jdk1.8.0_191\jre\lib\ext\nashorn.jar;C:\Program Files\Java\jdk1.8.0_191\jre\lib\ext\sunec.jar;C:\Program Files\Java\jdk1.8.0_191\jre\lib\ext\sunjce_provider.jar;C:\Program Files\Java\jdk1.8.0_191\jre\lib\ext\sunmscapi.jar;C:\Program Files\Java\jdk1.8.0_191\jre\lib\ext\sunpkcs11.jar;C:\Program Files\Java\jdk1.8.0_191\jre\lib\ext\zipfs.jar;C:\Program Files\Java\jdk1.8.0_191\jre\lib\javaws.jar;C:\Program Files\Java\jdk1.8.0_191\jre\lib\jce.jar;C:\Program Files\Java\jdk1.8.0_191\jre\lib\jfr.jar;C:\Program Files\Java\jdk1.8.0_191\jre\lib\jfxswt.jar;C:\Program Files\Java\jdk1.8.0_191\jre\lib\jsse.jar;C:\Program Files\Java\jdk1.8.0_191\jre\lib\management-agent.jar;C:\Program Files\Java\jdk1.8.0_191\jre\lib\plugin.jar;C:\Program Files\Java\jdk1.8.0_191\jre\lib\resources.jar;C:\Program Files\Java\jdk1.8.0_191\jre\lib\rt.jar;C:\Users\Pedro\Desktop\Compilador\out\production\Compilador;C:\Program Files\JetBrains\IntelliJ IDEA Community Edition 2018.2.6\lib\idea_rt.jar;C:\Users\Pedro\.IdeaIC2018.2\system\captureAgent\debugger-agent.jar
Launcher Type: SUN_STANDARD

Environment Variables:
PATH=C:\Program Files (x86)\Common Files\Oracle\Java\javapath;C:\WINDOWS\system32;C:\WINDOWS;C:\WINDOWS\System32\Wbem;C:\WINDOWS\System32\WindowsPowerShell\v1.0\;C:\WINDOWS\System32\OpenSSH\;C:\Program Files\dotnet\;C:\Program Files\Microsoft SQL Server\130\Tools\Binn\;C:\Program Files\Git\cmd;C:\Program Files (x86)\NVIDIA Corporation\PhysX\Common;C:\Program Files\NVIDIA Corporation\NVIDIA NvDLISR;C:\android-ndk-r19c;C:\Program Files\GLPK\glpk-4.65\w64\glpsol.exe;C:\MinGW\bin;C:\Users\Pedro\AppData\Local\Microsoft\WindowsApps;C:\Users\Pedro\AppData\Local\GitHubDesktop\bin;C:\Program Files\Java\jdk1.8.0_191\bin;C:\MinGW\bin;
USERNAME=Pedro
OS=Windows_NT
PROCESSOR_IDENTIFIER=AMD64 Family 21 Model 2 Stepping 0, AuthenticAMD



---------------  S Y S T E M  ---------------

OS: Windows 10.0 , 64 bit Build 17134 (10.0.17134.706)

CPU:total 6 (initial active 6) (6 cores per cpu, 1 threads per core) family 21 model 2 stepping 0, cmov, cx8, fxsr, mmx, sse, sse2, sse3, ssse3, sse4.1, sse4.2, popcnt, avx, aes, clmul, mmxext, 3dnowpref, lzcnt, sse4a, tsc, tscinvbit, tscinv, bmi1

Memory: 4k page, physical 8370292k(3696600k free), swap 15186036k(3785572k free)

vm_info: Java HotSpot(TM) 64-Bit Server VM (25.191-b12) for windows-amd64 JRE (1.8.0_191-b12), built on Oct  6 2018 09:29:03 by "java_re" with MS VC++ 10.0 (VS2010)

time: Mon Jun 03 22:44:22 2019
elapsed time: 9885 seconds (0d 2h 44m 45s)

