#
# A fatal error has been detected by the Java Runtime Environment:
#
#  EXCEPTION_ACCESS_VIOLATION (0xc0000005) at pc=0x0000000076807506, pid=19792, tid=0x0000000000004db0
#
# JRE version: Java(TM) SE Runtime Environment (8.0_191-b12) (build 1.8.0_191-b12)
# Java VM: Java HotSpot(TM) 64-Bit Server VM (25.191-b12 mixed mode windows-amd64 compressed oops)
# Problematic frame:
# V  [jvm.dll+0x237506]
#
# Failed to write core dump. Minidumps are not enabled by default on client versions of Windows
#
# If you would like to submit a bug report, please visit:
#   http://bugreport.java.com/bugreport/crash.jsp
#

---------------  T H R E A D  ---------------

Current thread (0x0000000017ae7800):  VMThread [stack: 0x00000000191a0000,0x00000000192a0000] [id=19888]

siginfo: ExceptionCode=0xc0000005, reading address 0x0000000000000008

Registers:
RAX=0x0000000000000000, RBX=0x000000001929e920, RCX=0x000000001929e920, RDX=0x0000000000000028
RSP=0x000000001929e650, RBP=0x000000001929ee60, RSI=0x0000000000000000, RDI=0x000000001929eff0
R8 =0x0000000000000000, R9 =0x0000000017550110, R10=0x0000000000000008, R11=0x0000000076bd8f18
R12=0x00000000198c5a88, R13=0x000000001929ee20, R14=0x00000000000003d8, R15=0x000000001929ee10
RIP=0x0000000076807506, EFLAGS=0x0000000000010202

Top of Stack: (sp=0x000000001929e650)
0x000000001929e650:   0000000000000000 0000000076807553
0x000000001929e660:   0000000000000000 0000000000000000
0x000000001929e670:   0000000000000000 0000000000000000
0x000000001929e680:   0000000000000000 0000000076807553
0x000000001929e690:   0000000000000000 0000000000000000
0x000000001929e6a0:   0000000000000000 000000007680774b
0x000000001929e6b0:   0000000000000000 0000000000000000
0x000000001929e6c0:   0000fa9c4c5580f4 0000000000000000
0x000000001929e6d0:   0000000000000000 000000007680798f
0x000000001929e6e0:   000000001929e860 0000000000000000
0x000000001929e6f0:   0000000000000000 0000000000000000
0x000000001929e700:   0000000000000000 0000000000000000
0x000000001929e710:   0000000000000000 0000000076807553
0x000000001929e720:   0000000000000000 0000000000000000
0x000000001929e730:   0000000000000000 0000000000000000
0x000000001929e740:   0000000001050000 00007ff86939c822 

Instructions: (pc=0x0000000076807506)
0x00000000768074e6:   01 00 00 48 8b 05 c0 b4 5b 00 48 33 c4 48 89 84
0x00000000768074f6:   24 30 01 00 00 4c 63 41 10 48 8b 41 08 48 8b d9
0x0000000076807506:   42 38 54 00 08 74 33 44 0f be c2 48 8d 4c 24 20
0x0000000076807516:   48 8d 15 13 ef 3e 00 e8 ae e6 de ff 48 8d 0d 97 


Register to memory mapping:

RAX=0x0000000000000000 is an unknown value
RBX=0x000000001929e920 is an unknown value
RCX=0x000000001929e920 is an unknown value
RDX=0x0000000000000028 is an unknown value
RSP=0x000000001929e650 is an unknown value
RBP=0x000000001929ee60 is an unknown value
RSI=0x0000000000000000 is an unknown value
RDI=0x000000001929eff0 is an unknown value
R8 =0x0000000000000000 is an unknown value
R9 =0x0000000017550110 is pointing into metadata
R10=0x0000000000000008 is an unknown value
R11=0x0000000076bd8f18 is an unknown value
R12=0x00000000198c5a88 is an unknown value
R13=0x000000001929ee20 is an unknown value
R14=0x00000000000003d8 is an unknown value
R15=0x000000001929ee10 is an unknown value


Stack: [0x00000000191a0000,0x00000000192a0000],  sp=0x000000001929e650,  free space=1017k
Native frames: (J=compiled Java code, j=interpreted, Vv=VM code, C=native code)
V  [jvm.dll+0x237506]
V  [jvm.dll+0x237b84]
V  [jvm.dll+0xff633]
V  [jvm.dll+0x102749]
V  [jvm.dll+0x1031ef]
V  [jvm.dll+0x103a35]
V  [jvm.dll+0x103c82]
V  [jvm.dll+0xc525e]
V  [jvm.dll+0xc58e8]
V  [jvm.dll+0xc5a1a]
V  [jvm.dll+0xc5c18]
V  [jvm.dll+0x10fbba]
V  [jvm.dll+0x12d43f]
V  [jvm.dll+0x1bf3cf]
V  [jvm.dll+0x24d0c7]
V  [jvm.dll+0x24c366]
V  [jvm.dll+0x24c801]
V  [jvm.dll+0x24ca1e]
V  [jvm.dll+0x29eb9a]
C  [msvcr100.dll+0x21d9f]
C  [msvcr100.dll+0x21e3b]
C  [KERNEL32.DLL+0x13dc4]
C  [ntdll.dll+0x73691]

VM_Operation (0x0000000019caf4d0): GetOrSetLocal, mode: safepoint, requested by thread 0x0000000017b38800


---------------  P R O C E S S  ---------------

Java Threads: ( => current thread )
  0x00000000198ef800 JavaThread "Service Thread" daemon [_thread_blocked, id=19940, stack(0x000000001a1b0000,0x000000001a2b0000)]
  0x0000000019876000 JavaThread "C1 CompilerThread2" daemon [_thread_blocked, id=19936, stack(0x000000001a0b0000,0x000000001a1b0000)]
  0x0000000019817000 JavaThread "C2 CompilerThread1" daemon [_thread_blocked, id=19932, stack(0x0000000019fb0000,0x000000001a0b0000)]
  0x0000000019816000 JavaThread "C2 CompilerThread0" daemon [_thread_blocked, id=19928, stack(0x0000000019eb0000,0x0000000019fb0000)]
  0x00000000197b6800 JavaThread "JDWP Command Reader" daemon [_thread_in_native, id=19924, stack(0x0000000019db0000,0x0000000019eb0000)]
  0x00000000197b5800 JavaThread "JDWP Event Helper Thread" daemon [_thread_blocked, id=19916, stack(0x0000000019cb0000,0x0000000019db0000)]
  0x0000000017b38800 JavaThread "JDWP Transport Listener: dt_socket" daemon [_thread_blocked, id=19908, stack(0x0000000019bb0000,0x0000000019cb0000)]
  0x0000000017b2c000 JavaThread "Attach Listener" daemon [_thread_blocked, id=19904, stack(0x00000000196b0000,0x00000000197b0000)]
  0x0000000017b2b000 JavaThread "Signal Dispatcher" daemon [_thread_blocked, id=19900, stack(0x00000000195b0000,0x00000000196b0000)]
  0x0000000017b0d800 JavaThread "Finalizer" daemon [_thread_blocked, id=19896, stack(0x00000000193a0000,0x00000000194a0000)]
  0x0000000017b0c000 JavaThread "Reference Handler" daemon [_thread_blocked, id=19892, stack(0x00000000192a0000,0x00000000193a0000)]
  0x0000000002bf3800 JavaThread "main" [_thread_blocked, id=19860, stack(0x0000000002950000,0x0000000002a50000)]

Other Threads:
=>0x0000000017ae7800 VMThread [stack: 0x00000000191a0000,0x00000000192a0000] [id=19888]
  0x0000000019908000 WatcherThread [stack: 0x000000001a400000,0x000000001a500000] [id=19948]

VM state:at safepoint (normal execution)

VM Mutex/Monitor currently owned by a thread:  ([mutex/lock_event])
[0x0000000002bf0e50] Threads_lock - owner thread: 0x0000000017ae7800

Heap:
 PSYoungGen      total 38400K, used 4682K [0x00000000d5700000, 0x00000000d8180000, 0x0000000100000000)
  eden space 33280K, 14% used [0x00000000d5700000,0x00000000d5b92bd8,0x00000000d7780000)
  from space 5120K, 0% used [0x00000000d7c80000,0x00000000d7c80000,0x00000000d8180000)
  to   space 5120K, 0% used [0x00000000d7780000,0x00000000d7780000,0x00000000d7c80000)
 ParOldGen       total 87552K, used 0K [0x0000000080400000, 0x0000000085980000, 0x00000000d5700000)
  object space 87552K, 0% used [0x0000000080400000,0x0000000080400000,0x0000000085980000)
 Metaspace       used 3888K, capacity 4780K, committed 4864K, reserved 1056768K
  class space    used 431K, capacity 468K, committed 512K, reserved 1048576K

Card table byte_map: [0x00000000120b0000,0x00000000124b0000] byte_map_base: 0x0000000011cae000

Marking Bits: (ParMarkBitMap*) 0x0000000076df3e30
 Begin Bits: [0x0000000012d60000, 0x0000000014d50000)
 End Bits:   [0x0000000014d50000, 0x0000000016d40000)

Polling page: 0x00000000007f0000

CodeCache: size=245760Kb used=1301Kb max_used=1312Kb free=244458Kb
 bounds [0x0000000002cf0000, 0x0000000002f60000, 0x0000000011cf0000]
 total_blobs=352 nmethods=107 adapters=167
 compilation: enabled

Compilation events (10 events):
Event: 2.847 Thread 0x0000000019876000 nmethod 102 0x0000000002e35c50 code [0x0000000002e35dc0, 0x0000000002e36108]
Event: 2.847 Thread 0x0000000019816000  104       4       java.util.HashMap$ValueIterator::next (8 bytes)
Event: 2.848 Thread 0x0000000019876000  105       3       java.util.HashMap::values (25 bytes)
Event: 2.848 Thread 0x0000000019876000 nmethod 105 0x0000000002e35650 code [0x0000000002e357c0, 0x0000000002e35af0]
Event: 2.848 Thread 0x0000000019876000  106       3       java.util.HashMap$Values::size (8 bytes)
Event: 2.848 Thread 0x0000000019876000 nmethod 106 0x0000000002e35310 code [0x0000000002e35460, 0x0000000002e355b0]
Event: 2.848 Thread 0x0000000019876000  107       3       java.util.HashMap$ValueIterator::<init> (11 bytes)
Event: 2.848 Thread 0x0000000019876000 nmethod 107 0x0000000002e34f50 code [0x0000000002e350c0, 0x0000000002e35288]
Event: 2.850 Thread 0x0000000019817000 nmethod 103 0x0000000002e335d0 code [0x0000000002e33720, 0x0000000002e338b8]
Event: 2.850 Thread 0x0000000019816000 nmethod 104 0x0000000002e37f10 code [0x0000000002e38060, 0x0000000002e381f8]

GC Heap History (0 events):
No events

Deoptimization events (0 events):
No events

Classes redefined (2 events):
Event: 73.767 Thread 0x0000000017ae7800 redefined class name=AnalisadorLexico, count=1
Event: 132.960 Thread 0x0000000017ae7800 redefined class name=AnalisadorLexico, count=2

Internal exceptions (7 events):
Event: 0.045 Thread 0x0000000002bf3800 Exception <a 'java/lang/NoSuchMethodError': Method sun.misc.Unsafe.defineClass(Ljava/lang/String;[BII)Ljava/lang/Class; name or signature does not match> (0x00000000d5707cb0) thrown at [C:\re\workspace\8-2-build-windows-amd64-cygwin\jdk8u191\11896\hotspot
Event: 0.045 Thread 0x0000000002bf3800 Exception <a 'java/lang/NoSuchMethodError': Method sun.misc.Unsafe.prefetchRead(Ljava/lang/Object;J)V name or signature does not match> (0x00000000d5707f98) thrown at [C:\re\workspace\8-2-build-windows-amd64-cygwin\jdk8u191\11896\hotspot\src\share\vm\prim
Event: 0.224 Thread 0x0000000002bf3800 Exception <a 'java/io/FileNotFoundException'> (0x00000000d5953fd0) thrown at [C:\re\workspace\8-2-build-windows-amd64-cygwin\jdk8u191\11896\hotspot\src\share\vm\prims\jni.cpp, line 709]
Event: 0.261 Thread 0x0000000002bf3800 Exception <a 'java/security/PrivilegedActionException'> (0x00000000d5a61180) thrown at [C:\re\workspace\8-2-build-windows-amd64-cygwin\jdk8u191\11896\hotspot\src\share\vm\prims\jvm.cpp, line 1435]
Event: 0.261 Thread 0x0000000002bf3800 Exception <a 'java/security/PrivilegedActionException'> (0x00000000d5a61578) thrown at [C:\re\workspace\8-2-build-windows-amd64-cygwin\jdk8u191\11896\hotspot\src\share\vm\prims\jvm.cpp, line 1435]
Event: 0.262 Thread 0x0000000002bf3800 Exception <a 'java/security/PrivilegedActionException'> (0x00000000d5a65670) thrown at [C:\re\workspace\8-2-build-windows-amd64-cygwin\jdk8u191\11896\hotspot\src\share\vm\prims\jvm.cpp, line 1435]
Event: 0.262 Thread 0x0000000002bf3800 Exception <a 'java/security/PrivilegedActionException'> (0x00000000d5a65a68) thrown at [C:\re\workspace\8-2-build-windows-amd64-cygwin\jdk8u191\11896\hotspot\src\share\vm\prims\jvm.cpp, line 1435]

Events (10 events):
Event: 133.021 Executing VM operation: ChangeBreakpoints done
Event: 133.022 Executing VM operation: ChangeBreakpoints
Event: 133.022 Executing VM operation: ChangeBreakpoints done
Event: 133.023 Executing VM operation: ChangeBreakpoints
Event: 133.023 Executing VM operation: ChangeBreakpoints done
Event: 133.023 Executing VM operation: ChangeBreakpoints
Event: 133.024 Executing VM operation: ChangeBreakpoints done
Event: 133.024 Executing VM operation: ChangeBreakpoints
Event: 133.024 Executing VM operation: ChangeBreakpoints done
Event: 133.059 Executing VM operation: GetOrSetLocal


Dynamic libraries:
0x00007ff777750000 - 0x00007ff777787000 	C:\Program Files\Java\jdk1.8.0_191\bin\java.exe
0x00007ff869380000 - 0x00007ff869561000 	C:\WINDOWS\SYSTEM32\ntdll.dll
0x00007ff868340000 - 0x00007ff8683f2000 	C:\WINDOWS\System32\KERNEL32.DLL
0x00007ff8663f0000 - 0x00007ff866663000 	C:\WINDOWS\System32\KERNELBASE.dll
0x00007ff866e50000 - 0x00007ff866ef1000 	C:\WINDOWS\System32\ADVAPI32.dll
0x00007ff868c20000 - 0x00007ff868cbe000 	C:\WINDOWS\System32\msvcrt.dll
0x00007ff866810000 - 0x00007ff86686b000 	C:\WINDOWS\System32\sechost.dll
0x00007ff868560000 - 0x00007ff868684000 	C:\WINDOWS\System32\RPCRT4.dll
0x00007ff8691c0000 - 0x00007ff869350000 	C:\WINDOWS\System32\USER32.dll
0x00007ff8659a0000 - 0x00007ff8659c0000 	C:\WINDOWS\System32\win32u.dll
0x00007ff868690000 - 0x00007ff8686b8000 	C:\WINDOWS\System32\GDI32.dll
0x00007ff865800000 - 0x00007ff865992000 	C:\WINDOWS\System32\gdi32full.dll
0x00007ff866670000 - 0x00007ff86670f000 	C:\WINDOWS\System32\msvcp_win.dll
0x00007ff866710000 - 0x00007ff866808000 	C:\WINDOWS\System32\ucrtbase.dll
0x00007ff85d5e0000 - 0x00007ff85d849000 	C:\WINDOWS\WinSxS\amd64_microsoft.windows.common-controls_6595b64144ccf1df_6.0.17134.648_none_fb45a0e93062a6d2\COMCTL32.dll
0x00007ff866b20000 - 0x00007ff866e42000 	C:\WINDOWS\System32\combase.dll
0x00007ff865a20000 - 0x00007ff865a9a000 	C:\WINDOWS\System32\bcryptPrimitives.dll
0x00007ff866950000 - 0x00007ff86697d000 	C:\WINDOWS\System32\IMM32.DLL
0x0000000050470000 - 0x0000000050542000 	C:\Program Files\Java\jdk1.8.0_191\jre\bin\msvcr100.dll
0x00000000765d0000 - 0x0000000076e74000 	C:\Program Files\Java\jdk1.8.0_191\jre\bin\server\jvm.dll
0x00007ff868cc0000 - 0x00007ff868cc8000 	C:\WINDOWS\System32\PSAPI.DLL
0x00007ff84b030000 - 0x00007ff84b039000 	C:\WINDOWS\SYSTEM32\WSOCK32.dll
0x00007ff868cd0000 - 0x00007ff868d3c000 	C:\WINDOWS\System32\WS2_32.dll
0x00007ff862530000 - 0x00007ff862553000 	C:\WINDOWS\SYSTEM32\WINMM.dll
0x00007ff861ae0000 - 0x00007ff861aea000 	C:\WINDOWS\SYSTEM32\VERSION.dll
0x00007ff862500000 - 0x00007ff86252a000 	C:\WINDOWS\SYSTEM32\WINMMBASE.dll
0x00007ff8661b0000 - 0x00007ff8661f9000 	C:\WINDOWS\System32\cfgmgr32.dll
0x0000000050460000 - 0x000000005046f000 	C:\Program Files\Java\jdk1.8.0_191\jre\bin\verify.dll
0x0000000050430000 - 0x0000000050459000 	C:\Program Files\Java\jdk1.8.0_191\jre\bin\java.dll
0x0000000050390000 - 0x00000000503c5000 	C:\Program Files\Java\jdk1.8.0_191\jre\bin\jdwp.dll
0x0000000050380000 - 0x0000000050388000 	C:\Program Files\Java\jdk1.8.0_191\jre\bin\npt.dll
0x0000000050350000 - 0x0000000050373000 	C:\Program Files\Java\jdk1.8.0_191\jre\bin\instrument.dll
0x0000000050410000 - 0x0000000050426000 	C:\Program Files\Java\jdk1.8.0_191\jre\bin\zip.dll
0x00007ff866f00000 - 0x00007ff868340000 	C:\WINDOWS\System32\SHELL32.dll
0x00007ff868b10000 - 0x00007ff868bb9000 	C:\WINDOWS\System32\shcore.dll
0x00007ff865aa0000 - 0x00007ff8661ad000 	C:\WINDOWS\System32\windows.storage.dll
0x00007ff868d50000 - 0x00007ff868da1000 	C:\WINDOWS\System32\shlwapi.dll
0x00007ff865690000 - 0x00007ff8656a1000 	C:\WINDOWS\System32\kernel.appcore.dll
0x00007ff865710000 - 0x00007ff86572f000 	C:\WINDOWS\System32\profapi.dll
0x00007ff8656b0000 - 0x00007ff8656fc000 	C:\WINDOWS\System32\powrprof.dll
0x00007ff865700000 - 0x00007ff86570a000 	C:\WINDOWS\System32\FLTLIB.DLL
0x0000000050340000 - 0x0000000050349000 	C:\Program Files\Java\jdk1.8.0_191\jre\bin\dt_socket.dll
0x00007ff864f10000 - 0x00007ff864f76000 	C:\WINDOWS\system32\mswsock.dll
0x00007ff84fe90000 - 0x00007ff850059000 	C:\WINDOWS\SYSTEM32\dbghelp.dll

VM Arguments:
jvm_args: -agentlib:jdwp=transport=dt_socket,address=127.0.0.1:60409,suspend=y,server=n -javaagent:C:\Users\Pedro\.IdeaIC2018.2\system\captureAgent\debugger-agent.jar=file:/C:/Users/Pedro/AppData/Local/Temp/capture.props -Dfile.encoding=UTF-8 
java_command: Main
java_class_path (initial): C:\Program Files\Java\jdk1.8.0_191\jre\lib\charsets.jar;C:\Program Files\Java\jdk1.8.0_191\jre\lib\deploy.jar;C:\Program Files\Java\jdk1.8.0_191\jre\lib\ext\access-bridge-64.jar;C:\Program Files\Java\jdk1.8.0_191\jre\lib\ext\cldrdata.jar;C:\Program Files\Java\jdk1.8.0_191\jre\lib\ext\dnsns.jar;C:\Program Files\Java\jdk1.8.0_191\jre\lib\ext\jaccess.jar;C:\Program Files\Java\jdk1.8.0_191\jre\lib\ext\jfxrt.jar;C:\Program Files\Java\jdk1.8.0_191\jre\lib\ext\localedata.jar;C:\Program Files\Java\jdk1.8.0_191\jre\lib\ext\nashorn.jar;C:\Program Files\Java\jdk1.8.0_191\jre\lib\ext\sunec.jar;C:\Program Files\Java\jdk1.8.0_191\jre\lib\ext\sunjce_provider.jar;C:\Program Files\Java\jdk1.8.0_191\jre\lib\ext\sunmscapi.jar;C:\Program Files\Java\jdk1.8.0_191\jre\lib\ext\sunpkcs11.jar;C:\Program Files\Java\jdk1.8.0_191\jre\lib\ext\zipfs.jar;C:\Program Files\Java\jdk1.8.0_191\jre\lib\javaws.jar;C:\Program Files\Java\jdk1.8.0_191\jre\lib\jce.jar;C:\Program Files\Java\jdk1.8.0_191\jre\lib\jfr.jar;C:\Program Files\Java\jdk1.8.0_191\jre\lib\jfxswt.jar;C:\Program Files\Java\jdk1.8.0_191\jre\lib\jsse.jar;C:\Program Files\Java\jdk1.8.0_191\jre\lib\management-agent.jar;C:\Program Files\Java\jdk1.8.0_191\jre\lib\plugin.jar;C:\Program Files\Java\jdk1.8.0_191\jre\lib\resources.jar;C:\Program Files\Java\jdk1.8.0_191\jre\lib\rt.jar;C:\Users\Pedro\Desktop\Compilador\out\production\Compilador;C:\Program Files\JetBrains\IntelliJ IDEA Community Edition 2018.2.6\lib\idea_rt.jar;C:\Users\Pedro\.IdeaIC2018.2\system\captureAgent\debugger-agent.jar
Launcher Type: SUN_STANDARD

Environment Variables:
PATH=C:\Program Files (x86)\Common Files\Oracle\Java\javapath;C:\WINDOWS\system32;C:\WINDOWS;C:\WINDOWS\System32\Wbem;C:\WINDOWS\System32\WindowsPowerShell\v1.0\;C:\WINDOWS\System32\OpenSSH\;C:\Program Files\dotnet\;C:\Program Files\Microsoft SQL Server\130\Tools\Binn\;C:\Program Files\Git\cmd;C:\Program Files (x86)\NVIDIA Corporation\PhysX\Common;C:\Program Files\NVIDIA Corporation\NVIDIA NvDLISR;C:\Users\Pedro\AppData\Local\Microsoft\WindowsApps;C:\Users\Pedro\AppData\Local\GitHubDesktop\bin
USERNAME=Pedro
OS=Windows_NT
PROCESSOR_IDENTIFIER=AMD64 Family 21 Model 2 Stepping 0, AuthenticAMD



---------------  S Y S T E M  ---------------

OS: Windows 10.0 , 64 bit Build 17134 (10.0.17134.648)

CPU:total 6 (initial active 6) (6 cores per cpu, 1 threads per core) family 21 model 2 stepping 0, cmov, cx8, fxsr, mmx, sse, sse2, sse3, ssse3, sse4.1, sse4.2, popcnt, avx, aes, clmul, mmxext, 3dnowpref, lzcnt, sse4a, tsc, tscinvbit, tscinv, bmi1

Memory: 4k page, physical 8370292k(1681124k free), swap 23865280k(2748284k free)

vm_info: Java HotSpot(TM) 64-Bit Server VM (25.191-b12) for windows-amd64 JRE (1.8.0_191-b12), built on Oct  6 2018 09:29:03 by "java_re" with MS VC++ 10.0 (VS2010)

time: Tue Apr 23 23:37:40 2019
elapsed time: 133 seconds (0d 0h 2m 13s)

