#
# A fatal error has been detected by the Java Runtime Environment:
#
#  Internal Error (javaCalls.cpp:51), pid=9856, tid=0x0000000000001680
#  guarantee(thread->is_Java_thread()) failed: crucial check - the VM thread cannot and must not escape to Java code
#
# JRE version: Java(TM) SE Runtime Environment (8.0_191-b12) (build 1.8.0_191-b12)
# Java VM: Java HotSpot(TM) 64-Bit Server VM (25.191-b12 mixed mode windows-amd64 compressed oops)
# Failed to write core dump. Minidumps are not enabled by default on client versions of Windows
#
# If you would like to submit a bug report, please visit:
#   http://bugreport.java.com/bugreport/crash.jsp
#

---------------  T H R E A D  ---------------

Current thread (0x00000000180d8000):  VMThread [stack: 0x00000000197a0000,0x00000000198a0000] [id=5760]

Stack: [0x00000000197a0000,0x00000000198a0000]
[error occurred during error reporting (printing stack bounds), id 0xc0000005]

Native frames: (J=compiled Java code, j=interpreted, Vv=VM code, C=native code)

VM_Operation (0x000000001a2af250): GetOrSetLocal, mode: safepoint, requested by thread 0x0000000018128800


---------------  P R O C E S S  ---------------

Java Threads: ( => current thread )
  0x0000000019ef1800 JavaThread "Service Thread" daemon [_thread_blocked, id=1308, stack(0x000000001a7b0000,0x000000001a8b0000)]
  0x0000000019e7c800 JavaThread "C1 CompilerThread2" daemon [_thread_blocked, id=13820, stack(0x000000001a6b0000,0x000000001a7b0000)]
  0x0000000019e75000 JavaThread "C2 CompilerThread1" daemon [_thread_blocked, id=14984, stack(0x000000001a5b0000,0x000000001a6b0000)]
  0x0000000019e72000 JavaThread "C2 CompilerThread0" daemon [_thread_blocked, id=13424, stack(0x000000001a4b0000,0x000000001a5b0000)]
  0x0000000019db6800 JavaThread "JDWP Command Reader" daemon [_thread_in_native, id=16624, stack(0x000000001a3b0000,0x000000001a4b0000)]
  0x0000000019db5800 JavaThread "JDWP Event Helper Thread" daemon [_thread_blocked, id=16628, stack(0x000000001a2b0000,0x000000001a3b0000)]
  0x0000000018128800 JavaThread "JDWP Transport Listener: dt_socket" daemon [_thread_blocked, id=17024, stack(0x000000001a1b0000,0x000000001a2b0000)]
  0x000000001811c000 JavaThread "Attach Listener" daemon [_thread_blocked, id=7060, stack(0x0000000019cb0000,0x0000000019db0000)]
  0x000000001811b000 JavaThread "Signal Dispatcher" daemon [_thread_blocked, id=11676, stack(0x0000000019bb0000,0x0000000019cb0000)]
  0x00000000032da000 JavaThread "Finalizer" daemon [_thread_blocked, id=7552, stack(0x00000000199a0000,0x0000000019aa0000)]
  0x00000000180fc800 JavaThread "Reference Handler" daemon [_thread_blocked, id=10492, stack(0x00000000198a0000,0x00000000199a0000)]
  0x00000000031e3800 JavaThread "main" [_thread_blocked, id=14988, stack(0x0000000002f40000,0x0000000003040000)]

Other Threads:
=>0x00000000180d8000 VMThread [stack: 0x00000000197a0000,0x00000000198a0000] [id=5760]
  0x0000000019f4a800 WatcherThread [stack: 0x000000001aa00000,0x000000001ab00000] [id=12704]

VM state:at safepoint (normal execution)

VM Mutex/Monitor currently owned by a thread:  ([mutex/lock_event])
[0x00000000031e0c50] Threads_lock - owner thread: 0x00000000180d8000

Heap:
 PSYoungGen      total 38400K, used 3337K [0x00000000d5700000, 0x00000000d8180000, 0x0000000100000000)
  eden space 33280K, 10% used [0x00000000d5700000,0x00000000d5a42528,0x00000000d7780000)
  from space 5120K, 0% used [0x00000000d7c80000,0x00000000d7c80000,0x00000000d8180000)
  to   space 5120K, 0% used [0x00000000d7780000,0x00000000d7780000,0x00000000d7c80000)
 ParOldGen       total 87552K, used 0K [0x0000000080400000, 0x0000000085980000, 0x00000000d5700000)
  object space 87552K, 0% used [0x0000000080400000,0x0000000080400000,0x0000000085980000)
 Metaspace       used 3412K, capacity 4792K, committed 5120K, reserved 1056768K
  class space    used 357K, capacity 424K, committed 512K, reserved 1048576K

Card table byte_map: [0x00000000126a0000,0x0000000012aa0000] byte_map_base: 0x000000001229e000

Marking Bits: (ParMarkBitMap*) 0x0000000062fc3e30
 Begin Bits: [0x0000000013350000, 0x0000000015340000)
 End Bits:   [0x0000000015340000, 0x0000000017330000)

Polling page: 0x0000000001150000

CodeCache: size=245760Kb used=1208Kb max_used=1208Kb free=244551Kb
 bounds [0x00000000032e0000, 0x0000000003550000, 0x00000000122e0000]
 total_blobs=291 nmethods=55 adapters=158
 compilation: enabled

Compilation events (10 events):
Event: 0.264 Thread 0x0000000019e7c800   45       3       java.util.zip.ZipCoder::encoder (35 bytes)
Event: 0.265 Thread 0x0000000019e7c800 nmethod 45 0x0000000003409e10 code [0x0000000003409fa0, 0x000000000340a608]
Event: 0.265 Thread 0x0000000019e7c800   47       1       java.net.URL::getPath (5 bytes)
Event: 0.265 Thread 0x0000000019e7c800 nmethod 47 0x000000000340a7d0 code [0x000000000340a920, 0x000000000340aa30]
Event: 0.265 Thread 0x0000000019e7c800   49       1       java.net.URL::getAuthority (5 bytes)
Event: 0.265 Thread 0x0000000019e7c800 nmethod 49 0x000000000340aa90 code [0x000000000340abe0, 0x000000000340acf0]
Event: 0.544 Thread 0x0000000019e7c800   53       3       java.lang.CharacterData::of (120 bytes)
Event: 0.545 Thread 0x0000000019e7c800 nmethod 53 0x000000000340ad50 code [0x000000000340af00, 0x000000000340b4b0]
Event: 5.393 Thread 0x0000000019e7c800   55       3       java.lang.String::toLowerCase (439 bytes)
Event: 5.395 Thread 0x0000000019e7c800 nmethod 55 0x000000000340ba90 code [0x000000000340bdc0, 0x000000000340d6d8]

GC Heap History (0 events):
No events

Deoptimization events (0 events):
No events

Classes redefined (6 events):
Event: 80.312 Thread 0x00000000180d8000 redefined class name=LC.AnalisadorLexico, count=1
Event: 116.859 Thread 0x00000000180d8000 redefined class name=LC.AnalisadorLexico, count=2
Event: 2345.716 Thread 0x00000000180d8000 redefined class name=LC.AnalisadorSintatico, count=1
Event: 2488.253 Thread 0x00000000180d8000 redefined class name=LC.AnalisadorSintatico, count=2
Event: 2870.805 Thread 0x00000000180d8000 redefined class name=LC.AnalisadorLexico, count=3
Event: 2886.212 Thread 0x00000000180d8000 redefined class name=LC.AnalisadorLexico, count=4

Internal exceptions (3 events):
Event: 0.039 Thread 0x00000000031e3800 Exception <a 'java/lang/NoSuchMethodError': Method sun.misc.Unsafe.defineClass(Ljava/lang/String;[BII)Ljava/lang/Class; name or signature does not match> (0x00000000d5707cb0) thrown at [C:\re\workspace\8-2-build-windows-amd64-cygwin\jdk8u191\11896\hotspot
Event: 0.039 Thread 0x00000000031e3800 Exception <a 'java/lang/NoSuchMethodError': Method sun.misc.Unsafe.prefetchRead(Ljava/lang/Object;J)V name or signature does not match> (0x00000000d5707f98) thrown at [C:\re\workspace\8-2-build-windows-amd64-cygwin\jdk8u191\11896\hotspot\src\share\vm\prim
Event: 0.224 Thread 0x00000000031e3800 Exception <a 'java/io/FileNotFoundException'> (0x00000000d59533d8) thrown at [C:\re\workspace\8-2-build-windows-amd64-cygwin\jdk8u191\11896\hotspot\src\share\vm\prims\jni.cpp, line 709]

Events (10 events):
Event: 2886.209 Executing VM operation: ChangeBreakpoints done
Event: 2886.209 Executing VM operation: ChangeBreakpoints
Event: 2886.209 Executing VM operation: ChangeBreakpoints done
Event: 2886.209 Executing VM operation: ChangeBreakpoints
Event: 2886.209 Executing VM operation: ChangeBreakpoints done
Event: 2886.210 Executing VM operation: ChangeBreakpoints
Event: 2886.210 Executing VM operation: ChangeBreakpoints done
Event: 2886.211 Executing VM operation: RedefineClasses
Event: 2886.212 Executing VM operation: RedefineClasses done
Event: 2886.213 Executing VM operation: GetOrSetLocal


Dynamic libraries:
0x00007ff6960f0000 - 0x00007ff696127000 	C:\Program Files\Java\jdk1.8.0_191\bin\java.exe
0x00007fff9afc0000 - 0x00007fff9b1a1000 	C:\WINDOWS\SYSTEM32\ntdll.dll
0x00007fff98bb0000 - 0x00007fff98c61000 	C:\WINDOWS\System32\KERNEL32.DLL
0x00007fff980b0000 - 0x00007fff98323000 	C:\WINDOWS\System32\KERNELBASE.dll
0x00007fff99450000 - 0x00007fff994f1000 	C:\WINDOWS\System32\ADVAPI32.dll
0x00007fff99910000 - 0x00007fff999ae000 	C:\WINDOWS\System32\msvcrt.dll
0x00007fff996a0000 - 0x00007fff996fb000 	C:\WINDOWS\System32\sechost.dll
0x00007fff99100000 - 0x00007fff99224000 	C:\WINDOWS\System32\RPCRT4.dll
0x00007fff985d0000 - 0x00007fff98760000 	C:\WINDOWS\System32\USER32.dll
0x00007fff98330000 - 0x00007fff98350000 	C:\WINDOWS\System32\win32u.dll
0x00007fff99870000 - 0x00007fff99898000 	C:\WINDOWS\System32\GDI32.dll
0x00007fff97560000 - 0x00007fff976f2000 	C:\WINDOWS\System32\gdi32full.dll
0x00007fff983b0000 - 0x00007fff9844f000 	C:\WINDOWS\System32\msvcp_win.dll
0x00007fff97390000 - 0x00007fff97488000 	C:\WINDOWS\System32\ucrtbase.dll
0x00007fff8e4b0000 - 0x00007fff8e719000 	C:\WINDOWS\WinSxS\amd64_microsoft.windows.common-controls_6595b64144ccf1df_6.0.17134.706_none_fb43a2cb30647007\COMCTL32.dll
0x00007fff98d40000 - 0x00007fff99062000 	C:\WINDOWS\System32\combase.dll
0x00007fff97490000 - 0x00007fff9750a000 	C:\WINDOWS\System32\bcryptPrimitives.dll
0x00007fff995c0000 - 0x00007fff995ed000 	C:\WINDOWS\System32\IMM32.DLL
0x0000000063050000 - 0x0000000063122000 	C:\Program Files\Java\jdk1.8.0_191\jre\bin\msvcr100.dll
0x00000000627a0000 - 0x0000000063044000 	C:\Program Files\Java\jdk1.8.0_191\jre\bin\server\jvm.dll
0x00007fff99860000 - 0x00007fff99868000 	C:\WINDOWS\System32\PSAPI.DLL
0x00007fff955b0000 - 0x00007fff955d3000 	C:\WINDOWS\SYSTEM32\WINMM.dll
0x00007fff8a450000 - 0x00007fff8a459000 	C:\WINDOWS\SYSTEM32\WSOCK32.dll
0x00007fff992f0000 - 0x00007fff9935c000 	C:\WINDOWS\System32\WS2_32.dll
0x00007fff93800000 - 0x00007fff9380a000 	C:\WINDOWS\SYSTEM32\VERSION.dll
0x00007fff95440000 - 0x00007fff9546a000 	C:\WINDOWS\SYSTEM32\WINMMBASE.dll
0x00007fff97510000 - 0x00007fff97559000 	C:\WINDOWS\System32\cfgmgr32.dll
0x0000000064010000 - 0x000000006401f000 	C:\Program Files\Java\jdk1.8.0_191\jre\bin\verify.dll
0x0000000063fe0000 - 0x0000000064009000 	C:\Program Files\Java\jdk1.8.0_191\jre\bin\java.dll
0x0000000062760000 - 0x0000000062795000 	C:\Program Files\Java\jdk1.8.0_191\jre\bin\jdwp.dll
0x0000000063f70000 - 0x0000000063f78000 	C:\Program Files\Java\jdk1.8.0_191\jre\bin\npt.dll
0x0000000062730000 - 0x0000000062753000 	C:\Program Files\Java\jdk1.8.0_191\jre\bin\instrument.dll
0x0000000063fc0000 - 0x0000000063fd6000 	C:\Program Files\Java\jdk1.8.0_191\jre\bin\zip.dll
0x00007fff99b50000 - 0x00007fff9af90000 	C:\WINDOWS\System32\SHELL32.dll
0x00007fff995f0000 - 0x00007fff99699000 	C:\WINDOWS\System32\shcore.dll
0x00007fff979a0000 - 0x00007fff980ad000 	C:\WINDOWS\System32\windows.storage.dll
0x00007fff998a0000 - 0x00007fff998f1000 	C:\WINDOWS\System32\shlwapi.dll
0x00007fff97370000 - 0x00007fff97381000 	C:\WINDOWS\System32\kernel.appcore.dll
0x00007fff97330000 - 0x00007fff9734f000 	C:\WINDOWS\System32\profapi.dll
0x00007fff972d0000 - 0x00007fff9731c000 	C:\WINDOWS\System32\powrprof.dll
0x00007fff97320000 - 0x00007fff9732a000 	C:\WINDOWS\System32\FLTLIB.DLL
0x0000000063f60000 - 0x0000000063f69000 	C:\Program Files\Java\jdk1.8.0_191\jre\bin\dt_socket.dll
0x00007fff96b50000 - 0x00007fff96bb6000 	C:\WINDOWS\system32\mswsock.dll

VM Arguments:
jvm_args: -agentlib:jdwp=transport=dt_socket,address=127.0.0.1:56788,suspend=y,server=n -javaagent:C:\Users\Pedro\.IdeaIC2018.2\system\captureAgent\debugger-agent.jar=file:/C:/Users/Pedro/AppData/Local/Temp/capture.props -Dfile.encoding=UTF-8 
java_command: LC.LC exL2.l exL1.asm
java_class_path (initial): C:\Program Files\Java\jdk1.8.0_191\jre\lib\charsets.jar;C:\Program Files\Java\jdk1.8.0_191\jre\lib\deploy.jar;C:\Program Files\Java\jdk1.8.0_191\jre\lib\ext\access-bridge-64.jar;C:\Program Files\Java\jdk1.8.0_191\jre\lib\ext\cldrdata.jar;C:\Program Files\Java\jdk1.8.0_191\jre\lib\ext\dnsns.jar;C:\Program Files\Java\jdk1.8.0_191\jre\lib\ext\jaccess.jar;C:\Program Files\Java\jdk1.8.0_191\jre\lib\ext\jfxrt.jar;C:\Program Files\Java\jdk1.8.0_191\jre\lib\ext\localedata.jar;C:\Program Files\Java\jdk1.8.0_191\jre\lib\ext\nashorn.jar;C:\Program Files\Java\jdk1.8.0_191\jre\lib\ext\sunec.jar;C:\Program Files\Java\jdk1.8.0_191\jre\lib\ext\sunjce_provider.jar;C:\Program Files\Java\jdk1.8.0_191\jre\lib\ext\sunmscapi.jar;C:\Program Files\Java\jdk1.8.0_191\jre\lib\ext\sunpkcs11.jar;C:\Program Files\Java\jdk1.8.0_191\jre\lib\ext\zipfs.jar;C:\Program Files\Java\jdk1.8.0_191\jre\lib\javaws.jar;C:\Program Files\Java\jdk1.8.0_191\jre\lib\jce.jar;C:\Program Files\Java\jdk1.8.0_191\jre\lib\jfr.jar;C:\Program Files\Java\jdk1.8.0_191\jre\lib\jfxswt.jar;C:\Program Files\Java\jdk1.8.0_191\jre\lib\jsse.jar;C:\Program Files\Java\jdk1.8.0_191\jre\lib\management-agent.jar;C:\Program Files\Java\jdk1.8.0_191\jre\lib\plugin.jar;C:\Program Files\Java\jdk1.8.0_191\jre\lib\resources.jar;C:\Program Files\Java\jdk1.8.0_191\jre\lib\rt.jar;C:\Users\Pedro\Desktop\LC\out\production\Compilador;C:\Program Files\JetBrains\IntelliJ IDEA Community Edition 2018.2.6\lib\idea_rt.jar;C:\Users\Pedro\.IdeaIC2018.2\system\captureAgent\debugger-agent.jar
Launcher Type: SUN_STANDARD

Environment Variables:
PATH=C:\Program Files (x86)\Common Files\Oracle\Java\javapath;C:\WINDOWS\system32;C:\WINDOWS;C:\WINDOWS\System32\Wbem;C:\WINDOWS\System32\WindowsPowerShell\v1.0\;C:\WINDOWS\System32\OpenSSH\;C:\Program Files\dotnet\;C:\Program Files\Microsoft SQL Server\130\Tools\Binn\;C:\Program Files\Git\cmd;C:\Program Files (x86)\NVIDIA Corporation\PhysX\Common;C:\Program Files\NVIDIA Corporation\NVIDIA NvDLISR;C:\android-ndk-r19c;C:\Program Files\GLPK\glpk-4.65\w64\glpsol.exe;C:\MinGW\bin;C:\Users\Pedro\AppData\Local\Microsoft\WindowsApps;C:\Users\Pedro\AppData\Local\GitHubDesktop\bin;C:\Program Files\Java\jdk1.8.0_191\bin;C:\MinGW\bin;
USERNAME=Pedro
OS=Windows_NT
PROCESSOR_IDENTIFIER=AMD64 Family 21 Model 2 Stepping 0, AuthenticAMD



---------------  S Y S T E M  ---------------

OS: Windows 10.0 , 64 bit Build 17134 (10.0.17134.706)

CPU:total 6 (initial active 6) (6 cores per cpu, 1 threads per core) family 21 model 2 stepping 0, cmov, cx8, fxsr, mmx, sse, sse2, sse3, ssse3, sse4.1, sse4.2, popcnt, avx, aes, clmul, mmxext, 3dnowpref, lzcnt, sse4a, tsc, tscinvbit, tscinv, bmi1

Memory: 4k page, physical 8370292k(1709072k free), swap 22759876k(6204248k free)

vm_info: Java HotSpot(TM) 64-Bit Server VM (25.191-b12) for windows-amd64 JRE (1.8.0_191-b12), built on Oct  6 2018 09:29:03 by "java_re" with MS VC++ 10.0 (VS2010)

time: Sun Jun 09 23:46:47 2019
elapsed time: 2886 seconds (0d 0h 48m 6s)

