#
# A fatal error has been detected by the Java Runtime Environment:
#
#  Internal Error (constantTag.cpp:59), pid=18764, tid=0x0000000000004c60
#  Error: ShouldNotReachHere()
#
# JRE version: Java(TM) SE Runtime Environment (8.0_191-b12) (build 1.8.0_191-b12)
# Java VM: Java HotSpot(TM) 64-Bit Server VM (25.191-b12 mixed mode windows-amd64 compressed oops)
# Failed to write core dump. Minidumps are not enabled by default on client versions of Windows
#
# If you would like to submit a bug report, please visit:
#   http://bugreport.java.com/bugreport/crash.jsp
#

---------------  T H R E A D  ---------------

Current thread (0x00000000175d8000):  VMThread [stack: 0x0000000018c80000,0x0000000018d80000] [id=19552]

Stack: [0x0000000018c80000,0x0000000018d80000]
[error occurred during error reporting (printing stack bounds), id 0xc0000005]

Native frames: (J=compiled Java code, j=interpreted, Vv=VM code, C=native code)

VM_Operation (0x000000001978f510): GetOrSetLocal, mode: safepoint, requested by thread 0x0000000017629800


---------------  P R O C E S S  ---------------

Java Threads: ( => current thread )
  0x00000000193dd800 JavaThread "Service Thread" daemon [_thread_blocked, id=9312, stack(0x0000000019c90000,0x0000000019d90000)]
  0x0000000019357800 JavaThread "C1 CompilerThread2" daemon [_thread_blocked, id=6272, stack(0x0000000019b90000,0x0000000019c90000)]
  0x000000001935a800 JavaThread "C2 CompilerThread1" daemon [_thread_blocked, id=15828, stack(0x0000000019a90000,0x0000000019b90000)]
  0x0000000019359800 JavaThread "C2 CompilerThread0" daemon [_thread_blocked, id=19572, stack(0x0000000019990000,0x0000000019a90000)]
  0x0000000019297800 JavaThread "JDWP Command Reader" daemon [_thread_in_native, id=20208, stack(0x0000000019890000,0x0000000019990000)]
  0x0000000019296000 JavaThread "JDWP Event Helper Thread" daemon [_thread_blocked, id=20192, stack(0x0000000019790000,0x0000000019890000)]
  0x0000000017629800 JavaThread "JDWP Transport Listener: dt_socket" daemon [_thread_blocked, id=20200, stack(0x0000000019690000,0x0000000019790000)]
  0x000000001761d000 JavaThread "Attach Listener" daemon [_thread_blocked, id=19812, stack(0x0000000019190000,0x0000000019290000)]
  0x000000001761a000 JavaThread "Signal Dispatcher" daemon [_thread_blocked, id=20176, stack(0x0000000019090000,0x0000000019190000)]
  0x00000000027d8800 JavaThread "Finalizer" daemon [_thread_blocked, id=19536, stack(0x0000000018e80000,0x0000000018f80000)]
  0x00000000175fc800 JavaThread "Reference Handler" daemon [_thread_blocked, id=20032, stack(0x0000000018d80000,0x0000000018e80000)]
  0x00000000026e3800 JavaThread "main" [_thread_blocked, id=6468, stack(0x0000000002450000,0x0000000002550000)]

Other Threads:
=>0x00000000175d8000 VMThread [stack: 0x0000000018c80000,0x0000000018d80000] [id=19552]
  0x000000001941f800 WatcherThread [stack: 0x0000000019ee0000,0x0000000019fe0000] [id=9648]

VM state:at safepoint (normal execution)

VM Mutex/Monitor currently owned by a thread:  ([mutex/lock_event])
[0x00000000026e0150] Threads_lock - owner thread: 0x00000000175d8000

Heap:
 PSYoungGen      total 38400K, used 4682K [0x00000000d5700000, 0x00000000d8180000, 0x0000000100000000)
  eden space 33280K, 14% used [0x00000000d5700000,0x00000000d5b92bd8,0x00000000d7780000)
  from space 5120K, 0% used [0x00000000d7c80000,0x00000000d7c80000,0x00000000d8180000)
  to   space 5120K, 0% used [0x00000000d7780000,0x00000000d7780000,0x00000000d7c80000)
 ParOldGen       total 87552K, used 0K [0x0000000080400000, 0x0000000085980000, 0x00000000d5700000)
  object space 87552K, 0% used [0x0000000080400000,0x0000000080400000,0x0000000085980000)
 Metaspace       used 3912K, capacity 4780K, committed 4864K, reserved 1056768K
  class space    used 434K, capacity 468K, committed 512K, reserved 1048576K

Card table byte_map: [0x0000000011ba0000,0x0000000011fa0000] byte_map_base: 0x000000001179e000

Marking Bits: (ParMarkBitMap*) 0x0000000076df3e30
 Begin Bits: [0x0000000012850000, 0x0000000014840000)
 End Bits:   [0x0000000014840000, 0x0000000016830000)

Polling page: 0x0000000000b10000

CodeCache: size=245760Kb used=1310Kb max_used=1328Kb free=244449Kb
 bounds [0x00000000027e0000, 0x0000000002a50000, 0x00000000117e0000]
 total_blobs=362 nmethods=117 adapters=167
 compilation: enabled

Compilation events (10 events):
Event: 2.535 Thread 0x000000001935a800  109       4       java.lang.CharacterDataLatin1::toLowerCase (39 bytes)
Event: 2.536 Thread 0x000000001935a800 nmethod 109 0x0000000002929950 code [0x0000000002929a80, 0x0000000002929b58]
Event: 72.457 Thread 0x0000000019357800  114       1       java.net.URL::getPort (5 bytes)
Event: 72.457 Thread 0x0000000019357800 nmethod 114 0x0000000002929690 code [0x00000000029297e0, 0x00000000029298f0]
Event: 72.457 Thread 0x0000000019357800  115       1       java.net.URL::getFile (5 bytes)
Event: 72.457 Thread 0x0000000019357800 nmethod 115 0x00000000029293d0 code [0x0000000002929520, 0x0000000002929630]
Event: 72.458 Thread 0x0000000019357800  116       1       java.net.URL::getProtocol (5 bytes)
Event: 72.459 Thread 0x0000000019357800 nmethod 116 0x0000000002929110 code [0x0000000002929260, 0x0000000002929370]
Event: 72.459 Thread 0x0000000019357800  117       3       java.nio.Buffer::checkIndex (22 bytes)
Event: 72.459 Thread 0x0000000019357800 nmethod 117 0x0000000002928c50 code [0x0000000002928dc0, 0x0000000002929028]

GC Heap History (0 events):
No events

Deoptimization events (0 events):
No events

Classes redefined (5 events):
Event: 53.542 Thread 0x00000000175d8000 redefined class name=AnalisadorLexico, count=1
Event: 109.140 Thread 0x00000000175d8000 redefined class name=AnalisadorLexico$ErrorTypes, count=1
Event: 109.141 Thread 0x00000000175d8000 redefined class name=AnalisadorLexico, count=2
Event: 252.615 Thread 0x00000000175d8000 redefined class name=AnalisadorLexico$ErrorTypes, count=2
Event: 252.616 Thread 0x00000000175d8000 redefined class name=AnalisadorLexico, count=3

Internal exceptions (7 events):
Event: 0.051 Thread 0x00000000026e3800 Exception <a 'java/lang/NoSuchMethodError': Method sun.misc.Unsafe.defineClass(Ljava/lang/String;[BII)Ljava/lang/Class; name or signature does not match> (0x00000000d5707cb0) thrown at [C:\re\workspace\8-2-build-windows-amd64-cygwin\jdk8u191\11896\hotspot
Event: 0.051 Thread 0x00000000026e3800 Exception <a 'java/lang/NoSuchMethodError': Method sun.misc.Unsafe.prefetchRead(Ljava/lang/Object;J)V name or signature does not match> (0x00000000d5707f98) thrown at [C:\re\workspace\8-2-build-windows-amd64-cygwin\jdk8u191\11896\hotspot\src\share\vm\prim
Event: 0.207 Thread 0x00000000026e3800 Exception <a 'java/io/FileNotFoundException'> (0x00000000d5953fd0) thrown at [C:\re\workspace\8-2-build-windows-amd64-cygwin\jdk8u191\11896\hotspot\src\share\vm\prims\jni.cpp, line 709]
Event: 0.247 Thread 0x00000000026e3800 Exception <a 'java/security/PrivilegedActionException'> (0x00000000d5a61180) thrown at [C:\re\workspace\8-2-build-windows-amd64-cygwin\jdk8u191\11896\hotspot\src\share\vm\prims\jvm.cpp, line 1435]
Event: 0.248 Thread 0x00000000026e3800 Exception <a 'java/security/PrivilegedActionException'> (0x00000000d5a61578) thrown at [C:\re\workspace\8-2-build-windows-amd64-cygwin\jdk8u191\11896\hotspot\src\share\vm\prims\jvm.cpp, line 1435]
Event: 0.249 Thread 0x00000000026e3800 Exception <a 'java/security/PrivilegedActionException'> (0x00000000d5a65670) thrown at [C:\re\workspace\8-2-build-windows-amd64-cygwin\jdk8u191\11896\hotspot\src\share\vm\prims\jvm.cpp, line 1435]
Event: 0.249 Thread 0x00000000026e3800 Exception <a 'java/security/PrivilegedActionException'> (0x00000000d5a65a68) thrown at [C:\re\workspace\8-2-build-windows-amd64-cygwin\jdk8u191\11896\hotspot\src\share\vm\prims\jvm.cpp, line 1435]

Events (10 events):
Event: 252.619 Executing VM operation: ChangeBreakpoints done
Event: 252.619 Executing VM operation: ChangeBreakpoints
Event: 252.619 Executing VM operation: ChangeBreakpoints done
Event: 252.620 Executing VM operation: ChangeBreakpoints
Event: 252.620 Executing VM operation: ChangeBreakpoints done
Event: 252.620 Executing VM operation: ChangeBreakpoints
Event: 252.620 Executing VM operation: ChangeBreakpoints done
Event: 252.620 Executing VM operation: ChangeBreakpoints
Event: 252.620 Executing VM operation: ChangeBreakpoints done
Event: 252.622 Executing VM operation: GetOrSetLocal


Dynamic libraries:
0x00007ff777750000 - 0x00007ff777787000 	C:\Program Files\Java\jdk1.8.0_191\bin\java.exe
0x00007ff869380000 - 0x00007ff869561000 	C:\WINDOWS\SYSTEM32\ntdll.dll
0x00007ff868340000 - 0x00007ff8683f2000 	C:\WINDOWS\System32\KERNEL32.DLL
0x00007ff8663f0000 - 0x00007ff866663000 	C:\WINDOWS\System32\KERNELBASE.dll
0x00007ff866e50000 - 0x00007ff866ef1000 	C:\WINDOWS\System32\ADVAPI32.dll
0x00007ff868c20000 - 0x00007ff868cbe000 	C:\WINDOWS\System32\msvcrt.dll
0x00007ff866810000 - 0x00007ff86686b000 	C:\WINDOWS\System32\sechost.dll
0x00007ff868560000 - 0x00007ff868684000 	C:\WINDOWS\System32\RPCRT4.dll
0x00007ff8691c0000 - 0x00007ff869350000 	C:\WINDOWS\System32\USER32.dll
0x00007ff8659a0000 - 0x00007ff8659c0000 	C:\WINDOWS\System32\win32u.dll
0x00007ff868690000 - 0x00007ff8686b8000 	C:\WINDOWS\System32\GDI32.dll
0x00007ff865800000 - 0x00007ff865992000 	C:\WINDOWS\System32\gdi32full.dll
0x00007ff866670000 - 0x00007ff86670f000 	C:\WINDOWS\System32\msvcp_win.dll
0x00007ff866710000 - 0x00007ff866808000 	C:\WINDOWS\System32\ucrtbase.dll
0x00007ff85d5e0000 - 0x00007ff85d849000 	C:\WINDOWS\WinSxS\amd64_microsoft.windows.common-controls_6595b64144ccf1df_6.0.17134.648_none_fb45a0e93062a6d2\COMCTL32.dll
0x00007ff866b20000 - 0x00007ff866e42000 	C:\WINDOWS\System32\combase.dll
0x00007ff865a20000 - 0x00007ff865a9a000 	C:\WINDOWS\System32\bcryptPrimitives.dll
0x00007ff866950000 - 0x00007ff86697d000 	C:\WINDOWS\System32\IMM32.DLL
0x0000000050470000 - 0x0000000050542000 	C:\Program Files\Java\jdk1.8.0_191\jre\bin\msvcr100.dll
0x00000000765d0000 - 0x0000000076e74000 	C:\Program Files\Java\jdk1.8.0_191\jre\bin\server\jvm.dll
0x00007ff868cc0000 - 0x00007ff868cc8000 	C:\WINDOWS\System32\PSAPI.DLL
0x00007ff84b030000 - 0x00007ff84b039000 	C:\WINDOWS\SYSTEM32\WSOCK32.dll
0x00007ff862530000 - 0x00007ff862553000 	C:\WINDOWS\SYSTEM32\WINMM.dll
0x00007ff868cd0000 - 0x00007ff868d3c000 	C:\WINDOWS\System32\WS2_32.dll
0x00007ff862500000 - 0x00007ff86252a000 	C:\WINDOWS\SYSTEM32\winmmbase.dll
0x00007ff8661b0000 - 0x00007ff8661f9000 	C:\WINDOWS\System32\cfgmgr32.dll
0x00007ff861ae0000 - 0x00007ff861aea000 	C:\WINDOWS\SYSTEM32\VERSION.dll
0x0000000050460000 - 0x000000005046f000 	C:\Program Files\Java\jdk1.8.0_191\jre\bin\verify.dll
0x0000000050430000 - 0x0000000050459000 	C:\Program Files\Java\jdk1.8.0_191\jre\bin\java.dll
0x0000000050390000 - 0x00000000503c5000 	C:\Program Files\Java\jdk1.8.0_191\jre\bin\jdwp.dll
0x0000000050380000 - 0x0000000050388000 	C:\Program Files\Java\jdk1.8.0_191\jre\bin\npt.dll
0x0000000050350000 - 0x0000000050373000 	C:\Program Files\Java\jdk1.8.0_191\jre\bin\instrument.dll
0x0000000050410000 - 0x0000000050426000 	C:\Program Files\Java\jdk1.8.0_191\jre\bin\zip.dll
0x00007ff866f00000 - 0x00007ff868340000 	C:\WINDOWS\System32\SHELL32.dll
0x00007ff868b10000 - 0x00007ff868bb9000 	C:\WINDOWS\System32\shcore.dll
0x00007ff865aa0000 - 0x00007ff8661ad000 	C:\WINDOWS\System32\windows.storage.dll
0x00007ff868d50000 - 0x00007ff868da1000 	C:\WINDOWS\System32\shlwapi.dll
0x00007ff865690000 - 0x00007ff8656a1000 	C:\WINDOWS\System32\kernel.appcore.dll
0x00007ff865710000 - 0x00007ff86572f000 	C:\WINDOWS\System32\profapi.dll
0x00007ff8656b0000 - 0x00007ff8656fc000 	C:\WINDOWS\System32\powrprof.dll
0x00007ff865700000 - 0x00007ff86570a000 	C:\WINDOWS\System32\FLTLIB.DLL
0x0000000050340000 - 0x0000000050349000 	C:\Program Files\Java\jdk1.8.0_191\jre\bin\dt_socket.dll
0x00007ff864f10000 - 0x00007ff864f76000 	C:\WINDOWS\system32\mswsock.dll

VM Arguments:
jvm_args: -agentlib:jdwp=transport=dt_socket,address=127.0.0.1:60425,suspend=y,server=n -javaagent:C:\Users\Pedro\.IdeaIC2018.2\system\captureAgent\debugger-agent.jar=file:/C:/Users/Pedro/AppData/Local/Temp/capture.props -Dfile.encoding=UTF-8 
java_command: Main
java_class_path (initial): C:\Program Files\Java\jdk1.8.0_191\jre\lib\charsets.jar;C:\Program Files\Java\jdk1.8.0_191\jre\lib\deploy.jar;C:\Program Files\Java\jdk1.8.0_191\jre\lib\ext\access-bridge-64.jar;C:\Program Files\Java\jdk1.8.0_191\jre\lib\ext\cldrdata.jar;C:\Program Files\Java\jdk1.8.0_191\jre\lib\ext\dnsns.jar;C:\Program Files\Java\jdk1.8.0_191\jre\lib\ext\jaccess.jar;C:\Program Files\Java\jdk1.8.0_191\jre\lib\ext\jfxrt.jar;C:\Program Files\Java\jdk1.8.0_191\jre\lib\ext\localedata.jar;C:\Program Files\Java\jdk1.8.0_191\jre\lib\ext\nashorn.jar;C:\Program Files\Java\jdk1.8.0_191\jre\lib\ext\sunec.jar;C:\Program Files\Java\jdk1.8.0_191\jre\lib\ext\sunjce_provider.jar;C:\Program Files\Java\jdk1.8.0_191\jre\lib\ext\sunmscapi.jar;C:\Program Files\Java\jdk1.8.0_191\jre\lib\ext\sunpkcs11.jar;C:\Program Files\Java\jdk1.8.0_191\jre\lib\ext\zipfs.jar;C:\Program Files\Java\jdk1.8.0_191\jre\lib\javaws.jar;C:\Program Files\Java\jdk1.8.0_191\jre\lib\jce.jar;C:\Program Files\Java\jdk1.8.0_191\jre\lib\jfr.jar;C:\Program Files\Java\jdk1.8.0_191\jre\lib\jfxswt.jar;C:\Program Files\Java\jdk1.8.0_191\jre\lib\jsse.jar;C:\Program Files\Java\jdk1.8.0_191\jre\lib\management-agent.jar;C:\Program Files\Java\jdk1.8.0_191\jre\lib\plugin.jar;C:\Program Files\Java\jdk1.8.0_191\jre\lib\resources.jar;C:\Program Files\Java\jdk1.8.0_191\jre\lib\rt.jar;C:\Users\Pedro\Desktop\Compilador\out\production\Compilador;C:\Program Files\JetBrains\IntelliJ IDEA Community Edition 2018.2.6\lib\idea_rt.jar;C:\Users\Pedro\.IdeaIC2018.2\system\captureAgent\debugger-agent.jar
Launcher Type: SUN_STANDARD

Environment Variables:
PATH=C:\Program Files (x86)\Common Files\Oracle\Java\javapath;C:\WINDOWS\system32;C:\WINDOWS;C:\WINDOWS\System32\Wbem;C:\WINDOWS\System32\WindowsPowerShell\v1.0\;C:\WINDOWS\System32\OpenSSH\;C:\Program Files\dotnet\;C:\Program Files\Microsoft SQL Server\130\Tools\Binn\;C:\Program Files\Git\cmd;C:\Program Files (x86)\NVIDIA Corporation\PhysX\Common;C:\Program Files\NVIDIA Corporation\NVIDIA NvDLISR;C:\Users\Pedro\AppData\Local\Microsoft\WindowsApps;C:\Users\Pedro\AppData\Local\GitHubDesktop\bin
USERNAME=Pedro
OS=Windows_NT
PROCESSOR_IDENTIFIER=AMD64 Family 21 Model 2 Stepping 0, AuthenticAMD



---------------  S Y S T E M  ---------------

OS: Windows 10.0 , 64 bit Build 17134 (10.0.17134.648)

CPU:total 6 (initial active 6) (6 cores per cpu, 1 threads per core) family 21 model 2 stepping 0, cmov, cx8, fxsr, mmx, sse, sse2, sse3, ssse3, sse4.1, sse4.2, popcnt, avx, aes, clmul, mmxext, 3dnowpref, lzcnt, sse4a, tsc, tscinvbit, tscinv, bmi1

Memory: 4k page, physical 8370292k(1684216k free), swap 23865280k(2650128k free)

vm_info: Java HotSpot(TM) 64-Bit Server VM (25.191-b12) for windows-amd64 JRE (1.8.0_191-b12), built on Oct  6 2018 09:29:03 by "java_re" with MS VC++ 10.0 (VS2010)

time: Tue Apr 23 23:42:05 2019
elapsed time: 252 seconds (0d 0h 4m 12s)

