#
# A fatal error has been detected by the Java Runtime Environment:
#
#  Internal Error (javaCalls.cpp:51), pid=3408, tid=0x0000000000004584
#  guarantee(thread->is_Java_thread()) failed: crucial check - the VM thread cannot and must not escape to Java code
#
# JRE version: Java(TM) SE Runtime Environment (8.0_191-b12) (build 1.8.0_191-b12)
# Java VM: Java HotSpot(TM) 64-Bit Server VM (25.191-b12 mixed mode windows-amd64 compressed oops)
# Failed to write core dump. Minidumps are not enabled by default on client versions of Windows
#
# If you would like to submit a bug report, please visit:
#   http://bugreport.java.com/bugreport/crash.jsp
#

---------------  T H R E A D  ---------------

Current thread (0x0000000017907000):  VMThread [stack: 0x0000000018fb0000,0x00000000190b0000] [id=17796]

Stack: [0x0000000018fb0000,0x00000000190b0000]
[error occurred during error reporting (printing stack bounds), id 0xc0000005]

Native frames: (J=compiled Java code, j=interpreted, Vv=VM code, C=native code)

VM_Operation (0x0000000019abf2e0): GetOrSetLocal, mode: safepoint, requested by thread 0x0000000017958800


---------------  P R O C E S S  ---------------

Java Threads: ( => current thread )
  0x0000000019703800 JavaThread "Service Thread" daemon [_thread_blocked, id=8632, stack(0x0000000019fc0000,0x000000001a0c0000)]
  0x0000000019686000 JavaThread "C1 CompilerThread2" daemon [_thread_blocked, id=12324, stack(0x0000000019ec0000,0x0000000019fc0000)]
  0x0000000019682000 JavaThread "C2 CompilerThread1" daemon [_thread_blocked, id=12136, stack(0x0000000019dc0000,0x0000000019ec0000)]
  0x0000000019681800 JavaThread "C2 CompilerThread0" daemon [_thread_blocked, id=13924, stack(0x0000000019cc0000,0x0000000019dc0000)]
  0x00000000195c9800 JavaThread "JDWP Command Reader" daemon [_thread_in_native, id=11616, stack(0x0000000019bc0000,0x0000000019cc0000)]
  0x00000000195c6000 JavaThread "JDWP Event Helper Thread" daemon [_thread_blocked, id=17992, stack(0x0000000019ac0000,0x0000000019bc0000)]
  0x0000000017958800 JavaThread "JDWP Transport Listener: dt_socket" daemon [_thread_blocked, id=16680, stack(0x00000000199c0000,0x0000000019ac0000)]
  0x000000001794c000 JavaThread "Attach Listener" daemon [_thread_blocked, id=12572, stack(0x00000000194c0000,0x00000000195c0000)]
  0x000000001794b000 JavaThread "Signal Dispatcher" daemon [_thread_blocked, id=4132, stack(0x00000000193c0000,0x00000000194c0000)]
  0x0000000002b09800 JavaThread "Finalizer" daemon [_thread_blocked, id=364, stack(0x00000000191b0000,0x00000000192b0000)]
  0x000000001792c800 JavaThread "Reference Handler" daemon [_thread_blocked, id=3740, stack(0x00000000190b0000,0x00000000191b0000)]
  0x0000000002a13800 JavaThread "main" [_thread_blocked, id=7000, stack(0x00000000026b0000,0x00000000027b0000)]

Other Threads:
=>0x0000000017907000 VMThread [stack: 0x0000000018fb0000,0x00000000190b0000] [id=17796]
  0x0000000019750000 WatcherThread [stack: 0x000000001a210000,0x000000001a310000] [id=14908]

VM state:at safepoint (normal execution)

VM Mutex/Monitor currently owned by a thread:  ([mutex/lock_event])
[0x0000000002a102d0] Threads_lock - owner thread: 0x0000000017907000

Heap:
 PSYoungGen      total 38400K, used 4002K [0x00000000d5700000, 0x00000000d8180000, 0x0000000100000000)
  eden space 33280K, 12% used [0x00000000d5700000,0x00000000d5ae8ba0,0x00000000d7780000)
  from space 5120K, 0% used [0x00000000d7c80000,0x00000000d7c80000,0x00000000d8180000)
  to   space 5120K, 0% used [0x00000000d7780000,0x00000000d7780000,0x00000000d7c80000)
 ParOldGen       total 87552K, used 0K [0x0000000080400000, 0x0000000085980000, 0x00000000d5700000)
  object space 87552K, 0% used [0x0000000080400000,0x0000000080400000,0x0000000085980000)
 Metaspace       used 3322K, capacity 4664K, committed 4864K, reserved 1056768K
  class space    used 356K, capacity 424K, committed 512K, reserved 1048576K

Card table byte_map: [0x0000000011ed0000,0x00000000122d0000] byte_map_base: 0x0000000011ace000

Marking Bits: (ParMarkBitMap*) 0x0000000063093e30
 Begin Bits: [0x0000000012b80000, 0x0000000014b70000)
 End Bits:   [0x0000000014b70000, 0x0000000016b60000)

Polling page: 0x0000000000f60000

CodeCache: size=245760Kb used=1213Kb max_used=1223Kb free=244546Kb
 bounds [0x0000000002b10000, 0x0000000002d80000, 0x0000000011b10000]
 total_blobs=297 nmethods=61 adapters=158
 compilation: enabled

Compilation events (10 events):
Event: 32.664 Thread 0x0000000019686000   57       3       java.lang.String::toLowerCase (8 bytes)
Event: 32.664 Thread 0x0000000019686000 nmethod 57 0x0000000002c3df90 code [0x0000000002c3e100, 0x0000000002c3e388]
Event: 32.664 Thread 0x0000000019686000   58       3       java.util.Locale::getDefault (4 bytes)
Event: 32.664 Thread 0x0000000019686000 nmethod 58 0x0000000002c3e450 code [0x0000000002c3e5a0, 0x0000000002c3e6f0]
Event: 32.664 Thread 0x0000000019686000   59       1       java.lang.CharacterDataLatin1::getProperties (11 bytes)
Event: 32.665 Thread 0x0000000019682000   60       4       java.lang.AbstractStringBuilder::append (29 bytes)
Event: 32.665 Thread 0x0000000019686000 nmethod 59 0x0000000002c3e750 code [0x0000000002c3e8a0, 0x0000000002c3e9f0]
Event: 32.668 Thread 0x0000000019682000 nmethod 60 0x0000000002c41a90 code [0x0000000002c41be0, 0x0000000002c41fa8]
Event: 32.745 Thread 0x0000000019686000   61       3       java.util.HashMap::get (23 bytes)
Event: 32.746 Thread 0x0000000019686000 nmethod 61 0x0000000002c41390 code [0x0000000002c41520, 0x0000000002c41938]

GC Heap History (0 events):
No events

Deoptimization events (0 events):
No events

Classes redefined (2 events):
Event: 241.325 Thread 0x0000000017907000 redefined class name=LC.AnalisadorLexico, count=1
Event: 339.589 Thread 0x0000000017907000 redefined class name=LC.AnalisadorLexico, count=2

Internal exceptions (3 events):
Event: 0.049 Thread 0x0000000002a13800 Exception <a 'java/lang/NoSuchMethodError': Method sun.misc.Unsafe.defineClass(Ljava/lang/String;[BII)Ljava/lang/Class; name or signature does not match> (0x00000000d5707cb0) thrown at [C:\re\workspace\8-2-build-windows-amd64-cygwin\jdk8u191\11896\hotspot
Event: 0.049 Thread 0x0000000002a13800 Exception <a 'java/lang/NoSuchMethodError': Method sun.misc.Unsafe.prefetchRead(Ljava/lang/Object;J)V name or signature does not match> (0x00000000d5707f98) thrown at [C:\re\workspace\8-2-build-windows-amd64-cygwin\jdk8u191\11896\hotspot\src\share\vm\prim
Event: 0.212 Thread 0x0000000002a13800 Exception <a 'java/io/FileNotFoundException'> (0x00000000d59533d8) thrown at [C:\re\workspace\8-2-build-windows-amd64-cygwin\jdk8u191\11896\hotspot\src\share\vm\prims\jni.cpp, line 709]

Events (10 events):
Event: 339.638 Executing VM operation: GetOrSetLocal done
Event: 339.663 Executing VM operation: GetOrSetLocal
Event: 339.663 Executing VM operation: GetOrSetLocal done
Event: 339.670 Executing VM operation: GetOrSetLocal
Event: 339.670 Executing VM operation: GetOrSetLocal done
Event: 339.671 Executing VM operation: GetOrSetLocal
Event: 339.671 Executing VM operation: GetOrSetLocal done
Event: 339.672 Executing VM operation: GetOrSetLocal
Event: 339.672 Executing VM operation: GetOrSetLocal done
Event: 339.673 Executing VM operation: GetOrSetLocal


Dynamic libraries:
0x00007ff6ab1b0000 - 0x00007ff6ab1e7000 	C:\Program Files\Java\jdk1.8.0_191\bin\java.exe
0x00007fff9afc0000 - 0x00007fff9b1a1000 	C:\WINDOWS\SYSTEM32\ntdll.dll
0x00007fff98bb0000 - 0x00007fff98c61000 	C:\WINDOWS\System32\KERNEL32.DLL
0x00007fff980b0000 - 0x00007fff98323000 	C:\WINDOWS\System32\KERNELBASE.dll
0x00007fff99450000 - 0x00007fff994f1000 	C:\WINDOWS\System32\ADVAPI32.dll
0x00007fff99910000 - 0x00007fff999ae000 	C:\WINDOWS\System32\msvcrt.dll
0x00007fff996a0000 - 0x00007fff996fb000 	C:\WINDOWS\System32\sechost.dll
0x00007fff99100000 - 0x00007fff99224000 	C:\WINDOWS\System32\RPCRT4.dll
0x00007fff985d0000 - 0x00007fff98760000 	C:\WINDOWS\System32\USER32.dll
0x00007fff98330000 - 0x00007fff98350000 	C:\WINDOWS\System32\win32u.dll
0x00007fff99870000 - 0x00007fff99898000 	C:\WINDOWS\System32\GDI32.dll
0x00007fff97560000 - 0x00007fff976f2000 	C:\WINDOWS\System32\gdi32full.dll
0x00007fff983b0000 - 0x00007fff9844f000 	C:\WINDOWS\System32\msvcp_win.dll
0x00007fff97390000 - 0x00007fff97488000 	C:\WINDOWS\System32\ucrtbase.dll
0x00007fff8e4b0000 - 0x00007fff8e719000 	C:\WINDOWS\WinSxS\amd64_microsoft.windows.common-controls_6595b64144ccf1df_6.0.17134.706_none_fb43a2cb30647007\COMCTL32.dll
0x00007fff98d40000 - 0x00007fff99062000 	C:\WINDOWS\System32\combase.dll
0x00007fff97490000 - 0x00007fff9750a000 	C:\WINDOWS\System32\bcryptPrimitives.dll
0x00007fff995c0000 - 0x00007fff995ed000 	C:\WINDOWS\System32\IMM32.DLL
0x0000000063120000 - 0x00000000631f2000 	C:\Program Files\Java\jdk1.8.0_191\jre\bin\msvcr100.dll
0x0000000062870000 - 0x0000000063114000 	C:\Program Files\Java\jdk1.8.0_191\jre\bin\server\jvm.dll
0x00007fff99860000 - 0x00007fff99868000 	C:\WINDOWS\System32\PSAPI.DLL
0x00007fff93800000 - 0x00007fff9380a000 	C:\WINDOWS\SYSTEM32\VERSION.dll
0x00007fff8eb90000 - 0x00007fff8eb99000 	C:\WINDOWS\SYSTEM32\WSOCK32.dll
0x00007fff955b0000 - 0x00007fff955d3000 	C:\WINDOWS\SYSTEM32\WINMM.dll
0x00007fff992f0000 - 0x00007fff9935c000 	C:\WINDOWS\System32\WS2_32.dll
0x00007fff95440000 - 0x00007fff9546a000 	C:\WINDOWS\SYSTEM32\WINMMBASE.dll
0x00007fff97510000 - 0x00007fff97559000 	C:\WINDOWS\System32\cfgmgr32.dll
0x0000000062860000 - 0x000000006286f000 	C:\Program Files\Java\jdk1.8.0_191\jre\bin\verify.dll
0x0000000062830000 - 0x0000000062859000 	C:\Program Files\Java\jdk1.8.0_191\jre\bin\java.dll
0x0000000062790000 - 0x00000000627c5000 	C:\Program Files\Java\jdk1.8.0_191\jre\bin\jdwp.dll
0x0000000062780000 - 0x0000000062788000 	C:\Program Files\Java\jdk1.8.0_191\jre\bin\npt.dll
0x0000000062750000 - 0x0000000062773000 	C:\Program Files\Java\jdk1.8.0_191\jre\bin\instrument.dll
0x0000000062810000 - 0x0000000062826000 	C:\Program Files\Java\jdk1.8.0_191\jre\bin\zip.dll
0x00007fff99b50000 - 0x00007fff9af90000 	C:\WINDOWS\System32\SHELL32.dll
0x00007fff995f0000 - 0x00007fff99699000 	C:\WINDOWS\System32\shcore.dll
0x00007fff979a0000 - 0x00007fff980ad000 	C:\WINDOWS\System32\windows.storage.dll
0x00007fff998a0000 - 0x00007fff998f1000 	C:\WINDOWS\System32\shlwapi.dll
0x00007fff97370000 - 0x00007fff97381000 	C:\WINDOWS\System32\kernel.appcore.dll
0x00007fff97330000 - 0x00007fff9734f000 	C:\WINDOWS\System32\profapi.dll
0x00007fff972d0000 - 0x00007fff9731c000 	C:\WINDOWS\System32\powrprof.dll
0x00007fff97320000 - 0x00007fff9732a000 	C:\WINDOWS\System32\FLTLIB.DLL
0x0000000062740000 - 0x0000000062749000 	C:\Program Files\Java\jdk1.8.0_191\jre\bin\dt_socket.dll
0x00007fff96b50000 - 0x00007fff96bb6000 	C:\WINDOWS\system32\mswsock.dll

VM Arguments:
jvm_args: -agentlib:jdwp=transport=dt_socket,address=127.0.0.1:61216,suspend=y,server=n -javaagent:C:\Users\Pedro\.IdeaIC2018.2\system\captureAgent\debugger-agent.jar=file:/C:/Users/Pedro/AppData/Local/Temp/capture.props -Dfile.encoding=UTF-8 
java_command: LC.LC exL2.l exL1.asm
java_class_path (initial): C:\Program Files\Java\jdk1.8.0_191\jre\lib\charsets.jar;C:\Program Files\Java\jdk1.8.0_191\jre\lib\deploy.jar;C:\Program Files\Java\jdk1.8.0_191\jre\lib\ext\access-bridge-64.jar;C:\Program Files\Java\jdk1.8.0_191\jre\lib\ext\cldrdata.jar;C:\Program Files\Java\jdk1.8.0_191\jre\lib\ext\dnsns.jar;C:\Program Files\Java\jdk1.8.0_191\jre\lib\ext\jaccess.jar;C:\Program Files\Java\jdk1.8.0_191\jre\lib\ext\jfxrt.jar;C:\Program Files\Java\jdk1.8.0_191\jre\lib\ext\localedata.jar;C:\Program Files\Java\jdk1.8.0_191\jre\lib\ext\nashorn.jar;C:\Program Files\Java\jdk1.8.0_191\jre\lib\ext\sunec.jar;C:\Program Files\Java\jdk1.8.0_191\jre\lib\ext\sunjce_provider.jar;C:\Program Files\Java\jdk1.8.0_191\jre\lib\ext\sunmscapi.jar;C:\Program Files\Java\jdk1.8.0_191\jre\lib\ext\sunpkcs11.jar;C:\Program Files\Java\jdk1.8.0_191\jre\lib\ext\zipfs.jar;C:\Program Files\Java\jdk1.8.0_191\jre\lib\javaws.jar;C:\Program Files\Java\jdk1.8.0_191\jre\lib\jce.jar;C:\Program Files\Java\jdk1.8.0_191\jre\lib\jfr.jar;C:\Program Files\Java\jdk1.8.0_191\jre\lib\jfxswt.jar;C:\Program Files\Java\jdk1.8.0_191\jre\lib\jsse.jar;C:\Program Files\Java\jdk1.8.0_191\jre\lib\management-agent.jar;C:\Program Files\Java\jdk1.8.0_191\jre\lib\plugin.jar;C:\Program Files\Java\jdk1.8.0_191\jre\lib\resources.jar;C:\Program Files\Java\jdk1.8.0_191\jre\lib\rt.jar;C:\Users\Pedro\Desktop\LC\out\production\Compilador;C:\Program Files\JetBrains\IntelliJ IDEA Community Edition 2018.2.6\lib\idea_rt.jar;C:\Users\Pedro\.IdeaIC2018.2\system\captureAgent\debugger-agent.jar
Launcher Type: SUN_STANDARD

Environment Variables:
PATH=C:\Program Files (x86)\Common Files\Oracle\Java\javapath;C:\WINDOWS\system32;C:\WINDOWS;C:\WINDOWS\System32\Wbem;C:\WINDOWS\System32\WindowsPowerShell\v1.0\;C:\WINDOWS\System32\OpenSSH\;C:\Program Files\dotnet\;C:\Program Files\Microsoft SQL Server\130\Tools\Binn\;C:\Program Files\Git\cmd;C:\Program Files (x86)\NVIDIA Corporation\PhysX\Common;C:\Program Files\NVIDIA Corporation\NVIDIA NvDLISR;C:\android-ndk-r19c;C:\Program Files\GLPK\glpk-4.65\w64\glpsol.exe;C:\MinGW\bin;C:\Users\Pedro\AppData\Local\Microsoft\WindowsApps;C:\Users\Pedro\AppData\Local\GitHubDesktop\bin;C:\Program Files\Java\jdk1.8.0_191\bin;C:\MinGW\bin;
USERNAME=Pedro
OS=Windows_NT
PROCESSOR_IDENTIFIER=AMD64 Family 21 Model 2 Stepping 0, AuthenticAMD



---------------  S Y S T E M  ---------------

OS: Windows 10.0 , 64 bit Build 17134 (10.0.17134.706)

CPU:total 6 (initial active 6) (6 cores per cpu, 1 threads per core) family 21 model 2 stepping 0, cmov, cx8, fxsr, mmx, sse, sse2, sse3, ssse3, sse4.1, sse4.2, popcnt, avx, aes, clmul, mmxext, 3dnowpref, lzcnt, sse4a, tsc, tscinvbit, tscinv, bmi1

Memory: 4k page, physical 8370292k(3300536k free), swap 14399604k(2145424k free)

vm_info: Java HotSpot(TM) 64-Bit Server VM (25.191-b12) for windows-amd64 JRE (1.8.0_191-b12), built on Oct  6 2018 09:29:03 by "java_re" with MS VC++ 10.0 (VS2010)

time: Sat Jun 08 19:38:52 2019
elapsed time: 339 seconds (0d 0h 5m 39s)

