#
# A fatal error has been detected by the Java Runtime Environment:
#
#  EXCEPTION_ACCESS_VIOLATION (0xc0000005) at pc=0x00000000766ce023, pid=5528, tid=0x0000000000000404
#
# JRE version: Java(TM) SE Runtime Environment (8.0_191-b12) (build 1.8.0_191-b12)
# Java VM: Java HotSpot(TM) 64-Bit Server VM (25.191-b12 mixed mode windows-amd64 compressed oops)
# Problematic frame:
# V  [jvm.dll+0xfe023]
#
# Failed to write core dump. Minidumps are not enabled by default on client versions of Windows
#
# If you would like to submit a bug report, please visit:
#   http://bugreport.java.com/bugreport/crash.jsp
#

---------------  T H R E A D  ---------------

Current thread (0x0000000017417800):  VMThread [stack: 0x0000000018ac0000,0x0000000018bc0000] [id=1028]

siginfo: ExceptionCode=0xc0000005, reading address 0xffffffffffffffff

Registers:
RAX=0x000000000000002f, RBX=0x0000000018bbf310, RCX=0x0000000018bbf310, RDX=0xffffffffffffceef
RSP=0x0000000018bbf0c0, RBP=0x0000000018bbf130, RSI=0x0000000018bbf310, RDI=0x000000000000009a
R8 =0x000000000000002f, R9 =0x00000000172e54a0, R10=0x03ffffffffffff3b, R11=0x0000000016e81a3a
R12=0x0000000000000000, R13=0x00000000766ce000, R14=0x00000000000004ba, R15=0x0000000000000001
RIP=0x00000000766ce023, EFLAGS=0x0000000000010213

Top of Stack: (sp=0x0000000018bbf0c0)
0x0000000018bbf0c0:   0000000018bbf310 0000000018bbf130
0x0000000018bbf0d0:   00000000000004ba 00000000766cf8e6
0x0000000018bbf0e0:   0000000018bbf310 00000000766cfe09
0x0000000018bbf0f0:   0000000016e835ca 0000000018bbf310
0x0000000018bbf100:   0000000018bbf310 00000000766cf8e6
0x0000000018bbf110:   000000007d000000 0000000020000000
0x0000000018bbf120:   0000000000000010 00000000766cf8e6
0x0000000018bbf130:   00000000000003d8 00000000172e57d8
0x0000000018bbf140:   0000000000000000 000000000000009a
0x0000000018bbf150:   0000000017417800 00000000766d0894
0x0000000018bbf160:   0000000018bbf310 0000000000000000
0x0000000018bbf170:   00000000000004ba 00000000000004b7
0x0000000018bbf180:   0000000016e81d78 0000000017417800
0x0000000018bbf190:   000004bd000004ba 0000009a0000070f
0x0000000018bbf1a0:   00000000172e0000 000000000000009a
0x0000000018bbf1b0:   0000000000000003 00000000000003d8 

Instructions: (pc=0x00000000766ce023)
0x00000000766ce003:   83 ec 20 4c 8b 89 90 00 00 00 48 63 d2 48 8b d9
0x00000000766ce013:   0f b6 c2 4c 8b d2 24 3f 49 c1 ea 06 44 0f b6 c0
0x00000000766ce023:   4b 8b 04 d1 4c 0f a3 c0 72 0f 48 83 c1 70 41 b0
0x00000000766ce033:   01 e8 c7 85 17 00 ff 43 6c 48 83 c4 20 5b c3 cc 


Register to memory mapping:

RAX=0x000000000000002f is an unknown value
RBX=0x0000000018bbf310 is an unknown value
RCX=0x0000000018bbf310 is an unknown value
RDX=0xffffffffffffceef is an unknown value
RSP=0x0000000018bbf0c0 is an unknown value
RBP=0x0000000018bbf130 is an unknown value
RSI=0x0000000018bbf310 is an unknown value
RDI=0x000000000000009a is an unknown value
R8 =0x000000000000002f is an unknown value
R9 =0x00000000172e54a0 is an unknown value
R10=0x03ffffffffffff3b is an unknown value
R11=0x0000000016e81a3a is pointing into metadata
R12=0x0000000000000000 is an unknown value
R13=0x00000000766ce000 is an unknown value
R14=0x00000000000004ba is an unknown value
R15=0x0000000000000001 is an unknown value


Stack: [0x0000000018ac0000,0x0000000018bc0000],  sp=0x0000000018bbf0c0,  free space=1020k
Native frames: (J=compiled Java code, j=interpreted, Vv=VM code, C=native code)
V  [jvm.dll+0xfe023]
V  [jvm.dll+0xffe09]
V  [jvm.dll+0x100894]
V  [jvm.dll+0x103c74]
V  [jvm.dll+0xc525e]
V  [jvm.dll+0xc58e8]
V  [jvm.dll+0xc5a1a]
V  [jvm.dll+0xc5c18]
V  [jvm.dll+0x10fbba]
V  [jvm.dll+0x12d43f]
V  [jvm.dll+0x1bf3cf]
V  [jvm.dll+0x24d0c7]
V  [jvm.dll+0x24c366]
V  [jvm.dll+0x24c801]
V  [jvm.dll+0x24ca1e]
V  [jvm.dll+0x29eb9a]
C  [msvcr100.dll+0x21d9f]
C  [msvcr100.dll+0x21e3b]
C  [KERNEL32.DLL+0x13dc4]
C  [ntdll.dll+0x73691]

VM_Operation (0x00000000195cf5d0): GetOrSetLocal, mode: safepoint, requested by thread 0x0000000017469000


---------------  P R O C E S S  ---------------

Java Threads: ( => current thread )
  0x000000001921f800 JavaThread "Service Thread" daemon [_thread_blocked, id=18316, stack(0x0000000019ad0000,0x0000000019bd0000)]
  0x000000001919c000 JavaThread "C1 CompilerThread2" daemon [_thread_blocked, id=14224, stack(0x00000000199d0000,0x0000000019ad0000)]
  0x0000000019192800 JavaThread "C2 CompilerThread1" daemon [_thread_blocked, id=13196, stack(0x00000000198d0000,0x00000000199d0000)]
  0x000000001919b000 JavaThread "C2 CompilerThread0" daemon [_thread_blocked, id=18656, stack(0x00000000197d0000,0x00000000198d0000)]
  0x00000000190db800 JavaThread "JDWP Command Reader" daemon [_thread_in_native, id=3928, stack(0x00000000196d0000,0x00000000197d0000)]
  0x00000000190d6800 JavaThread "JDWP Event Helper Thread" daemon [_thread_blocked, id=15400, stack(0x00000000195d0000,0x00000000196d0000)]
  0x0000000017469000 JavaThread "JDWP Transport Listener: dt_socket" daemon [_thread_blocked, id=8008, stack(0x00000000194d0000,0x00000000195d0000)]
  0x000000001745c800 JavaThread "Attach Listener" daemon [_thread_blocked, id=14828, stack(0x0000000018fd0000,0x00000000190d0000)]
  0x000000001745b800 JavaThread "Signal Dispatcher" daemon [_thread_blocked, id=15916, stack(0x0000000018ed0000,0x0000000018fd0000)]
  0x000000000261a800 JavaThread "Finalizer" daemon [_thread_blocked, id=11844, stack(0x0000000018cc0000,0x0000000018dc0000)]
  0x000000001743c000 JavaThread "Reference Handler" daemon [_thread_blocked, id=18036, stack(0x0000000018bc0000,0x0000000018cc0000)]
  0x0000000002523800 JavaThread "main" [_thread_blocked, id=12320, stack(0x0000000002300000,0x0000000002400000)]

Other Threads:
=>0x0000000017417800 VMThread [stack: 0x0000000018ac0000,0x0000000018bc0000] [id=1028]
  0x0000000019180000 WatcherThread [stack: 0x0000000019d20000,0x0000000019e20000] [id=5872]

VM state:at safepoint (normal execution)

VM Mutex/Monitor currently owned by a thread:  ([mutex/lock_event])
[0x0000000002520c50] Threads_lock - owner thread: 0x0000000017417800

Heap:
 PSYoungGen      total 38400K, used 4017K [0x00000000d5700000, 0x00000000d8180000, 0x0000000100000000)
  eden space 33280K, 12% used [0x00000000d5700000,0x00000000d5aec578,0x00000000d7780000)
  from space 5120K, 0% used [0x00000000d7c80000,0x00000000d7c80000,0x00000000d8180000)
  to   space 5120K, 0% used [0x00000000d7780000,0x00000000d7780000,0x00000000d7c80000)
 ParOldGen       total 87552K, used 0K [0x0000000080400000, 0x0000000085980000, 0x00000000d5700000)
  object space 87552K, 0% used [0x0000000080400000,0x0000000080400000,0x0000000085980000)
 Metaspace       used 3877K, capacity 4780K, committed 4864K, reserved 1056768K
  class space    used 430K, capacity 468K, committed 512K, reserved 1048576K

Card table byte_map: [0x00000000119e0000,0x0000000011de0000] byte_map_base: 0x00000000115de000

Marking Bits: (ParMarkBitMap*) 0x0000000076df3e30
 Begin Bits: [0x0000000012690000, 0x0000000014680000)
 End Bits:   [0x0000000014680000, 0x0000000016670000)

Polling page: 0x0000000002210000

CodeCache: size=245760Kb used=1289Kb max_used=1289Kb free=244471Kb
 bounds [0x0000000002620000, 0x0000000002890000, 0x0000000011620000]
 total_blobs=342 nmethods=97 adapters=167
 compilation: enabled

Compilation events (10 events):
Event: 3.075 Thread 0x000000001919c000   92       3       java.util.zip.ZipFile::ensureOpen (37 bytes)
Event: 3.075 Thread 0x000000001919c000 nmethod 92 0x000000000275d650 code [0x000000000275d7e0, 0x000000000275db78]
Event: 3.075 Thread 0x000000001919c000   93       3       java.util.zip.ZipCoder::getBytes (192 bytes)
Event: 3.077 Thread 0x000000001919c000 nmethod 93 0x000000000275e090 code [0x000000000275e460, 0x0000000002760718]
Event: 3.077 Thread 0x000000001919c000   95       3       java.lang.String::endsWith (17 bytes)
Event: 3.077 Thread 0x000000001919c000 nmethod 95 0x0000000002761b10 code [0x0000000002761c80, 0x0000000002761ec8]
Event: 3.077 Thread 0x000000001919c000   96       3       java.io.File::isInvalid (47 bytes)
Event: 3.078 Thread 0x000000001919c000 nmethod 96 0x0000000002761fd0 code [0x0000000002762140, 0x0000000002762588]
Event: 3.078 Thread 0x000000001919c000   97       1       java.net.URL::getHost (5 bytes)
Event: 3.078 Thread 0x000000001919c000 nmethod 97 0x0000000002762690 code [0x00000000027627e0, 0x00000000027628f0]

GC Heap History (0 events):
No events

Deoptimization events (0 events):
No events

Classes redefined (2 events):
Event: 38.699 Thread 0x0000000017417800 redefined class name=AnalisadorLexico, count=1
Event: 195.079 Thread 0x0000000017417800 redefined class name=AnalisadorLexico, count=2

Internal exceptions (7 events):
Event: 0.049 Thread 0x0000000002523800 Exception <a 'java/lang/NoSuchMethodError': Method sun.misc.Unsafe.defineClass(Ljava/lang/String;[BII)Ljava/lang/Class; name or signature does not match> (0x00000000d5707cb0) thrown at [C:\re\workspace\8-2-build-windows-amd64-cygwin\jdk8u191\11896\hotspot
Event: 0.049 Thread 0x0000000002523800 Exception <a 'java/lang/NoSuchMethodError': Method sun.misc.Unsafe.prefetchRead(Ljava/lang/Object;J)V name or signature does not match> (0x00000000d5707f98) thrown at [C:\re\workspace\8-2-build-windows-amd64-cygwin\jdk8u191\11896\hotspot\src\share\vm\prim
Event: 0.245 Thread 0x0000000002523800 Exception <a 'java/io/FileNotFoundException'> (0x00000000d5953fd0) thrown at [C:\re\workspace\8-2-build-windows-amd64-cygwin\jdk8u191\11896\hotspot\src\share\vm\prims\jni.cpp, line 709]
Event: 0.296 Thread 0x0000000002523800 Exception <a 'java/security/PrivilegedActionException'> (0x00000000d5a61180) thrown at [C:\re\workspace\8-2-build-windows-amd64-cygwin\jdk8u191\11896\hotspot\src\share\vm\prims\jvm.cpp, line 1435]
Event: 0.296 Thread 0x0000000002523800 Exception <a 'java/security/PrivilegedActionException'> (0x00000000d5a61578) thrown at [C:\re\workspace\8-2-build-windows-amd64-cygwin\jdk8u191\11896\hotspot\src\share\vm\prims\jvm.cpp, line 1435]
Event: 0.299 Thread 0x0000000002523800 Exception <a 'java/security/PrivilegedActionException'> (0x00000000d5a65670) thrown at [C:\re\workspace\8-2-build-windows-amd64-cygwin\jdk8u191\11896\hotspot\src\share\vm\prims\jvm.cpp, line 1435]
Event: 0.299 Thread 0x0000000002523800 Exception <a 'java/security/PrivilegedActionException'> (0x00000000d5a65a68) thrown at [C:\re\workspace\8-2-build-windows-amd64-cygwin\jdk8u191\11896\hotspot\src\share\vm\prims\jvm.cpp, line 1435]

Events (10 events):
Event: 195.084 Executing VM operation: ChangeBreakpoints done
Event: 195.085 Executing VM operation: ChangeBreakpoints
Event: 195.085 Executing VM operation: ChangeBreakpoints done
Event: 195.085 Executing VM operation: ChangeBreakpoints
Event: 195.085 Executing VM operation: ChangeBreakpoints done
Event: 195.086 Executing VM operation: ChangeBreakpoints
Event: 195.086 Executing VM operation: ChangeBreakpoints done
Event: 195.087 Executing VM operation: ChangeBreakpoints
Event: 195.087 Executing VM operation: ChangeBreakpoints done
Event: 195.089 Executing VM operation: GetOrSetLocal


Dynamic libraries:
0x00007ff777750000 - 0x00007ff777787000 	C:\Program Files\Java\jdk1.8.0_191\bin\java.exe
0x00007ff869380000 - 0x00007ff869561000 	C:\WINDOWS\SYSTEM32\ntdll.dll
0x00007ff868340000 - 0x00007ff8683f2000 	C:\WINDOWS\System32\KERNEL32.DLL
0x00007ff8663f0000 - 0x00007ff866663000 	C:\WINDOWS\System32\KERNELBASE.dll
0x00007ff866e50000 - 0x00007ff866ef1000 	C:\WINDOWS\System32\ADVAPI32.dll
0x00007ff868c20000 - 0x00007ff868cbe000 	C:\WINDOWS\System32\msvcrt.dll
0x00007ff866810000 - 0x00007ff86686b000 	C:\WINDOWS\System32\sechost.dll
0x00007ff868560000 - 0x00007ff868684000 	C:\WINDOWS\System32\RPCRT4.dll
0x00007ff8691c0000 - 0x00007ff869350000 	C:\WINDOWS\System32\USER32.dll
0x00007ff8659a0000 - 0x00007ff8659c0000 	C:\WINDOWS\System32\win32u.dll
0x00007ff868690000 - 0x00007ff8686b8000 	C:\WINDOWS\System32\GDI32.dll
0x00007ff865800000 - 0x00007ff865992000 	C:\WINDOWS\System32\gdi32full.dll
0x00007ff866670000 - 0x00007ff86670f000 	C:\WINDOWS\System32\msvcp_win.dll
0x00007ff866710000 - 0x00007ff866808000 	C:\WINDOWS\System32\ucrtbase.dll
0x00007ff85d5e0000 - 0x00007ff85d849000 	C:\WINDOWS\WinSxS\amd64_microsoft.windows.common-controls_6595b64144ccf1df_6.0.17134.648_none_fb45a0e93062a6d2\COMCTL32.dll
0x00007ff866b20000 - 0x00007ff866e42000 	C:\WINDOWS\System32\combase.dll
0x00007ff865a20000 - 0x00007ff865a9a000 	C:\WINDOWS\System32\bcryptPrimitives.dll
0x00007ff866950000 - 0x00007ff86697d000 	C:\WINDOWS\System32\IMM32.DLL
0x0000000050470000 - 0x0000000050542000 	C:\Program Files\Java\jdk1.8.0_191\jre\bin\msvcr100.dll
0x00000000765d0000 - 0x0000000076e74000 	C:\Program Files\Java\jdk1.8.0_191\jre\bin\server\jvm.dll
0x00007ff868cc0000 - 0x00007ff868cc8000 	C:\WINDOWS\System32\PSAPI.DLL
0x00007ff861ae0000 - 0x00007ff861aea000 	C:\WINDOWS\SYSTEM32\VERSION.dll
0x00007ff862530000 - 0x00007ff862553000 	C:\WINDOWS\SYSTEM32\WINMM.dll
0x00007ff84b030000 - 0x00007ff84b039000 	C:\WINDOWS\SYSTEM32\WSOCK32.dll
0x00007ff868cd0000 - 0x00007ff868d3c000 	C:\WINDOWS\System32\WS2_32.dll
0x00007ff862500000 - 0x00007ff86252a000 	C:\WINDOWS\SYSTEM32\WINMMBASE.dll
0x00007ff8661b0000 - 0x00007ff8661f9000 	C:\WINDOWS\System32\cfgmgr32.dll
0x0000000050460000 - 0x000000005046f000 	C:\Program Files\Java\jdk1.8.0_191\jre\bin\verify.dll
0x0000000050430000 - 0x0000000050459000 	C:\Program Files\Java\jdk1.8.0_191\jre\bin\java.dll
0x0000000050390000 - 0x00000000503c5000 	C:\Program Files\Java\jdk1.8.0_191\jre\bin\jdwp.dll
0x0000000050380000 - 0x0000000050388000 	C:\Program Files\Java\jdk1.8.0_191\jre\bin\npt.dll
0x0000000050350000 - 0x0000000050373000 	C:\Program Files\Java\jdk1.8.0_191\jre\bin\instrument.dll
0x0000000050410000 - 0x0000000050426000 	C:\Program Files\Java\jdk1.8.0_191\jre\bin\zip.dll
0x00007ff866f00000 - 0x00007ff868340000 	C:\WINDOWS\System32\SHELL32.dll
0x00007ff868b10000 - 0x00007ff868bb9000 	C:\WINDOWS\System32\shcore.dll
0x00007ff865aa0000 - 0x00007ff8661ad000 	C:\WINDOWS\System32\windows.storage.dll
0x00007ff868d50000 - 0x00007ff868da1000 	C:\WINDOWS\System32\shlwapi.dll
0x00007ff865690000 - 0x00007ff8656a1000 	C:\WINDOWS\System32\kernel.appcore.dll
0x00007ff865710000 - 0x00007ff86572f000 	C:\WINDOWS\System32\profapi.dll
0x00007ff8656b0000 - 0x00007ff8656fc000 	C:\WINDOWS\System32\powrprof.dll
0x00007ff865700000 - 0x00007ff86570a000 	C:\WINDOWS\System32\FLTLIB.DLL
0x0000000050340000 - 0x0000000050349000 	C:\Program Files\Java\jdk1.8.0_191\jre\bin\dt_socket.dll
0x00007ff864f10000 - 0x00007ff864f76000 	C:\WINDOWS\system32\mswsock.dll
0x00007ff84fe90000 - 0x00007ff850059000 	C:\WINDOWS\SYSTEM32\dbghelp.dll

VM Arguments:
jvm_args: -agentlib:jdwp=transport=dt_socket,address=127.0.0.1:60375,suspend=y,server=n -javaagent:C:\Users\Pedro\.IdeaIC2018.2\system\captureAgent\debugger-agent.jar=file:/C:/Users/Pedro/AppData/Local/Temp/capture.props -Dfile.encoding=UTF-8 
java_command: Main
java_class_path (initial): C:\Program Files\Java\jdk1.8.0_191\jre\lib\charsets.jar;C:\Program Files\Java\jdk1.8.0_191\jre\lib\deploy.jar;C:\Program Files\Java\jdk1.8.0_191\jre\lib\ext\access-bridge-64.jar;C:\Program Files\Java\jdk1.8.0_191\jre\lib\ext\cldrdata.jar;C:\Program Files\Java\jdk1.8.0_191\jre\lib\ext\dnsns.jar;C:\Program Files\Java\jdk1.8.0_191\jre\lib\ext\jaccess.jar;C:\Program Files\Java\jdk1.8.0_191\jre\lib\ext\jfxrt.jar;C:\Program Files\Java\jdk1.8.0_191\jre\lib\ext\localedata.jar;C:\Program Files\Java\jdk1.8.0_191\jre\lib\ext\nashorn.jar;C:\Program Files\Java\jdk1.8.0_191\jre\lib\ext\sunec.jar;C:\Program Files\Java\jdk1.8.0_191\jre\lib\ext\sunjce_provider.jar;C:\Program Files\Java\jdk1.8.0_191\jre\lib\ext\sunmscapi.jar;C:\Program Files\Java\jdk1.8.0_191\jre\lib\ext\sunpkcs11.jar;C:\Program Files\Java\jdk1.8.0_191\jre\lib\ext\zipfs.jar;C:\Program Files\Java\jdk1.8.0_191\jre\lib\javaws.jar;C:\Program Files\Java\jdk1.8.0_191\jre\lib\jce.jar;C:\Program Files\Java\jdk1.8.0_191\jre\lib\jfr.jar;C:\Program Files\Java\jdk1.8.0_191\jre\lib\jfxswt.jar;C:\Program Files\Java\jdk1.8.0_191\jre\lib\jsse.jar;C:\Program Files\Java\jdk1.8.0_191\jre\lib\management-agent.jar;C:\Program Files\Java\jdk1.8.0_191\jre\lib\plugin.jar;C:\Program Files\Java\jdk1.8.0_191\jre\lib\resources.jar;C:\Program Files\Java\jdk1.8.0_191\jre\lib\rt.jar;C:\Users\Pedro\Desktop\Compilador\out\production\Compilador;C:\Program Files\JetBrains\IntelliJ IDEA Community Edition 2018.2.6\lib\idea_rt.jar;C:\Users\Pedro\.IdeaIC2018.2\system\captureAgent\debugger-agent.jar
Launcher Type: SUN_STANDARD

Environment Variables:
PATH=C:\Program Files (x86)\Common Files\Oracle\Java\javapath;C:\WINDOWS\system32;C:\WINDOWS;C:\WINDOWS\System32\Wbem;C:\WINDOWS\System32\WindowsPowerShell\v1.0\;C:\WINDOWS\System32\OpenSSH\;C:\Program Files\dotnet\;C:\Program Files\Microsoft SQL Server\130\Tools\Binn\;C:\Program Files\Git\cmd;C:\Program Files (x86)\NVIDIA Corporation\PhysX\Common;C:\Program Files\NVIDIA Corporation\NVIDIA NvDLISR;C:\Users\Pedro\AppData\Local\Microsoft\WindowsApps;C:\Users\Pedro\AppData\Local\GitHubDesktop\bin
USERNAME=Pedro
OS=Windows_NT
PROCESSOR_IDENTIFIER=AMD64 Family 21 Model 2 Stepping 0, AuthenticAMD



---------------  S Y S T E M  ---------------

OS: Windows 10.0 , 64 bit Build 17134 (10.0.17134.648)

CPU:total 6 (initial active 6) (6 cores per cpu, 1 threads per core) family 21 model 2 stepping 0, cmov, cx8, fxsr, mmx, sse, sse2, sse3, ssse3, sse4.1, sse4.2, popcnt, avx, aes, clmul, mmxext, 3dnowpref, lzcnt, sse4a, tsc, tscinvbit, tscinv, bmi1

Memory: 4k page, physical 8370292k(1764776k free), swap 23865280k(2983396k free)

vm_info: Java HotSpot(TM) 64-Bit Server VM (25.191-b12) for windows-amd64 JRE (1.8.0_191-b12), built on Oct  6 2018 09:29:03 by "java_re" with MS VC++ 10.0 (VS2010)

time: Tue Apr 23 23:34:39 2019
elapsed time: 195 seconds (0d 0h 3m 15s)

