#
# A fatal error has been detected by the Java Runtime Environment:
#
#  Internal Error (signature.cpp:54), pid=12416, tid=0x0000000000003bfc
#  fatal error: expecting (
#
# JRE version: Java(TM) SE Runtime Environment (8.0_191-b12) (build 1.8.0_191-b12)
# Java VM: Java HotSpot(TM) 64-Bit Server VM (25.191-b12 mixed mode windows-amd64 compressed oops)
# Failed to write core dump. Minidumps are not enabled by default on client versions of Windows
#
# If you would like to submit a bug report, please visit:
#   http://bugreport.java.com/bugreport/crash.jsp
#

---------------  T H R E A D  ---------------

Current thread (0x0000000017757000):  VMThread [stack: 0x0000000018e10000,0x0000000018f10000] [id=15356]

Stack: [0x0000000018e10000,0x0000000018f10000]
[error occurred during error reporting (printing stack bounds), id 0xc0000005]

Native frames: (J=compiled Java code, j=interpreted, Vv=VM code, C=native code)

VM_Operation (0x000000001991f600): GetOrSetLocal, mode: safepoint, requested by thread 0x00000000177a9000


---------------  P R O C E S S  ---------------

Java Threads: ( => current thread )
  0x0000000019564800 JavaThread "Service Thread" daemon [_thread_blocked, id=15052, stack(0x0000000019e20000,0x0000000019f20000)]
  0x00000000194ea000 JavaThread "C1 CompilerThread2" daemon [_thread_blocked, id=4820, stack(0x0000000019d20000,0x0000000019e20000)]
  0x00000000194e4800 JavaThread "C2 CompilerThread1" daemon [_thread_blocked, id=9152, stack(0x0000000019c20000,0x0000000019d20000)]
  0x00000000194e4000 JavaThread "C2 CompilerThread0" daemon [_thread_blocked, id=13448, stack(0x0000000019b20000,0x0000000019c20000)]
  0x0000000019429800 JavaThread "JDWP Command Reader" daemon [_thread_in_native, id=3868, stack(0x0000000019a20000,0x0000000019b20000)]
  0x0000000019426000 JavaThread "JDWP Event Helper Thread" daemon [_thread_blocked, id=8284, stack(0x0000000019920000,0x0000000019a20000)]
  0x00000000177a9000 JavaThread "JDWP Transport Listener: dt_socket" daemon [_thread_blocked, id=17720, stack(0x0000000019820000,0x0000000019920000)]
  0x000000001779c000 JavaThread "Attach Listener" daemon [_thread_blocked, id=15156, stack(0x0000000019320000,0x0000000019420000)]
  0x000000001779a800 JavaThread "Signal Dispatcher" daemon [_thread_blocked, id=18032, stack(0x0000000019220000,0x0000000019320000)]
  0x0000000002928800 JavaThread "Finalizer" daemon [_thread_blocked, id=18196, stack(0x0000000019010000,0x0000000019110000)]
  0x000000001777c800 JavaThread "Reference Handler" daemon [_thread_blocked, id=12076, stack(0x0000000018f10000,0x0000000019010000)]
  0x0000000002833800 JavaThread "main" [_thread_blocked, id=7772, stack(0x0000000002630000,0x0000000002730000)]

Other Threads:
=>0x0000000017757000 VMThread [stack: 0x0000000018e10000,0x0000000018f10000] [id=15356]
  0x00000000195c0000 WatcherThread [stack: 0x000000001a070000,0x000000001a170000] [id=18304]

VM state:at safepoint (normal execution)

VM Mutex/Monitor currently owned by a thread:  ([mutex/lock_event])
[0x0000000002830950] Threads_lock - owner thread: 0x0000000017757000

Heap:
 PSYoungGen      total 38400K, used 4017K [0x00000000d5700000, 0x00000000d8180000, 0x0000000100000000)
  eden space 33280K, 12% used [0x00000000d5700000,0x00000000d5aec578,0x00000000d7780000)
  from space 5120K, 0% used [0x00000000d7c80000,0x00000000d7c80000,0x00000000d8180000)
  to   space 5120K, 0% used [0x00000000d7780000,0x00000000d7780000,0x00000000d7c80000)
 ParOldGen       total 87552K, used 0K [0x0000000080400000, 0x0000000085980000, 0x00000000d5700000)
  object space 87552K, 0% used [0x0000000080400000,0x0000000080400000,0x0000000085980000)
 Metaspace       used 3876K, capacity 4780K, committed 4864K, reserved 1056768K
  class space    used 431K, capacity 468K, committed 512K, reserved 1048576K

Card table byte_map: [0x0000000011cf0000,0x00000000120f0000] byte_map_base: 0x00000000118ee000

Marking Bits: (ParMarkBitMap*) 0x0000000076df3e30
 Begin Bits: [0x00000000129a0000, 0x0000000014990000)
 End Bits:   [0x0000000014990000, 0x0000000016980000)

Polling page: 0x00000000007c0000

CodeCache: size=245760Kb used=1291Kb max_used=1291Kb free=244468Kb
 bounds [0x0000000002930000, 0x0000000002ba0000, 0x0000000011930000]
 total_blobs=344 nmethods=99 adapters=167
 compilation: enabled

Compilation events (10 events):
Event: 3.624 Thread 0x00000000194ea000   95       3       java.io.File::isInvalid (47 bytes)
Event: 3.624 Thread 0x00000000194ea000 nmethod 95 0x0000000002a71810 code [0x0000000002a71980, 0x0000000002a71dc8]
Event: 3.625 Thread 0x00000000194ea000   96       1       java.net.URL::getHost (5 bytes)
Event: 3.625 Thread 0x00000000194ea000 nmethod 96 0x0000000002a71ed0 code [0x0000000002a72020, 0x0000000002a72130]
Event: 3.626 Thread 0x00000000194ea000   97       3       java.util.HashMap$HashIterator::hasNext (13 bytes)
Event: 3.626 Thread 0x00000000194ea000 nmethod 97 0x0000000002a72190 code [0x0000000002a722e0, 0x0000000002a72490]
Event: 3.626 Thread 0x00000000194ea000   99       3       java.util.HashMap$HashIterator::nextNode (100 bytes)
Event: 3.626 Thread 0x00000000194ea000 nmethod 99 0x0000000002a72510 code [0x0000000002a726c0, 0x0000000002a72b78]
Event: 3.626 Thread 0x00000000194ea000   98       3       java.util.HashMap$ValueIterator::next (8 bytes)
Event: 3.627 Thread 0x00000000194ea000 nmethod 98 0x0000000002a72dd0 code [0x0000000002a72f40, 0x0000000002a73168]

GC Heap History (0 events):
No events

Deoptimization events (0 events):
No events

Classes redefined (2 events):
Event: 124.642 Thread 0x0000000017757000 redefined class name=AnalisadorLexico, count=1
Event: 315.697 Thread 0x0000000017757000 redefined class name=AnalisadorLexico, count=2

Internal exceptions (7 events):
Event: 0.043 Thread 0x0000000002833800 Exception <a 'java/lang/NoSuchMethodError': Method sun.misc.Unsafe.defineClass(Ljava/lang/String;[BII)Ljava/lang/Class; name or signature does not match> (0x00000000d5707cb0) thrown at [C:\re\workspace\8-2-build-windows-amd64-cygwin\jdk8u191\11896\hotspot
Event: 0.043 Thread 0x0000000002833800 Exception <a 'java/lang/NoSuchMethodError': Method sun.misc.Unsafe.prefetchRead(Ljava/lang/Object;J)V name or signature does not match> (0x00000000d5707f98) thrown at [C:\re\workspace\8-2-build-windows-amd64-cygwin\jdk8u191\11896\hotspot\src\share\vm\prim
Event: 0.219 Thread 0x0000000002833800 Exception <a 'java/io/FileNotFoundException'> (0x00000000d5953fd0) thrown at [C:\re\workspace\8-2-build-windows-amd64-cygwin\jdk8u191\11896\hotspot\src\share\vm\prims\jni.cpp, line 709]
Event: 0.266 Thread 0x0000000002833800 Exception <a 'java/security/PrivilegedActionException'> (0x00000000d5a61180) thrown at [C:\re\workspace\8-2-build-windows-amd64-cygwin\jdk8u191\11896\hotspot\src\share\vm\prims\jvm.cpp, line 1435]
Event: 0.266 Thread 0x0000000002833800 Exception <a 'java/security/PrivilegedActionException'> (0x00000000d5a61578) thrown at [C:\re\workspace\8-2-build-windows-amd64-cygwin\jdk8u191\11896\hotspot\src\share\vm\prims\jvm.cpp, line 1435]
Event: 0.267 Thread 0x0000000002833800 Exception <a 'java/security/PrivilegedActionException'> (0x00000000d5a65670) thrown at [C:\re\workspace\8-2-build-windows-amd64-cygwin\jdk8u191\11896\hotspot\src\share\vm\prims\jvm.cpp, line 1435]
Event: 0.267 Thread 0x0000000002833800 Exception <a 'java/security/PrivilegedActionException'> (0x00000000d5a65a68) thrown at [C:\re\workspace\8-2-build-windows-amd64-cygwin\jdk8u191\11896\hotspot\src\share\vm\prims\jvm.cpp, line 1435]

Events (10 events):
Event: 315.701 Executing VM operation: ChangeBreakpoints done
Event: 315.701 Executing VM operation: ChangeBreakpoints
Event: 315.701 Executing VM operation: ChangeBreakpoints done
Event: 315.702 Executing VM operation: ChangeBreakpoints
Event: 315.702 Executing VM operation: ChangeBreakpoints done
Event: 315.702 Executing VM operation: ChangeBreakpoints
Event: 315.702 Executing VM operation: ChangeBreakpoints done
Event: 315.703 Executing VM operation: ChangeBreakpoints
Event: 315.703 Executing VM operation: ChangeBreakpoints done
Event: 315.705 Executing VM operation: GetOrSetLocal


Dynamic libraries:
0x00007ff777750000 - 0x00007ff777787000 	C:\Program Files\Java\jdk1.8.0_191\bin\java.exe
0x00007ff869380000 - 0x00007ff869561000 	C:\WINDOWS\SYSTEM32\ntdll.dll
0x00007ff868340000 - 0x00007ff8683f2000 	C:\WINDOWS\System32\KERNEL32.DLL
0x00007ff8663f0000 - 0x00007ff866663000 	C:\WINDOWS\System32\KERNELBASE.dll
0x00007ff866e50000 - 0x00007ff866ef1000 	C:\WINDOWS\System32\ADVAPI32.dll
0x00007ff868c20000 - 0x00007ff868cbe000 	C:\WINDOWS\System32\msvcrt.dll
0x00007ff866810000 - 0x00007ff86686b000 	C:\WINDOWS\System32\sechost.dll
0x00007ff868560000 - 0x00007ff868684000 	C:\WINDOWS\System32\RPCRT4.dll
0x00007ff8691c0000 - 0x00007ff869350000 	C:\WINDOWS\System32\USER32.dll
0x00007ff8659a0000 - 0x00007ff8659c0000 	C:\WINDOWS\System32\win32u.dll
0x00007ff868690000 - 0x00007ff8686b8000 	C:\WINDOWS\System32\GDI32.dll
0x00007ff865800000 - 0x00007ff865992000 	C:\WINDOWS\System32\gdi32full.dll
0x00007ff866670000 - 0x00007ff86670f000 	C:\WINDOWS\System32\msvcp_win.dll
0x00007ff866710000 - 0x00007ff866808000 	C:\WINDOWS\System32\ucrtbase.dll
0x00007ff85d5e0000 - 0x00007ff85d849000 	C:\WINDOWS\WinSxS\amd64_microsoft.windows.common-controls_6595b64144ccf1df_6.0.17134.648_none_fb45a0e93062a6d2\COMCTL32.dll
0x00007ff866b20000 - 0x00007ff866e42000 	C:\WINDOWS\System32\combase.dll
0x00007ff865a20000 - 0x00007ff865a9a000 	C:\WINDOWS\System32\bcryptPrimitives.dll
0x00007ff866950000 - 0x00007ff86697d000 	C:\WINDOWS\System32\IMM32.DLL
0x0000000077f20000 - 0x0000000077ff2000 	C:\Program Files\Java\jdk1.8.0_191\jre\bin\msvcr100.dll
0x00000000765d0000 - 0x0000000076e74000 	C:\Program Files\Java\jdk1.8.0_191\jre\bin\server\jvm.dll
0x00007ff868cc0000 - 0x00007ff868cc8000 	C:\WINDOWS\System32\PSAPI.DLL
0x00007ff862530000 - 0x00007ff862553000 	C:\WINDOWS\SYSTEM32\WINMM.dll
0x00007ff861ae0000 - 0x00007ff861aea000 	C:\WINDOWS\SYSTEM32\VERSION.dll
0x00007ff84b030000 - 0x00007ff84b039000 	C:\WINDOWS\SYSTEM32\WSOCK32.dll
0x00007ff868cd0000 - 0x00007ff868d3c000 	C:\WINDOWS\System32\WS2_32.dll
0x00007ff862500000 - 0x00007ff86252a000 	C:\WINDOWS\SYSTEM32\winmmbase.dll
0x00007ff8661b0000 - 0x00007ff8661f9000 	C:\WINDOWS\System32\cfgmgr32.dll
0x0000000050070000 - 0x000000005007f000 	C:\Program Files\Java\jdk1.8.0_191\jre\bin\verify.dll
0x0000000050040000 - 0x0000000050069000 	C:\Program Files\Java\jdk1.8.0_191\jre\bin\java.dll
0x0000000077e90000 - 0x0000000077ec5000 	C:\Program Files\Java\jdk1.8.0_191\jre\bin\jdwp.dll
0x0000000077e80000 - 0x0000000077e88000 	C:\Program Files\Java\jdk1.8.0_191\jre\bin\npt.dll
0x0000000077e50000 - 0x0000000077e73000 	C:\Program Files\Java\jdk1.8.0_191\jre\bin\instrument.dll
0x0000000050020000 - 0x0000000050036000 	C:\Program Files\Java\jdk1.8.0_191\jre\bin\zip.dll
0x00007ff866f00000 - 0x00007ff868340000 	C:\WINDOWS\System32\SHELL32.dll
0x00007ff868b10000 - 0x00007ff868bb9000 	C:\WINDOWS\System32\shcore.dll
0x00007ff865aa0000 - 0x00007ff8661ad000 	C:\WINDOWS\System32\windows.storage.dll
0x00007ff868d50000 - 0x00007ff868da1000 	C:\WINDOWS\System32\shlwapi.dll
0x00007ff865690000 - 0x00007ff8656a1000 	C:\WINDOWS\System32\kernel.appcore.dll
0x00007ff865710000 - 0x00007ff86572f000 	C:\WINDOWS\System32\profapi.dll
0x00007ff8656b0000 - 0x00007ff8656fc000 	C:\WINDOWS\System32\powrprof.dll
0x00007ff865700000 - 0x00007ff86570a000 	C:\WINDOWS\System32\FLTLIB.DLL
0x0000000077e40000 - 0x0000000077e49000 	C:\Program Files\Java\jdk1.8.0_191\jre\bin\dt_socket.dll
0x00007ff864f10000 - 0x00007ff864f76000 	C:\WINDOWS\system32\mswsock.dll

VM Arguments:
jvm_args: -agentlib:jdwp=transport=dt_socket,address=127.0.0.1:59873,suspend=y,server=n -javaagent:C:\Users\Pedro\.IdeaIC2018.2\system\captureAgent\debugger-agent.jar=file:/C:/Users/Pedro/AppData/Local/Temp/capture.props -Dfile.encoding=UTF-8 
java_command: Main
java_class_path (initial): C:\Program Files\Java\jdk1.8.0_191\jre\lib\charsets.jar;C:\Program Files\Java\jdk1.8.0_191\jre\lib\deploy.jar;C:\Program Files\Java\jdk1.8.0_191\jre\lib\ext\access-bridge-64.jar;C:\Program Files\Java\jdk1.8.0_191\jre\lib\ext\cldrdata.jar;C:\Program Files\Java\jdk1.8.0_191\jre\lib\ext\dnsns.jar;C:\Program Files\Java\jdk1.8.0_191\jre\lib\ext\jaccess.jar;C:\Program Files\Java\jdk1.8.0_191\jre\lib\ext\jfxrt.jar;C:\Program Files\Java\jdk1.8.0_191\jre\lib\ext\localedata.jar;C:\Program Files\Java\jdk1.8.0_191\jre\lib\ext\nashorn.jar;C:\Program Files\Java\jdk1.8.0_191\jre\lib\ext\sunec.jar;C:\Program Files\Java\jdk1.8.0_191\jre\lib\ext\sunjce_provider.jar;C:\Program Files\Java\jdk1.8.0_191\jre\lib\ext\sunmscapi.jar;C:\Program Files\Java\jdk1.8.0_191\jre\lib\ext\sunpkcs11.jar;C:\Program Files\Java\jdk1.8.0_191\jre\lib\ext\zipfs.jar;C:\Program Files\Java\jdk1.8.0_191\jre\lib\javaws.jar;C:\Program Files\Java\jdk1.8.0_191\jre\lib\jce.jar;C:\Program Files\Java\jdk1.8.0_191\jre\lib\jfr.jar;C:\Program Files\Java\jdk1.8.0_191\jre\lib\jfxswt.jar;C:\Program Files\Java\jdk1.8.0_191\jre\lib\jsse.jar;C:\Program Files\Java\jdk1.8.0_191\jre\lib\management-agent.jar;C:\Program Files\Java\jdk1.8.0_191\jre\lib\plugin.jar;C:\Program Files\Java\jdk1.8.0_191\jre\lib\resources.jar;C:\Program Files\Java\jdk1.8.0_191\jre\lib\rt.jar;C:\Users\Pedro\Desktop\Compilador\out\production\Compilador;C:\Program Files\JetBrains\IntelliJ IDEA Community Edition 2018.2.6\lib\idea_rt.jar;C:\Users\Pedro\.IdeaIC2018.2\system\captureAgent\debugger-agent.jar
Launcher Type: SUN_STANDARD

Environment Variables:
PATH=C:\Program Files (x86)\Common Files\Oracle\Java\javapath;C:\WINDOWS\system32;C:\WINDOWS;C:\WINDOWS\System32\Wbem;C:\WINDOWS\System32\WindowsPowerShell\v1.0\;C:\WINDOWS\System32\OpenSSH\;C:\Program Files\dotnet\;C:\Program Files\Microsoft SQL Server\130\Tools\Binn\;C:\Program Files\Git\cmd;C:\Program Files (x86)\NVIDIA Corporation\PhysX\Common;C:\Program Files\NVIDIA Corporation\NVIDIA NvDLISR;C:\Users\Pedro\AppData\Local\Microsoft\WindowsApps;C:\Users\Pedro\AppData\Local\GitHubDesktop\bin
USERNAME=Pedro
OS=Windows_NT
PROCESSOR_IDENTIFIER=AMD64 Family 21 Model 2 Stepping 0, AuthenticAMD



---------------  S Y S T E M  ---------------

OS: Windows 10.0 , 64 bit Build 17134 (10.0.17134.648)

CPU:total 6 (initial active 6) (6 cores per cpu, 1 threads per core) family 21 model 2 stepping 0, cmov, cx8, fxsr, mmx, sse, sse2, sse3, ssse3, sse4.1, sse4.2, popcnt, avx, aes, clmul, mmxext, 3dnowpref, lzcnt, sse4a, tsc, tscinvbit, tscinv, bmi1

Memory: 4k page, physical 8370292k(1884540k free), swap 20837296k(2857056k free)

vm_info: Java HotSpot(TM) 64-Bit Server VM (25.191-b12) for windows-amd64 JRE (1.8.0_191-b12), built on Oct  6 2018 09:29:03 by "java_re" with MS VC++ 10.0 (VS2010)

time: Tue Apr 23 21:37:05 2019
elapsed time: 315 seconds (0d 0h 5m 15s)

