#
# A fatal error has been detected by the Java Runtime Environment:
#
#  EXCEPTION_ACCESS_VIOLATION (0xc0000005) at pc=0x000000006289e023, pid=11148, tid=0x0000000000000bfc
#
# JRE version: Java(TM) SE Runtime Environment (8.0_191-b12) (build 1.8.0_191-b12)
# Java VM: Java HotSpot(TM) 64-Bit Server VM (25.191-b12 mixed mode windows-amd64 compressed oops)
# Problematic frame:
# V  [jvm.dll+0xfe023]
#
# Failed to write core dump. Minidumps are not enabled by default on client versions of Windows
#
# If you would like to submit a bug report, please visit:
#   http://bugreport.java.com/bugreport/crash.jsp
#

---------------  T H R E A D  ---------------

Current thread (0x0000000018508000):  VMThread [stack: 0x0000000019bd0000,0x0000000019cd0000] [id=3068]

siginfo: ExceptionCode=0xc0000005, reading address 0xffffffffffffffff

Registers:
RAX=0x0000000000000009, RBX=0x0000000019ccf260, RCX=0x0000000019ccf260, RDX=0xffffffffffffcb49
RSP=0x0000000019ccf010, RBP=0x0000000019ccf080, RSI=0x0000000019ccf260, RDI=0x00000000000000a5
R8 =0x0000000000000009, R9 =0x00000000183d54a0, R10=0x03ffffffffffff2d, R11=0x0000000017f72141
R12=0x0000000000000000, R13=0x000000006289e000, R14=0x0000000000000099, R15=0x0000000000000001
RIP=0x000000006289e023, EFLAGS=0x0000000000010216

Top of Stack: (sp=0x0000000019ccf010)
0x0000000019ccf010:   0000000019ccf260 0000000019ccf080
0x0000000019ccf020:   0000000000000099 000000006285275e
0x0000000019ccf030:   0000000019ccf260 000000006289fe09
0x0000000019ccf040:   00001e109c1fb0ca 0000000019ccf260
0x0000000019ccf050:   0000000019ccf260 000000006289f8e6
0x0000000019ccf060:   0000000019ccf0d0 0000000017f72132
0x0000000019ccf070:   000000000000000c 000000006289f8e6
0x0000000019ccf080:   00000000000003d8 00000000183d57d8
0x0000000019ccf090:   0000000000000000 00000000000000a5
0x0000000019ccf0a0:   0000000018508000 00000000628a0894
0x0000000019ccf0b0:   0000000019ccf260 0000000000000000
0x0000000019ccf0c0:   0000000000000099 0000000000000096
0x0000000019ccf0d0:   0000000017f723f0 0000000018508000
0x0000000019ccf0e0:   0000009c00000099 000000a500000290
0x0000000019ccf0f0:   00000000183d0000 00000000000000a5
0x0000000019ccf100:   0000000000000003 00000000000003d8 

Instructions: (pc=0x000000006289e023)
0x000000006289e003:   83 ec 20 4c 8b 89 90 00 00 00 48 63 d2 48 8b d9
0x000000006289e013:   0f b6 c2 4c 8b d2 24 3f 49 c1 ea 06 44 0f b6 c0
0x000000006289e023:   4b 8b 04 d1 4c 0f a3 c0 72 0f 48 83 c1 70 41 b0
0x000000006289e033:   01 e8 c7 85 17 00 ff 43 6c 48 83 c4 20 5b c3 cc 


Register to memory mapping:

RAX=0x0000000000000009 is an unknown value
RBX=0x0000000019ccf260 is an unknown value
RCX=0x0000000019ccf260 is an unknown value
RDX=0xffffffffffffcb49 is an unknown value
RSP=0x0000000019ccf010 is an unknown value
RBP=0x0000000019ccf080 is an unknown value
RSI=0x0000000019ccf260 is an unknown value
RDI=0x00000000000000a5 is an unknown value
R8 =0x0000000000000009 is an unknown value
R9 =0x00000000183d54a0 is an unknown value
R10=0x03ffffffffffff2d is an unknown value
R11=0x0000000017f72141 is pointing into metadata
R12=0x0000000000000000 is an unknown value
R13=0x000000006289e000 is an unknown value
R14=0x0000000000000099 is an unknown value
R15=0x0000000000000001 is an unknown value


Stack: [0x0000000019bd0000,0x0000000019cd0000],  sp=0x0000000019ccf010,  free space=1020k
Native frames: (J=compiled Java code, j=interpreted, Vv=VM code, C=native code)
V  [jvm.dll+0xfe023]
V  [jvm.dll+0xffe09]
V  [jvm.dll+0x100894]
V  [jvm.dll+0x103c74]
V  [jvm.dll+0xc525e]
V  [jvm.dll+0xc58e8]
V  [jvm.dll+0xc5a1a]
V  [jvm.dll+0xc5c18]
V  [jvm.dll+0x10fbba]
V  [jvm.dll+0x12d43f]
V  [jvm.dll+0x1bf3cf]
V  [jvm.dll+0x24d0c7]
V  [jvm.dll+0x24c366]
V  [jvm.dll+0x24c801]
V  [jvm.dll+0x24ca1e]
V  [jvm.dll+0x29eb9a]
C  [msvcr100.dll+0x21d9f]
C  [msvcr100.dll+0x21e3b]
C  [KERNEL32.DLL+0x14034]
C  [ntdll.dll+0x73691]

VM_Operation (0x000000001a6df5e0): GetOrSetLocal, mode: safepoint, requested by thread 0x0000000018558000


---------------  P R O C E S S  ---------------

Java Threads: ( => current thread )
  0x000000001a30c800 JavaThread "Service Thread" daemon [_thread_blocked, id=4512, stack(0x000000001abe0000,0x000000001ace0000)]
  0x000000001a2a5800 JavaThread "C1 CompilerThread2" daemon [_thread_blocked, id=16544, stack(0x000000001aae0000,0x000000001abe0000)]
  0x000000001a2a1000 JavaThread "C2 CompilerThread1" daemon [_thread_blocked, id=18304, stack(0x000000001a9e0000,0x000000001aae0000)]
  0x000000001a2a0000 JavaThread "C2 CompilerThread0" daemon [_thread_blocked, id=16104, stack(0x000000001a8e0000,0x000000001a9e0000)]
  0x000000001a1e6800 JavaThread "JDWP Command Reader" daemon [_thread_in_native, id=6580, stack(0x000000001a7e0000,0x000000001a8e0000)]
  0x000000001a1e5000 JavaThread "JDWP Event Helper Thread" daemon [_thread_blocked, id=17492, stack(0x000000001a6e0000,0x000000001a7e0000)]
  0x0000000018558000 JavaThread "JDWP Transport Listener: dt_socket" daemon [_thread_blocked, id=17852, stack(0x000000001a5e0000,0x000000001a6e0000)]
  0x0000000018547800 JavaThread "Attach Listener" daemon [_thread_blocked, id=14384, stack(0x000000001a0e0000,0x000000001a1e0000)]
  0x0000000018546800 JavaThread "Signal Dispatcher" daemon [_thread_blocked, id=3372, stack(0x0000000019fe0000,0x000000001a0e0000)]
  0x000000000370e000 JavaThread "Finalizer" daemon [_thread_blocked, id=14004, stack(0x0000000019dd0000,0x0000000019ed0000)]
  0x0000000003707800 JavaThread "Reference Handler" daemon [_thread_blocked, id=6476, stack(0x0000000019cd0000,0x0000000019dd0000)]
  0x0000000003613800 JavaThread "main" [_thread_blocked, id=17612, stack(0x0000000003330000,0x0000000003430000)]

Other Threads:
=>0x0000000018508000 VMThread [stack: 0x0000000019bd0000,0x0000000019cd0000] [id=3068]
  0x000000001a34d000 WatcherThread [stack: 0x000000001ae30000,0x000000001af30000] [id=1712]

VM state:at safepoint (normal execution)

VM Mutex/Monitor currently owned by a thread:  ([mutex/lock_event])
[0x0000000003610dd0] Threads_lock - owner thread: 0x0000000018508000

Heap:
 PSYoungGen      total 38400K, used 4002K [0x00000000d5700000, 0x00000000d8180000, 0x0000000100000000)
  eden space 33280K, 12% used [0x00000000d5700000,0x00000000d5ae8ae0,0x00000000d7780000)
  from space 5120K, 0% used [0x00000000d7c80000,0x00000000d7c80000,0x00000000d8180000)
  to   space 5120K, 0% used [0x00000000d7780000,0x00000000d7780000,0x00000000d7c80000)
 ParOldGen       total 87552K, used 0K [0x0000000080400000, 0x0000000085980000, 0x00000000d5700000)
  object space 87552K, 0% used [0x0000000080400000,0x0000000080400000,0x0000000085980000)
 Metaspace       used 3514K, capacity 4856K, committed 5120K, reserved 1056768K
  class space    used 364K, capacity 424K, committed 512K, reserved 1048576K

Card table byte_map: [0x0000000012ad0000,0x0000000012ed0000] byte_map_base: 0x00000000126ce000

Marking Bits: (ParMarkBitMap*) 0x0000000062fc3e30
 Begin Bits: [0x0000000013780000, 0x0000000015770000)
 End Bits:   [0x0000000015770000, 0x0000000017760000)

Polling page: 0x0000000001510000

CodeCache: size=245760Kb used=1256Kb max_used=1256Kb free=244503Kb
 bounds [0x0000000003710000, 0x0000000003980000, 0x0000000012710000]
 total_blobs=326 nmethods=90 adapters=158
 compilation: enabled

Compilation events (10 events):
Event: 3.429 Thread 0x000000001a2a5800   88       3       java.lang.String::substring (79 bytes)
Event: 3.430 Thread 0x000000001a2a5800 nmethod 88 0x0000000003848710 code [0x00000000038488e0, 0x0000000003848dd8]
Event: 3.430 Thread 0x000000001a2a5800   86   !   3       sun.misc.URLClassPath$JarLoader::ensureOpen (36 bytes)
Event: 3.430 Thread 0x000000001a2a5800 nmethod 86 0x0000000003849090 code [0x0000000003849240, 0x0000000003849718]
Event: 3.430 Thread 0x000000001a2a5800   87   !   3       java.util.zip.ZipFile::getEntry (101 bytes)
Event: 3.430 Thread 0x000000001a2a5800 nmethod 87 0x00000000038498d0 code [0x0000000003849aa0, 0x000000000384a198]
Event: 3.430 Thread 0x000000001a2a5800   89       1       java.net.URL::getPort (5 bytes)
Event: 3.430 Thread 0x000000001a2a5800 nmethod 89 0x0000000003843010 code [0x0000000003843160, 0x0000000003843270]
Event: 558.743 Thread 0x000000001a2a5800   90       1       java.util.Collections$EmptyList::isEmpty (2 bytes)
Event: 558.743 Thread 0x000000001a2a5800 nmethod 90 0x000000000384a4d0 code [0x000000000384a620, 0x000000000384a730]

GC Heap History (0 events):
No events

Deoptimization events (0 events):
No events

Classes redefined (10 events):
Event: 161.386 Thread 0x0000000018508000 redefined class name=LC.AnalisadorSintatico$1, count=1
Event: 161.387 Thread 0x0000000018508000 redefined class name=LC.AnalisadorSintatico, count=1
Event: 174.549 Thread 0x0000000018508000 redefined class name=LC.AnalisadorSintatico$1, count=2
Event: 174.549 Thread 0x0000000018508000 redefined class name=LC.AnalisadorSintatico, count=2
Event: 385.545 Thread 0x0000000018508000 redefined class name=LC.AnalisadorSintatico$1, count=3
Event: 385.546 Thread 0x0000000018508000 redefined class name=LC.AnalisadorSintatico, count=3
Event: 406.020 Thread 0x0000000018508000 redefined class name=LC.AnalisadorSintatico$1, count=4
Event: 406.021 Thread 0x0000000018508000 redefined class name=LC.AnalisadorSintatico, count=4
Event: 558.748 Thread 0x0000000018508000 redefined class name=LC.AnalisadorSintatico$1, count=5
Event: 558.749 Thread 0x0000000018508000 redefined class name=LC.AnalisadorSintatico, count=5

Internal exceptions (3 events):
Event: 0.039 Thread 0x0000000003613800 Exception <a 'java/lang/NoSuchMethodError': Method sun.misc.Unsafe.defineClass(Ljava/lang/String;[BII)Ljava/lang/Class; name or signature does not match> (0x00000000d5707cb0) thrown at [C:\re\workspace\8-2-build-windows-amd64-cygwin\jdk8u191\11896\hotspot
Event: 0.039 Thread 0x0000000003613800 Exception <a 'java/lang/NoSuchMethodError': Method sun.misc.Unsafe.prefetchRead(Ljava/lang/Object;J)V name or signature does not match> (0x00000000d5707f98) thrown at [C:\re\workspace\8-2-build-windows-amd64-cygwin\jdk8u191\11896\hotspot\src\share\vm\prim
Event: 0.231 Thread 0x0000000003613800 Exception <a 'java/io/FileNotFoundException'> (0x00000000d59533d8) thrown at [C:\re\workspace\8-2-build-windows-amd64-cygwin\jdk8u191\11896\hotspot\src\share\vm\prims\jni.cpp, line 709]

Events (10 events):
Event: 558.760 Executing VM operation: ChangeBreakpoints done
Event: 558.761 Executing VM operation: ChangeBreakpoints
Event: 558.761 Executing VM operation: ChangeBreakpoints done
Event: 558.762 Executing VM operation: ChangeBreakpoints
Event: 558.762 Executing VM operation: ChangeBreakpoints done
Event: 558.762 Executing VM operation: ChangeBreakpoints
Event: 558.762 Executing VM operation: ChangeBreakpoints done
Event: 558.763 Executing VM operation: ChangeBreakpoints
Event: 558.763 Executing VM operation: ChangeBreakpoints done
Event: 558.764 Executing VM operation: GetOrSetLocal


Dynamic libraries:
0x00007ff6960f0000 - 0x00007ff696127000 	C:\Program Files\Java\jdk1.8.0_191\bin\java.exe
0x00007fff9afc0000 - 0x00007fff9b1a1000 	C:\WINDOWS\SYSTEM32\ntdll.dll
0x00007fff98bb0000 - 0x00007fff98c61000 	C:\WINDOWS\System32\KERNEL32.DLL
0x00007fff980b0000 - 0x00007fff98323000 	C:\WINDOWS\System32\KERNELBASE.dll
0x00007fff99450000 - 0x00007fff994f1000 	C:\WINDOWS\System32\ADVAPI32.dll
0x00007fff99910000 - 0x00007fff999ae000 	C:\WINDOWS\System32\msvcrt.dll
0x00007fff996a0000 - 0x00007fff996fb000 	C:\WINDOWS\System32\sechost.dll
0x00007fff99100000 - 0x00007fff99224000 	C:\WINDOWS\System32\RPCRT4.dll
0x00007fff985d0000 - 0x00007fff98760000 	C:\WINDOWS\System32\USER32.dll
0x00007fff98330000 - 0x00007fff98350000 	C:\WINDOWS\System32\win32u.dll
0x00007fff99870000 - 0x00007fff99898000 	C:\WINDOWS\System32\GDI32.dll
0x00007fff97560000 - 0x00007fff976f2000 	C:\WINDOWS\System32\gdi32full.dll
0x00007fff983b0000 - 0x00007fff9844f000 	C:\WINDOWS\System32\msvcp_win.dll
0x00007fff97390000 - 0x00007fff97488000 	C:\WINDOWS\System32\ucrtbase.dll
0x00007fff8e4b0000 - 0x00007fff8e719000 	C:\WINDOWS\WinSxS\amd64_microsoft.windows.common-controls_6595b64144ccf1df_6.0.17134.706_none_fb43a2cb30647007\COMCTL32.dll
0x00007fff98d40000 - 0x00007fff99062000 	C:\WINDOWS\System32\combase.dll
0x00007fff97490000 - 0x00007fff9750a000 	C:\WINDOWS\System32\bcryptPrimitives.dll
0x00007fff995c0000 - 0x00007fff995ed000 	C:\WINDOWS\System32\IMM32.DLL
0x0000000063050000 - 0x0000000063122000 	C:\Program Files\Java\jdk1.8.0_191\jre\bin\msvcr100.dll
0x00000000627a0000 - 0x0000000063044000 	C:\Program Files\Java\jdk1.8.0_191\jre\bin\server\jvm.dll
0x00007fff99860000 - 0x00007fff99868000 	C:\WINDOWS\System32\PSAPI.DLL
0x00007fff8a450000 - 0x00007fff8a459000 	C:\WINDOWS\SYSTEM32\WSOCK32.dll
0x00007fff955b0000 - 0x00007fff955d3000 	C:\WINDOWS\SYSTEM32\WINMM.dll
0x00007fff93800000 - 0x00007fff9380a000 	C:\WINDOWS\SYSTEM32\VERSION.dll
0x00007fff992f0000 - 0x00007fff9935c000 	C:\WINDOWS\System32\WS2_32.dll
0x00007fff95440000 - 0x00007fff9546a000 	C:\WINDOWS\SYSTEM32\winmmbase.dll
0x00007fff97510000 - 0x00007fff97559000 	C:\WINDOWS\System32\cfgmgr32.dll
0x0000000064010000 - 0x000000006401f000 	C:\Program Files\Java\jdk1.8.0_191\jre\bin\verify.dll
0x0000000063fe0000 - 0x0000000064009000 	C:\Program Files\Java\jdk1.8.0_191\jre\bin\java.dll
0x0000000062760000 - 0x0000000062795000 	C:\Program Files\Java\jdk1.8.0_191\jre\bin\jdwp.dll
0x0000000063f70000 - 0x0000000063f78000 	C:\Program Files\Java\jdk1.8.0_191\jre\bin\npt.dll
0x0000000062730000 - 0x0000000062753000 	C:\Program Files\Java\jdk1.8.0_191\jre\bin\instrument.dll
0x0000000063fc0000 - 0x0000000063fd6000 	C:\Program Files\Java\jdk1.8.0_191\jre\bin\zip.dll
0x00007fff99b50000 - 0x00007fff9af90000 	C:\WINDOWS\System32\SHELL32.dll
0x00007fff995f0000 - 0x00007fff99699000 	C:\WINDOWS\System32\shcore.dll
0x00007fff979a0000 - 0x00007fff980ad000 	C:\WINDOWS\System32\windows.storage.dll
0x00007fff998a0000 - 0x00007fff998f1000 	C:\WINDOWS\System32\shlwapi.dll
0x00007fff97370000 - 0x00007fff97381000 	C:\WINDOWS\System32\kernel.appcore.dll
0x00007fff97330000 - 0x00007fff9734f000 	C:\WINDOWS\System32\profapi.dll
0x00007fff972d0000 - 0x00007fff9731c000 	C:\WINDOWS\System32\powrprof.dll
0x00007fff97320000 - 0x00007fff9732a000 	C:\WINDOWS\System32\FLTLIB.DLL
0x0000000063f60000 - 0x0000000063f69000 	C:\Program Files\Java\jdk1.8.0_191\jre\bin\dt_socket.dll
0x00007fff96b50000 - 0x00007fff96bb6000 	C:\WINDOWS\system32\mswsock.dll
0x00007fff81a50000 - 0x00007fff81c19000 	C:\WINDOWS\SYSTEM32\dbghelp.dll

VM Arguments:
jvm_args: -agentlib:jdwp=transport=dt_socket,address=127.0.0.1:57475,suspend=y,server=n -javaagent:C:\Users\Pedro\.IdeaIC2018.2\system\captureAgent\debugger-agent.jar=file:/C:/Users/Pedro/AppData/Local/Temp/capture.props -Dfile.encoding=UTF-8 
java_command: LC.LC exL2.l exL1.asm
java_class_path (initial): C:\Program Files\Java\jdk1.8.0_191\jre\lib\charsets.jar;C:\Program Files\Java\jdk1.8.0_191\jre\lib\deploy.jar;C:\Program Files\Java\jdk1.8.0_191\jre\lib\ext\access-bridge-64.jar;C:\Program Files\Java\jdk1.8.0_191\jre\lib\ext\cldrdata.jar;C:\Program Files\Java\jdk1.8.0_191\jre\lib\ext\dnsns.jar;C:\Program Files\Java\jdk1.8.0_191\jre\lib\ext\jaccess.jar;C:\Program Files\Java\jdk1.8.0_191\jre\lib\ext\jfxrt.jar;C:\Program Files\Java\jdk1.8.0_191\jre\lib\ext\localedata.jar;C:\Program Files\Java\jdk1.8.0_191\jre\lib\ext\nashorn.jar;C:\Program Files\Java\jdk1.8.0_191\jre\lib\ext\sunec.jar;C:\Program Files\Java\jdk1.8.0_191\jre\lib\ext\sunjce_provider.jar;C:\Program Files\Java\jdk1.8.0_191\jre\lib\ext\sunmscapi.jar;C:\Program Files\Java\jdk1.8.0_191\jre\lib\ext\sunpkcs11.jar;C:\Program Files\Java\jdk1.8.0_191\jre\lib\ext\zipfs.jar;C:\Program Files\Java\jdk1.8.0_191\jre\lib\javaws.jar;C:\Program Files\Java\jdk1.8.0_191\jre\lib\jce.jar;C:\Program Files\Java\jdk1.8.0_191\jre\lib\jfr.jar;C:\Program Files\Java\jdk1.8.0_191\jre\lib\jfxswt.jar;C:\Program Files\Java\jdk1.8.0_191\jre\lib\jsse.jar;C:\Program Files\Java\jdk1.8.0_191\jre\lib\management-agent.jar;C:\Program Files\Java\jdk1.8.0_191\jre\lib\plugin.jar;C:\Program Files\Java\jdk1.8.0_191\jre\lib\resources.jar;C:\Program Files\Java\jdk1.8.0_191\jre\lib\rt.jar;C:\Users\Pedro\Desktop\LC\out\production\Compilador;C:\Program Files\JetBrains\IntelliJ IDEA Community Edition 2018.2.6\lib\idea_rt.jar;C:\Users\Pedro\.IdeaIC2018.2\system\captureAgent\debugger-agent.jar
Launcher Type: SUN_STANDARD

Environment Variables:
PATH=C:\Program Files (x86)\Common Files\Oracle\Java\javapath;C:\WINDOWS\system32;C:\WINDOWS;C:\WINDOWS\System32\Wbem;C:\WINDOWS\System32\WindowsPowerShell\v1.0\;C:\WINDOWS\System32\OpenSSH\;C:\Program Files\dotnet\;C:\Program Files\Microsoft SQL Server\130\Tools\Binn\;C:\Program Files\Git\cmd;C:\Program Files (x86)\NVIDIA Corporation\PhysX\Common;C:\Program Files\NVIDIA Corporation\NVIDIA NvDLISR;C:\android-ndk-r19c;C:\Program Files\GLPK\glpk-4.65\w64\glpsol.exe;C:\MinGW\bin;C:\Users\Pedro\AppData\Local\Microsoft\WindowsApps;C:\Users\Pedro\AppData\Local\GitHubDesktop\bin;C:\Program Files\Java\jdk1.8.0_191\bin;C:\MinGW\bin;
USERNAME=Pedro
OS=Windows_NT
PROCESSOR_IDENTIFIER=AMD64 Family 21 Model 2 Stepping 0, AuthenticAMD



---------------  S Y S T E M  ---------------

OS: Windows 10.0 , 64 bit Build 17134 (10.0.17134.706)

CPU:total 6 (initial active 6) (6 cores per cpu, 1 threads per core) family 21 model 2 stepping 0, cmov, cx8, fxsr, mmx, sse, sse2, sse3, ssse3, sse4.1, sse4.2, popcnt, avx, aes, clmul, mmxext, 3dnowpref, lzcnt, sse4a, tsc, tscinvbit, tscinv, bmi1

Memory: 4k page, physical 8370292k(2417468k free), swap 22759876k(8864764k free)

vm_info: Java HotSpot(TM) 64-Bit Server VM (25.191-b12) for windows-amd64 JRE (1.8.0_191-b12), built on Oct  6 2018 09:29:03 by "java_re" with MS VC++ 10.0 (VS2010)

time: Mon Jun 10 01:02:46 2019
elapsed time: 558 seconds (0d 0h 9m 18s)

