#
# A fatal error has been detected by the Java Runtime Environment:
#
#  Internal Error (javaCalls.cpp:51), pid=18220, tid=0x00000000000004d4
#  guarantee(thread->is_Java_thread()) failed: crucial check - the VM thread cannot and must not escape to Java code
#
# JRE version: Java(TM) SE Runtime Environment (8.0_191-b12) (build 1.8.0_191-b12)
# Java VM: Java HotSpot(TM) 64-Bit Server VM (25.191-b12 mixed mode windows-amd64 compressed oops)
# Failed to write core dump. Minidumps are not enabled by default on client versions of Windows
#
# If you would like to submit a bug report, please visit:
#   http://bugreport.java.com/bugreport/crash.jsp
#

---------------  T H R E A D  ---------------

Current thread (0x00000000178e8000):  VMThread [stack: 0x0000000018fb0000,0x00000000190b0000] [id=1236]

Stack: [0x0000000018fb0000,0x00000000190b0000]
[error occurred during error reporting (printing stack bounds), id 0xc0000005]

Native frames: (J=compiled Java code, j=interpreted, Vv=VM code, C=native code)

VM_Operation (0x0000000019acf340): GetOrSetLocal, mode: safepoint, requested by thread 0x0000000017938800


---------------  P R O C E S S  ---------------

Java Threads: ( => current thread )
  0x000000001971f800 JavaThread "Service Thread" daemon [_thread_blocked, id=3396, stack(0x0000000019fd0000,0x000000001a0d0000)]
  0x0000000019693000 JavaThread "C1 CompilerThread2" daemon [_thread_blocked, id=19980, stack(0x0000000019ed0000,0x0000000019fd0000)]
  0x0000000019637000 JavaThread "C2 CompilerThread1" daemon [_thread_blocked, id=472, stack(0x0000000019dd0000,0x0000000019ed0000)]
  0x0000000019636000 JavaThread "C2 CompilerThread0" daemon [_thread_blocked, id=5788, stack(0x0000000019cd0000,0x0000000019dd0000)]
  0x00000000195d6800 JavaThread "JDWP Command Reader" daemon [_thread_in_native, id=15088, stack(0x0000000019bd0000,0x0000000019cd0000)]
  0x00000000195d5800 JavaThread "JDWP Event Helper Thread" daemon [_thread_blocked, id=16412, stack(0x0000000019ad0000,0x0000000019bd0000)]
  0x0000000017938800 JavaThread "JDWP Transport Listener: dt_socket" daemon [_thread_blocked, id=952, stack(0x00000000199d0000,0x0000000019ad0000)]
  0x000000001792c000 JavaThread "Attach Listener" daemon [_thread_blocked, id=13084, stack(0x00000000194d0000,0x00000000195d0000)]
  0x000000001792b000 JavaThread "Signal Dispatcher" daemon [_thread_blocked, id=6864, stack(0x00000000193d0000,0x00000000194d0000)]
  0x000000001790d800 JavaThread "Finalizer" daemon [_thread_blocked, id=8500, stack(0x00000000191b0000,0x00000000192b0000)]
  0x000000001790c000 JavaThread "Reference Handler" daemon [_thread_blocked, id=9660, stack(0x00000000190b0000,0x00000000191b0000)]
  0x00000000029c3800 JavaThread "main" [_thread_blocked, id=14808, stack(0x0000000002740000,0x0000000002840000)]

Other Threads:
=>0x00000000178e8000 VMThread [stack: 0x0000000018fb0000,0x00000000190b0000] [id=1236]
  0x00000000196a0000 WatcherThread [stack: 0x000000001a220000,0x000000001a320000] [id=17820]

VM state:at safepoint (normal execution)

VM Mutex/Monitor currently owned by a thread:  ([mutex/lock_event])
[0x00000000029c02d0] Threads_lock - owner thread: 0x00000000178e8000

Heap:
 PSYoungGen      total 38400K, used 4017K [0x00000000d5700000, 0x00000000d8180000, 0x0000000100000000)
  eden space 33280K, 12% used [0x00000000d5700000,0x00000000d5aec660,0x00000000d7780000)
  from space 5120K, 0% used [0x00000000d7c80000,0x00000000d7c80000,0x00000000d8180000)
  to   space 5120K, 0% used [0x00000000d7780000,0x00000000d7780000,0x00000000d7c80000)
 ParOldGen       total 87552K, used 0K [0x0000000080400000, 0x0000000085980000, 0x00000000d5700000)
  object space 87552K, 0% used [0x0000000080400000,0x0000000080400000,0x0000000085980000)
 Metaspace       used 4238K, capacity 5100K, committed 5376K, reserved 1056768K
  class space    used 445K, capacity 468K, committed 512K, reserved 1048576K

Card table byte_map: [0x0000000011e80000,0x0000000012280000] byte_map_base: 0x0000000011a7e000

Marking Bits: (ParMarkBitMap*) 0x0000000077193e30
 Begin Bits: [0x0000000012b30000, 0x0000000014b20000)
 End Bits:   [0x0000000014b20000, 0x0000000016b10000)

Polling page: 0x00000000026e0000

CodeCache: size=245760Kb used=1306Kb max_used=1310Kb free=244453Kb
 bounds [0x0000000002ac0000, 0x0000000002d30000, 0x0000000011ac0000]
 total_blobs=355 nmethods=110 adapters=167
 compilation: enabled

Compilation events (10 events):
Event: 2.772 Thread 0x0000000019636000  106       4       java.lang.CharacterData::of (120 bytes)
Event: 2.772 Thread 0x0000000019693000  107       3       java.nio.Buffer::position (43 bytes)
Event: 2.772 Thread 0x0000000019693000 nmethod 107 0x0000000002c048d0 code [0x0000000002c04a40, 0x0000000002c04d28]
Event: 2.772 Thread 0x0000000019636000 nmethod 106 0x0000000002c07a90 code [0x0000000002c07bc0, 0x0000000002c07c38]
Event: 235.146 Thread 0x0000000019693000  108       3       java.lang.String::indexOf (25 bytes)
Event: 235.146 Thread 0x0000000019693000 nmethod 108 0x0000000002c07650 code [0x0000000002c077c0, 0x0000000002c07988]
Event: 235.146 Thread 0x0000000019693000  109       3       java.io.WinNTFileSystem::prefixLength (91 bytes)
Event: 235.148 Thread 0x0000000019693000 nmethod 109 0x0000000002c06350 code [0x0000000002c06560, 0x0000000002c07108]
Event: 235.148 Thread 0x0000000019693000  110       3       java.nio.DirectLongBufferU::ix (10 bytes)
Event: 235.148 Thread 0x0000000019693000 nmethod 110 0x0000000002c06010 code [0x0000000002c06160, 0x0000000002c062d0]

GC Heap History (0 events):
No events

Deoptimization events (0 events):
No events

Classes redefined (10 events):
Event: 5332.944 Thread 0x00000000178e8000 redefined class name=AnalisadorLexico, count=5
Event: 5353.778 Thread 0x00000000178e8000 redefined class name=AnalisadorLexico, count=6
Event: 5409.627 Thread 0x00000000178e8000 redefined class name=AnalisadorLexico, count=7
Event: 5506.366 Thread 0x00000000178e8000 redefined class name=AnalisadorLexico, count=8
Event: 5506.366 Thread 0x00000000178e8000 redefined class name=AnalisadorSintatico, count=8
Event: 5582.395 Thread 0x00000000178e8000 redefined class name=AnalisadorLexico, count=9
Event: 5582.395 Thread 0x00000000178e8000 redefined class name=AnalisadorSintatico, count=9
Event: 9449.663 Thread 0x00000000178e8000 redefined class name=AnalisadorLexico, count=10
Event: 9550.803 Thread 0x00000000178e8000 redefined class name=AnalisadorLexico, count=11
Event: 10456.705 Thread 0x00000000178e8000 redefined class name=AnalisadorLexico, count=12

Internal exceptions (7 events):
Event: 0.047 Thread 0x00000000029c3800 Exception <a 'java/lang/NoSuchMethodError': Method sun.misc.Unsafe.defineClass(Ljava/lang/String;[BII)Ljava/lang/Class; name or signature does not match> (0x00000000d5707cb0) thrown at [C:\re\workspace\8-2-build-windows-amd64-cygwin\jdk8u191\11896\hotspot
Event: 0.047 Thread 0x00000000029c3800 Exception <a 'java/lang/NoSuchMethodError': Method sun.misc.Unsafe.prefetchRead(Ljava/lang/Object;J)V name or signature does not match> (0x00000000d5707f98) thrown at [C:\re\workspace\8-2-build-windows-amd64-cygwin\jdk8u191\11896\hotspot\src\share\vm\prim
Event: 0.204 Thread 0x00000000029c3800 Exception <a 'java/io/FileNotFoundException'> (0x00000000d5953fd0) thrown at [C:\re\workspace\8-2-build-windows-amd64-cygwin\jdk8u191\11896\hotspot\src\share\vm\prims\jni.cpp, line 709]
Event: 0.243 Thread 0x00000000029c3800 Exception <a 'java/security/PrivilegedActionException'> (0x00000000d5a61180) thrown at [C:\re\workspace\8-2-build-windows-amd64-cygwin\jdk8u191\11896\hotspot\src\share\vm\prims\jvm.cpp, line 1435]
Event: 0.243 Thread 0x00000000029c3800 Exception <a 'java/security/PrivilegedActionException'> (0x00000000d5a61578) thrown at [C:\re\workspace\8-2-build-windows-amd64-cygwin\jdk8u191\11896\hotspot\src\share\vm\prims\jvm.cpp, line 1435]
Event: 0.245 Thread 0x00000000029c3800 Exception <a 'java/security/PrivilegedActionException'> (0x00000000d5a65670) thrown at [C:\re\workspace\8-2-build-windows-amd64-cygwin\jdk8u191\11896\hotspot\src\share\vm\prims\jvm.cpp, line 1435]
Event: 0.245 Thread 0x00000000029c3800 Exception <a 'java/security/PrivilegedActionException'> (0x00000000d5a65a68) thrown at [C:\re\workspace\8-2-build-windows-amd64-cygwin\jdk8u191\11896\hotspot\src\share\vm\prims\jvm.cpp, line 1435]

Events (10 events):
Event: 10456.705 Executing VM operation: GetOrSetLocal done
Event: 10456.747 Executing VM operation: ChangeBreakpoints
Event: 10456.747 Executing VM operation: ChangeBreakpoints done
Event: 10456.775 Executing VM operation: ChangeBreakpoints
Event: 10456.775 Executing VM operation: ChangeBreakpoints done
Event: 10456.781 Executing VM operation: ChangeBreakpoints
Event: 10456.782 Executing VM operation: ChangeBreakpoints done
Event: 10456.783 Executing VM operation: GetOrSetLocal
Event: 10456.784 Executing VM operation: GetOrSetLocal done
Event: 10456.786 Executing VM operation: GetOrSetLocal


Dynamic libraries:
0x00007ff78a1c0000 - 0x00007ff78a1f7000 	C:\Program Files\Java\jdk1.8.0_191\bin\java.exe
0x00007ff93a350000 - 0x00007ff93a531000 	C:\WINDOWS\SYSTEM32\ntdll.dll
0x00007ff939cd0000 - 0x00007ff939d81000 	C:\WINDOWS\System32\KERNEL32.DLL
0x00007ff936720000 - 0x00007ff936993000 	C:\WINDOWS\System32\KERNELBASE.dll
0x00007ff939c20000 - 0x00007ff939cc1000 	C:\WINDOWS\System32\ADVAPI32.dll
0x00007ff939ee0000 - 0x00007ff939f7e000 	C:\WINDOWS\System32\msvcrt.dll
0x00007ff9379b0000 - 0x00007ff937a0b000 	C:\WINDOWS\System32\sechost.dll
0x00007ff939db0000 - 0x00007ff939ed4000 	C:\WINDOWS\System32\RPCRT4.dll
0x00007ff939a00000 - 0x00007ff939b90000 	C:\WINDOWS\System32\USER32.dll
0x00007ff937740000 - 0x00007ff937760000 	C:\WINDOWS\System32\win32u.dll
0x00007ff939b90000 - 0x00007ff939bb8000 	C:\WINDOWS\System32\GDI32.dll
0x00007ff936a50000 - 0x00007ff936be2000 	C:\WINDOWS\System32\gdi32full.dll
0x00007ff936c40000 - 0x00007ff936cdf000 	C:\WINDOWS\System32\msvcp_win.dll
0x00007ff936ce0000 - 0x00007ff936dd8000 	C:\WINDOWS\System32\ucrtbase.dll
0x00007ff92c5c0000 - 0x00007ff92c829000 	C:\WINDOWS\WinSxS\amd64_microsoft.windows.common-controls_6595b64144ccf1df_6.0.17134.706_none_fb43a2cb30647007\COMCTL32.dll
0x00007ff939f80000 - 0x00007ff93a2a2000 	C:\WINDOWS\System32\combase.dll
0x00007ff937760000 - 0x00007ff9377da000 	C:\WINDOWS\System32\bcryptPrimitives.dll
0x00007ff9377e0000 - 0x00007ff93780d000 	C:\WINDOWS\System32\IMM32.DLL
0x0000000050300000 - 0x00000000503d2000 	C:\Program Files\Java\jdk1.8.0_191\jre\bin\msvcr100.dll
0x0000000076970000 - 0x0000000077214000 	C:\Program Files\Java\jdk1.8.0_191\jre\bin\server\jvm.dll
0x00007ff937a20000 - 0x00007ff937a28000 	C:\WINDOWS\System32\PSAPI.DLL
0x00007ff933fd0000 - 0x00007ff933ff3000 	C:\WINDOWS\SYSTEM32\WINMM.dll
0x00007ff9330e0000 - 0x00007ff9330e9000 	C:\WINDOWS\SYSTEM32\WSOCK32.dll
0x00007ff93a2b0000 - 0x00007ff93a31c000 	C:\WINDOWS\System32\WS2_32.dll
0x00007ff932c20000 - 0x00007ff932c2a000 	C:\WINDOWS\SYSTEM32\VERSION.dll
0x00007ff933580000 - 0x00007ff9335aa000 	C:\WINDOWS\SYSTEM32\WINMMBASE.dll
0x00007ff936bf0000 - 0x00007ff936c39000 	C:\WINDOWS\System32\cfgmgr32.dll
0x0000000050e60000 - 0x0000000050e6f000 	C:\Program Files\Java\jdk1.8.0_191\jre\bin\verify.dll
0x0000000050e30000 - 0x0000000050e59000 	C:\Program Files\Java\jdk1.8.0_191\jre\bin\java.dll
0x0000000050240000 - 0x0000000050275000 	C:\Program Files\Java\jdk1.8.0_191\jre\bin\jdwp.dll
0x0000000050dc0000 - 0x0000000050dc8000 	C:\Program Files\Java\jdk1.8.0_191\jre\bin\npt.dll
0x0000000050210000 - 0x0000000050233000 	C:\Program Files\Java\jdk1.8.0_191\jre\bin\instrument.dll
0x0000000050e10000 - 0x0000000050e26000 	C:\Program Files\Java\jdk1.8.0_191\jre\bin\zip.dll
0x00007ff9380a0000 - 0x00007ff9394e0000 	C:\WINDOWS\System32\SHELL32.dll
0x00007ff939640000 - 0x00007ff9396e9000 	C:\WINDOWS\System32\shcore.dll
0x00007ff937030000 - 0x00007ff93773d000 	C:\WINDOWS\System32\windows.storage.dll
0x00007ff937a30000 - 0x00007ff937a81000 	C:\WINDOWS\System32\shlwapi.dll
0x00007ff936690000 - 0x00007ff9366a1000 	C:\WINDOWS\System32\kernel.appcore.dll
0x00007ff936670000 - 0x00007ff93668f000 	C:\WINDOWS\System32\profapi.dll
0x00007ff9366b0000 - 0x00007ff9366fc000 	C:\WINDOWS\System32\powrprof.dll
0x00007ff936660000 - 0x00007ff93666a000 	C:\WINDOWS\System32\FLTLIB.DLL
0x0000000050db0000 - 0x0000000050db9000 	C:\Program Files\Java\jdk1.8.0_191\jre\bin\dt_socket.dll
0x00007ff935ee0000 - 0x00007ff935f46000 	C:\WINDOWS\system32\mswsock.dll

VM Arguments:
jvm_args: -agentlib:jdwp=transport=dt_socket,address=127.0.0.1:62557,suspend=y,server=n -javaagent:C:\Users\Pedro\.IdeaIC2018.2\system\captureAgent\debugger-agent.jar=file:/C:/Users/Pedro/AppData/Local/Temp/capture.props -Dfile.encoding=UTF-8 
java_command: Main
java_class_path (initial): C:\Program Files\Java\jdk1.8.0_191\jre\lib\charsets.jar;C:\Program Files\Java\jdk1.8.0_191\jre\lib\deploy.jar;C:\Program Files\Java\jdk1.8.0_191\jre\lib\ext\access-bridge-64.jar;C:\Program Files\Java\jdk1.8.0_191\jre\lib\ext\cldrdata.jar;C:\Program Files\Java\jdk1.8.0_191\jre\lib\ext\dnsns.jar;C:\Program Files\Java\jdk1.8.0_191\jre\lib\ext\jaccess.jar;C:\Program Files\Java\jdk1.8.0_191\jre\lib\ext\jfxrt.jar;C:\Program Files\Java\jdk1.8.0_191\jre\lib\ext\localedata.jar;C:\Program Files\Java\jdk1.8.0_191\jre\lib\ext\nashorn.jar;C:\Program Files\Java\jdk1.8.0_191\jre\lib\ext\sunec.jar;C:\Program Files\Java\jdk1.8.0_191\jre\lib\ext\sunjce_provider.jar;C:\Program Files\Java\jdk1.8.0_191\jre\lib\ext\sunmscapi.jar;C:\Program Files\Java\jdk1.8.0_191\jre\lib\ext\sunpkcs11.jar;C:\Program Files\Java\jdk1.8.0_191\jre\lib\ext\zipfs.jar;C:\Program Files\Java\jdk1.8.0_191\jre\lib\javaws.jar;C:\Program Files\Java\jdk1.8.0_191\jre\lib\jce.jar;C:\Program Files\Java\jdk1.8.0_191\jre\lib\jfr.jar;C:\Program Files\Java\jdk1.8.0_191\jre\lib\jfxswt.jar;C:\Program Files\Java\jdk1.8.0_191\jre\lib\jsse.jar;C:\Program Files\Java\jdk1.8.0_191\jre\lib\management-agent.jar;C:\Program Files\Java\jdk1.8.0_191\jre\lib\plugin.jar;C:\Program Files\Java\jdk1.8.0_191\jre\lib\resources.jar;C:\Program Files\Java\jdk1.8.0_191\jre\lib\rt.jar;C:\Users\Pedro\Desktop\Compilador\out\production\Compilador;C:\Program Files\JetBrains\IntelliJ IDEA Community Edition 2018.2.6\lib\idea_rt.jar;C:\Users\Pedro\.IdeaIC2018.2\system\captureAgent\debugger-agent.jar
Launcher Type: SUN_STANDARD

Environment Variables:
PATH=C:\Program Files (x86)\Common Files\Oracle\Java\javapath;C:\WINDOWS\system32;C:\WINDOWS;C:\WINDOWS\System32\Wbem;C:\WINDOWS\System32\WindowsPowerShell\v1.0\;C:\WINDOWS\System32\OpenSSH\;C:\Program Files\dotnet\;C:\Program Files\Microsoft SQL Server\130\Tools\Binn\;C:\Program Files\Git\cmd;C:\Program Files (x86)\NVIDIA Corporation\PhysX\Common;C:\Program Files\NVIDIA Corporation\NVIDIA NvDLISR;C:\android-ndk-r19c;C:\Program Files\GLPK\glpk-4.65\w64\glpsol.exe;C:\MinGW\bin;C:\Users\Pedro\AppData\Local\Microsoft\WindowsApps;C:\Users\Pedro\AppData\Local\GitHubDesktop\bin;C:\Program Files\Java\jdk1.8.0_191\bin;C:\MinGW\bin;
USERNAME=Pedro
OS=Windows_NT
PROCESSOR_IDENTIFIER=AMD64 Family 21 Model 2 Stepping 0, AuthenticAMD



---------------  S Y S T E M  ---------------

OS: Windows 10.0 , 64 bit Build 17134 (10.0.17134.706)

CPU:total 6 (initial active 6) (6 cores per cpu, 1 threads per core) family 21 model 2 stepping 0, cmov, cx8, fxsr, mmx, sse, sse2, sse3, ssse3, sse4.1, sse4.2, popcnt, avx, aes, clmul, mmxext, 3dnowpref, lzcnt, sse4a, tsc, tscinvbit, tscinv, bmi1

Memory: 4k page, physical 8370292k(3684376k free), swap 15186036k(3789368k free)

vm_info: Java HotSpot(TM) 64-Bit Server VM (25.191-b12) for windows-amd64 JRE (1.8.0_191-b12), built on Oct  6 2018 09:29:03 by "java_re" with MS VC++ 10.0 (VS2010)

time: Mon Jun 03 22:44:22 2019
elapsed time: 10456 seconds (0d 2h 54m 16s)

